2021-08-06 10:13:45 [main] INFO  c.m.t.t.k.s.TwitterToKafkaServiceApplication - Starting TwitterToKafkaServiceApplication using Java 11.0.12 on MBP-de-Yassire with PID 7445 (/Users/yassire/Documents/workspace/multi-view/microservices-demo/twitter-to-kafka-service/target/classes started by yassire in /Users/yassire/Documents/workspace/multi-view/microservices-demo/twitter-to-kafka-service)
2021-08-06 10:13:45 [main] INFO  c.m.t.t.k.s.TwitterToKafkaServiceApplication - No active profile set, falling back to default profiles: default
2021-08-06 10:13:45 [main] INFO  c.m.t.t.k.s.TwitterToKafkaServiceApplication - Started TwitterToKafkaServiceApplication in 1.48 seconds (JVM running for 2.367)
2021-08-06 10:13:45 [main] INFO  c.m.t.t.k.s.TwitterToKafkaServiceApplication - Application starts ...
2021-08-06 10:13:45 [main] INFO  c.m.t.t.k.s.TwitterToKafkaServiceApplication - [Java, Microservices, Spring, Kafka, Elasticsearch]
2021-08-06 10:13:45 [main] INFO  c.m.t.t.k.s.TwitterToKafkaServiceApplication - Hi Yassire
2021-08-06 10:13:46 [Twitter Stream consumer /  [1][initializing]] INFO  twitter4j.TwitterStreamImpl - Establishing connection.
2021-08-06 10:13:46 [main] INFO  c.m.t.t.k.s.r.i.TwitterKafkaStreamRunner - Started filtering twitter stream from keywords [Java, Microservices, Spring, Kafka, Elasticsearch]
2021-08-06 10:13:47 [Twitter Stream consumer /  [1][Establishing connection]] INFO  twitter4j.TwitterStreamImpl - Connection established.
2021-08-06 10:13:47 [Twitter Stream consumer /  [1][Establishing connection]] INFO  twitter4j.TwitterStreamImpl - Receiving status stream.
2021-08-06 10:13:47 [Twitter4J Async Dispatcher[0]] INFO  c.m.t.t.k.s.l.TwitterKafkaStatusListener - Twitter status with text you are my spring is good as hell
2021-08-06 10:13:47 [Twitter4J Async Dispatcher[0]] INFO  c.m.t.t.k.s.l.TwitterKafkaStatusListener - Twitter status with text RT @Ou_Prg: Good afternoon from Prague. 
Amazing Friday.
I took photos yesterday. Here is warm weather. #happytime 
#spring #naturlovers #B…
2021-08-06 10:13:47 [Twitter4J Async Dispatcher[0]] INFO  c.m.t.t.k.s.l.TwitterKafkaStatusListener - Twitter status with text @123kdm_dp てことは、Java版も新たに買わないとMOD入れれないって事ですか？
2021-08-06 10:13:47 [Twitter4J Async Dispatcher[0]] INFO  c.m.t.t.k.s.l.TwitterKafkaStatusListener - Twitter status with text スッキリわかるJava入門 第3版 スッキリわかるシリーズ Kindle版 おすすめ プログラミング 初心者 入門  https://t.co/W1jljGiaeW
2021-08-06 10:13:49 [Twitter4J Async Dispatcher[0]] INFO  c.m.t.t.k.s.l.TwitterKafkaStatusListener - Twitter status with text Javaをする

※BotによるTweetです
2021-08-06 10:13:52 [Twitter4J Async Dispatcher[0]] INFO  c.m.t.t.k.s.l.TwitterKafkaStatusListener - Twitter status with text RT @PAINKILLER_ATLR: Khun Mew @MSuppasit in PAINKILLER Atelier Spring/Summer2021 total-look 🤎🤍🧡 #MewSuppasit #pkss21LiveRideLove #PAINKILLE…
2021-08-06 10:13:53 [Twitter4J Async Dispatcher[0]] INFO  c.m.t.t.k.s.l.TwitterKafkaStatusListener - Twitter status with text RT @BorjiRamin: @Z_u_l_u_i_n_k Hello. Plz Check Out my nft drop on @withFND.🙏🏻🌱
.
https://t.co/XlnBG3SLbK
2021-08-06 10:13:54 [Twitter4J Async Dispatcher[0]] INFO  c.m.t.t.k.s.l.TwitterKafkaStatusListener - Twitter status with text RT @Ou_Prg: Lovely Sunday to you all. 
Coffee ?
#SundayMotivation #Prague #spring https://t.co/XaKPDoBdh9
2021-08-06 10:13:56 [Twitter4J Async Dispatcher[0]] INFO  c.m.t.t.k.s.l.TwitterKafkaStatusListener - Twitter status with text At 6 August, afte the six months of coup, the Myanmar Spring Revolution has not diminished at all.

SUPPORT NUG

#Aug6Coup 
#WhatsHappeningInMyanmar https://t.co/GBFcnXtQlt
2021-08-06 10:13:56 [Twitter4J Async Dispatcher[0]] INFO  c.m.t.t.k.s.l.TwitterKafkaStatusListener - Twitter status with text RT @httpmayav: I’m going to be the VP of Ritmo (NYU’s FIRST Latin dance club) for this school year! Follow our IG @ ritmo.nyu for updates.…
2021-08-06 10:13:58 [Twitter4J Async Dispatcher[0]] INFO  c.m.t.t.k.s.l.TwitterKafkaStatusListener - Twitter status with text My wife my love 💓
جوئے سرود آفریں آتی ہے کوہسار سے 
پی کے شراب لالہ گوں مے کدئہ بہار سے
The melodious Brook is coming down from the mountain 
After drinking 🍸the wine from tavern spring 

Banoooo every beauty has a reflection of yours https://t.co/anOcuE6eYS
2021-08-06 10:14:02 [Twitter4J Async Dispatcher[0]] INFO  c.m.t.t.k.s.l.TwitterKafkaStatusListener - Twitter status with text At 6 August, afte the six months of coup, the Myanmar Spring Revolution has not diminished at all.

SUPPORT NUG

#Aug6Coup 
#WhatsHappeningInMyanmar https://t.co/yMeeQeGnHM
2021-08-06 10:14:05 [Twitter4J Async Dispatcher[0]] INFO  c.m.t.t.k.s.l.TwitterKafkaStatusListener - Twitter status with text RT @klatpri: The monks' Union in Mandalay recited Paritta on the afternoon of August 6 for the freedom of  Myanmar people from dictatorship…
2021-08-06 10:14:05 [Twitter4J Async Dispatcher[0]] INFO  c.m.t.t.k.s.l.TwitterKafkaStatusListener - Twitter status with text @tinkeuril Itu maksudnya spring ga punya otak?
2021-08-06 10:14:05 [Twitter4J Async Dispatcher[0]] INFO  c.m.t.t.k.s.l.TwitterKafkaStatusListener - Twitter status with text อะ พอใจกันรึยัง
2021-08-06 10:14:06 [Twitter4J Async Dispatcher[0]] INFO  c.m.t.t.k.s.l.TwitterKafkaStatusListener - Twitter status with text At 6 August, afte the six months of coup, the Myanmar Spring Revolution has not diminished at all.

SUPPORT NUG

#Aug6Coup 
#WhatsHappeningInMyanmar https://t.co/PrFaEJV98P
2021-08-06 10:14:07 [Twitter4J Async Dispatcher[0]] INFO  c.m.t.t.k.s.l.TwitterKafkaStatusListener - Twitter status with text 佐々木莉佳子(アンジュルム)「ハロプロビジュアルフォトブック2021 SPRING」パート3・4セット　L判 2枚　［0806-1025］ (ショップ通販) https://t.co/WXbwR14quh #helloproject #ハロプロ https://t.co/e2BG4hjalC
2021-08-06 10:14:07 [Twitter4J Async Dispatcher[0]] INFO  c.m.t.t.k.s.l.TwitterKafkaStatusListener - Twitter status with text Tom Waits - "You Can Never Hold Back Spring" https://t.co/x1F18nX2YL via @YouTube
2021-08-06 10:14:07 [Twitter4J Async Dispatcher[0]] INFO  c.m.t.t.k.s.l.TwitterKafkaStatusListener - Twitter status with text ランキング:9位「Amazonパントリー」(18:14)

キッチン泡ハイター つめかえ用 400ml

価格:￥173
レビュー数:1,024
https://t.co/rvHiLqorSl
2021-08-06 10:14:09 [Twitter4J Async Dispatcher[0]] INFO  c.m.t.t.k.s.l.TwitterKafkaStatusListener - Twitter status with text RT @h_a_n_a_h_: 今夜20時頃短く弾き語りテスト配信します
よかったら！

https://t.co/RenyKObd46 Hanah Spring(@c:oceanoceanmusic)さんのキャス
2021-08-06 10:14:09 [Twitter4J Async Dispatcher[0]] INFO  c.m.t.t.k.s.l.TwitterKafkaStatusListener - Twitter status with text RT @idimeswaee_: DaBaby will no longer be performing at the Spring Bling Festival. Freestyle Unity are said to replace DaBaby performing at…
2021-08-06 10:14:10 [Twitter4J Async Dispatcher[0]] INFO  c.m.t.t.k.s.l.TwitterKafkaStatusListener - Twitter status with text RT @SoundOrion0310: 『Spring☆ふぇすた2021〜Happiness 4 you〜』
『サンドリオン春の運動会』まであと2日！🍊🏄‍♀️🧡

チケット⤵︎
Yahoo!チケット
・サンドリオン 春の運動会　URL： https://t.co/DoaNf4…
2021-08-06 10:14:10 [Twitter4J Async Dispatcher[0]] INFO  c.m.t.t.k.s.l.TwitterKafkaStatusListener - Twitter status with text RT @mandystadt: @AngelaVolkov @somuchtofix @TaniaAMarshall Urchin-core is one of 5 must-have looks this spring your favorite movie stars an…
2021-08-06 10:14:11 [Twitter4J Async Dispatcher[0]] INFO  c.m.t.t.k.s.l.TwitterKafkaStatusListener - Twitter status with text RT @supop_bts: yoongi’s ‘spring day’ rendition  https://t.co/GJhzejOE6O
2021-08-06 10:14:11 [Twitter4J Async Dispatcher[0]] INFO  c.m.t.t.k.s.l.TwitterKafkaStatusListener - Twitter status with text PC Minecraft マインクラフト JAVA版 認証コードのみ を Amazon でチェック！ https://t.co/GodzyEZJSI
2021-08-06 10:14:12 [Twitter4J Async Dispatcher[0]] INFO  c.m.t.t.k.s.l.TwitterKafkaStatusListener - Twitter status with text RT @moonhubph: ❗MHPH 4K GIVEAWAY❗

💫 mbf @moonhubph
💫 rt & like
💫 tag a friend

ENDS at Aug 10, 5PM.

Prize: Spring Day inspired necklace &…
2021-08-06 10:14:16 [Twitter4J Async Dispatcher[0]] INFO  c.m.t.t.k.s.l.TwitterKafkaStatusListener - Twitter status with text Spring and things
2021-08-06 10:14:16 [Twitter4J Async Dispatcher[0]] INFO  c.m.t.t.k.s.l.TwitterKafkaStatusListener - Twitter status with text RT @LouiseHardiman: Catching up this morning with Margaret Samu’s fascinating article for #ArtBulletin @caavisual, published spring 2021: “…
2021-08-06 10:14:20 [Twitter4J Async Dispatcher[0]] INFO  c.m.t.t.k.s.l.TwitterKafkaStatusListener - Twitter status with text RT @SoundOrion0310: 『Spring☆ふぇすた2021〜Happiness 4 you〜』
『サンドリオン春の運動会』まであと2日！🍊🏄‍♀️🧡

チケット⤵︎
Yahoo!チケット
・サンドリオン 春の運動会　URL： https://t.co/DoaNf4…
2021-08-06 10:14:20 [Twitter4J Async Dispatcher[0]] INFO  c.m.t.t.k.s.l.TwitterKafkaStatusListener - Twitter status with text RT @wink_support: Sisa dana dari donasi 'A Blue Spring from Afar' sudah di transfer ke @parkjihoon_strm sebagai album support untuk comebac…
2021-08-06 10:14:21 [Twitter4J Async Dispatcher[0]] INFO  c.m.t.t.k.s.l.TwitterKafkaStatusListener - Twitter status with text 【定期ツイート】初投稿でｇｄｇｄですがよかったら見てください<m(__)m>
[モアティ]ダンス未経験者がspring showerを踊ってみた[初投稿] (3:44) https://t.co/tqF3XBezC8 #sm23355981
2021-08-06 10:14:21 [Twitter4J Async Dispatcher[0]] INFO  c.m.t.t.k.s.l.TwitterKafkaStatusListener - Twitter status with text #WhatsHappeningInMyanmar https://t.co/PG400OKjp9
2021-08-06 10:14:21 [Twitter4J Async Dispatcher[0]] INFO  c.m.t.t.k.s.l.TwitterKafkaStatusListener - Twitter status with text RT @HiThatsChelsea: in-home spring water delivery, packaged in glass, is one of my favorite luxuries. https://t.co/OALI8YTj10
2021-08-06 10:14:21 [Twitter4J Async Dispatcher[0]] INFO  c.m.t.t.k.s.l.TwitterKafkaStatusListener - Twitter status with text Al Cohn␣-␣Suddenly It's Spring
2021-08-06 10:14:22 [Twitter4J Async Dispatcher[0]] INFO  c.m.t.t.k.s.l.TwitterKafkaStatusListener - Twitter status with text RT @FahbYen: Slept with no pants on last night! Spring, is that you🌞🌸
2021-08-06 10:14:23 [Twitter4J Async Dispatcher[0]] INFO  c.m.t.t.k.s.l.TwitterKafkaStatusListener - Twitter status with text oh iya, masih inget kan aku sempet bilang mau bikin sesuatu yang spesial di Java Jazz tahun ini?
2021-08-06 10:14:24 [Twitter4J Async Dispatcher[0]] INFO  c.m.t.t.k.s.l.TwitterKafkaStatusListener - Twitter status with text @onlukitap Kafka ne zor bir his bu pek çok şeyin farklı olmasını istemek
2021-08-06 10:14:24 [Twitter4J Async Dispatcher[0]] INFO  c.m.t.t.k.s.l.TwitterKafkaStatusListener - Twitter status with text RT @ShibaniMahtani: "I met up with four former Burmese diplomats who had turned against their ambassador after the coup... At a coffee shop…
2021-08-06 10:14:25 [Twitter4J Async Dispatcher[0]] INFO  c.m.t.t.k.s.l.TwitterKafkaStatusListener - Twitter status with text At 6 August, afte the six months of coup, the Myanmar Spring Revolution has not diminished at all.

SUPPORT NUG

#Aug6Coup 
#WhatsHappeningInMyanmar https://t.co/Cv06a6ytqL
2021-08-06 10:14:25 [Twitter4J Async Dispatcher[0]] INFO  c.m.t.t.k.s.l.TwitterKafkaStatusListener - Twitter status with text @kpopxkdramas devil judge, you are my spring and hospital playlist 💙
2021-08-06 10:14:26 [Twitter4J Async Dispatcher[0]] INFO  c.m.t.t.k.s.l.TwitterKafkaStatusListener - Twitter status with text RT @Sireeee_: [Scene: Hot spring scene, MR finally meeting CWN again after 5 years]

Sksksksk they didn’t include the explicit parts 👀😂

🐶:…
2021-08-06 10:14:27 [SpringApplicationShutdownHook] INFO  c.m.t.t.k.s.r.i.TwitterKafkaStreamRunner - twitterStream is not null: shutting down
2021-08-06 10:15:04 [main] INFO  c.m.t.t.k.s.TwitterToKafkaServiceApplication - Starting TwitterToKafkaServiceApplication using Java 11.0.12 on MBP-de-Yassire with PID 7616 (/Users/yassire/Documents/workspace/multi-view/microservices-demo/twitter-to-kafka-service/target/classes started by yassire in /Users/yassire/Documents/workspace/multi-view/microservices-demo/twitter-to-kafka-service)
2021-08-06 10:15:04 [main] INFO  c.m.t.t.k.s.TwitterToKafkaServiceApplication - No active profile set, falling back to default profiles: default
2021-08-06 10:15:05 [main] WARN  o.s.c.a.AnnotationConfigApplicationContext - Exception encountered during context initialization - cancelling refresh attempt: org.springframework.beans.factory.UnsatisfiedDependencyException: Error creating bean with name 'twitterToKafkaServiceApplication': Unsatisfied dependency expressed through constructor parameter 1; nested exception is org.springframework.beans.factory.NoUniqueBeanDefinitionException: No qualifying bean of type 'StreamRunner' available: expected single matching bean but found 2: twitterKafkaStreamRunner,twitterKafkaStreamRunner2
2021-08-06 10:15:05 [main] INFO  o.s.b.a.l.ConditionEvaluationReportLoggingListener - 

Error starting ApplicationContext. To display the conditions report re-run your application with 'debug' enabled.
2021-08-06 10:15:05 [main] ERROR o.s.b.d.LoggingFailureAnalysisReporter - 

***************************
APPLICATION FAILED TO START
***************************

Description:

Parameter 1 of constructor in TwitterToKafkaServiceApplication required a single bean, but 2 were found:
	- twitterKafkaStreamRunner: defined in file [/Users/yassire/Documents/workspace/multi-view/microservices-demo/twitter-to-kafka-service/target/classes/com/microservices/twitter/to/kafka/service/runner/impl/TwitterKafkaStreamRunner.class]
	- twitterKafkaStreamRunner2: defined in file [/Users/yassire/Documents/workspace/multi-view/microservices-demo/twitter-to-kafka-service/target/classes/com/microservices/twitter/to/kafka/service/runner/impl/TwitterKafkaStreamRunner2.class]


Action:

Consider marking one of the beans as @Primary, updating the consumer to accept multiple beans, or using @Qualifier to identify the bean that should be consumed

2021-08-06 10:15:47 [main] INFO  c.m.t.t.k.s.TwitterToKafkaServiceApplication - Starting TwitterToKafkaServiceApplication using Java 11.0.12 on MBP-de-Yassire with PID 7670 (/Users/yassire/Documents/workspace/multi-view/microservices-demo/twitter-to-kafka-service/target/classes started by yassire in /Users/yassire/Documents/workspace/multi-view/microservices-demo/twitter-to-kafka-service)
2021-08-06 10:15:47 [main] INFO  c.m.t.t.k.s.TwitterToKafkaServiceApplication - No active profile set, falling back to default profiles: default
2021-08-06 10:15:47 [main] INFO  c.m.t.t.k.s.TwitterToKafkaServiceApplication - Started TwitterToKafkaServiceApplication in 1.342 seconds (JVM running for 2.162)
2021-08-06 10:15:47 [main] INFO  c.m.t.t.k.s.TwitterToKafkaServiceApplication - Application starts ...
2021-08-06 10:15:47 [main] INFO  c.m.t.t.k.s.TwitterToKafkaServiceApplication - [Java, Microservices, Spring, Kafka, Elasticsearch]
2021-08-06 10:15:47 [main] INFO  c.m.t.t.k.s.TwitterToKafkaServiceApplication - Hi Yassire
2021-08-06 10:15:47 [Twitter Stream consumer /  [1][initializing]] INFO  twitter4j.TwitterStreamImpl - Establishing connection.
2021-08-06 10:15:47 [main] INFO  c.m.t.t.k.s.r.i.TwitterKafkaStreamRunner - Started filtering twitter stream from keywords [Java, Microservices, Spring, Kafka, Elasticsearch]
2021-08-06 10:15:50 [Twitter Stream consumer /  [1][Establishing connection]] INFO  twitter4j.TwitterStreamImpl - Connection established.
2021-08-06 10:15:50 [Twitter Stream consumer /  [1][Establishing connection]] INFO  twitter4j.TwitterStreamImpl - Receiving status stream.
2021-08-06 10:15:50 [Twitter4J Async Dispatcher[0]] INFO  c.m.t.t.k.s.l.TwitterKafkaStatusListener - Twitter status with text RT @_OmoniOla: Laycon @itsLaycon ,Your healing shall spring forth speedily, may God ease you of any discomfort in your health. Your health…
2021-08-06 10:15:50 [Twitter4J Async Dispatcher[0]] INFO  c.m.t.t.k.s.l.TwitterKafkaStatusListener - Twitter status with text At 6 August, afte the six months of coup, the Myanmar Spring Revolution has not diminished at all.

SUPPORT NUG

#Aug6Coup 
#WhatsHappeningInMyanmar https://t.co/wzgH5PJuXH
2021-08-06 10:15:52 [Twitter4J Async Dispatcher[0]] INFO  c.m.t.t.k.s.l.TwitterKafkaStatusListener - Twitter status with text RT @idimeswaee_: DaBaby will no longer be performing at the Spring Bling Festival. Freestyle Unity are said to replace DaBaby performing at…
2021-08-06 10:15:53 [Twitter4J Async Dispatcher[0]] INFO  c.m.t.t.k.s.l.TwitterKafkaStatusListener - Twitter status with text @ShutMyBigMouth @TheHardShoulder @JMcGuinnessTD @Ross_Shane1 @DublinDiocese @StephanieBRegan @barbarascully @barrykenny @john_mcguirk @LarryPDonnelly @NewstalkFM This pic is ridiculous. It leaves out his handling of the Arab Spring! The genius funded both sides and who could forget the red line speech that killed the democratic movement overnight!
2021-08-06 10:15:55 [Twitter4J Async Dispatcher[0]] INFO  c.m.t.t.k.s.l.TwitterKafkaStatusListener - Twitter status with text 川名凜(アンジュルム)「ハロプロビジュアルフォトブック2021 SPRING」パート3・4セット　L判 2枚　［0806-1025］ (ショップ通販) https://t.co/3a8RtqsuRD #helloproject #ハロプロ https://t.co/00ELCocM3O
2021-08-06 10:15:57 [Twitter4J Async Dispatcher[0]] INFO  c.m.t.t.k.s.l.TwitterKafkaStatusListener - Twitter status with text @aknpol @tinkeuril Bener ga sih? Kan iti summer ada otaknya, autumn ada otaknya. Lah spring mana? Otaknya kok ga ada
2021-08-06 10:15:58 [Twitter4J Async Dispatcher[0]] INFO  c.m.t.t.k.s.l.TwitterKafkaStatusListener - Twitter status with text RT @Philip_D_Hughes: Looking for a new career? Coding academy offers free program for Louisiana residents - The News Star https://t.co/cbA1…
2021-08-06 10:16:02 [Twitter4J Async Dispatcher[0]] INFO  c.m.t.t.k.s.l.TwitterKafkaStatusListener - Twitter status with text RT @moonhubph: ❗MHPH 4K GIVEAWAY❗

💫 mbf @moonhubph
💫 rt & like
💫 tag a friend

ENDS at Aug 10, 5PM.

Prize: Spring Day inspired necklace &…
2021-08-06 10:16:03 [Twitter4J Async Dispatcher[0]] INFO  c.m.t.t.k.s.l.TwitterKafkaStatusListener - Twitter status with text RT @PAINKILLER_ATLR: Khun Mew @MSuppasit in PAINKILLER Atelier Spring/Summer2021 total-look 🤎🤍🧡 #MewSuppasit #pkss21LiveRideLove #PAINKILLE…
2021-08-06 10:16:04 [Twitter4J Async Dispatcher[0]] INFO  c.m.t.t.k.s.l.TwitterKafkaStatusListener - Twitter status with text RT @idimeswaee_: DaBaby will no longer be performing at the Spring Bling Festival. Freestyle Unity are said to replace DaBaby performing at…
2021-08-06 10:16:04 [Twitter4J Async Dispatcher[0]] INFO  c.m.t.t.k.s.l.TwitterKafkaStatusListener - Twitter status with text ho cominciato at a distance spring is green e penso piangerò a ogni episodio me lo sento proprio
2021-08-06 10:16:04 [Twitter4J Async Dispatcher[0]] INFO  c.m.t.t.k.s.l.TwitterKafkaStatusListener - Twitter status with text RT @LeongWaiKitCNA: .@Myanmar_Now_Eng says @NUGMyanmar will unify numerous civilian defence forces across the country & set up one chain of…
2021-08-06 10:16:06 [Twitter4J Async Dispatcher[0]] INFO  c.m.t.t.k.s.l.TwitterKafkaStatusListener - Twitter status with text @SpringIsOne As the gate to the main event has been opened, I, kava, would like to sign myself up with this ticket that I acquired! To infinity and beyond, to more laughter and joy! I'm beyond ready for Spring Reset Runway 2021 https://t.co/XZTsFNUACI
2021-08-06 10:16:06 [Twitter4J Async Dispatcher[0]] INFO  c.m.t.t.k.s.l.TwitterKafkaStatusListener - Twitter status with text this is actually scary.  luxury water.
2021-08-06 10:16:06 [Twitter4J Async Dispatcher[0]] INFO  c.m.t.t.k.s.l.TwitterKafkaStatusListener - Twitter status with text #WhatsHappeningInMyanmar https://t.co/8Mx6nk5DnI
2021-08-06 10:16:06 [Twitter4J Async Dispatcher[0]] INFO  c.m.t.t.k.s.l.TwitterKafkaStatusListener - Twitter status with text @Old_Gold_n_Blue @iamchrisblake @Seth_Horwitz @dixdog27 @SethAMandel @bethanyshondark I'm 36yo & got my shots back in the spring, as did my immediate family, & there hasn't been one single adverse reaction in any of us.

To suggest that "anyone of childbearing years or less" shouldn't think about the consequences..... There aren't any.
2021-08-06 10:16:07 [Twitter4J Async Dispatcher[0]] INFO  c.m.t.t.k.s.l.TwitterKafkaStatusListener - Twitter status with text ランキング:10位「Amazonパントリー」(18:16)

亀田製菓 ハッピーターン 108g

価格:￥153
レビュー数:945
https://t.co/UcW6EwX0OH
2021-08-06 10:16:09 [SpringApplicationShutdownHook] INFO  c.m.t.t.k.s.r.i.TwitterKafkaStreamRunner - twitterStream is not null: shutting down
2021-08-06 11:02:01 [main] INFO  o.s.b.t.c.SpringBootTestContextBootstrapper - Neither @ContextConfiguration nor @ContextHierarchy found for test class [TwitterToKafkaServiceApplicationTests], using SpringBootContextLoader
2021-08-06 11:02:01 [main] INFO  o.s.t.c.s.AbstractContextLoader - Could not detect default resource locations for test class [TwitterToKafkaServiceApplicationTests]: no resource found for suffixes {-context.xml, Context.groovy}.
2021-08-06 11:02:01 [main] INFO  o.s.t.c.s.AnnotationConfigContextLoaderUtils - Could not detect default configuration classes for test class [TwitterToKafkaServiceApplicationTests]: TwitterToKafkaServiceApplicationTests does not declare any static, non-private, non-final, nested classes annotated with @Configuration.
2021-08-06 11:02:02 [main] INFO  o.s.b.t.c.SpringBootTestContextBootstrapper - Found @SpringBootConfiguration TwitterToKafkaServiceApplication for test class TwitterToKafkaServiceApplicationTests
2021-08-06 11:02:02 [main] INFO  o.s.b.t.c.SpringBootTestContextBootstrapper - Loaded default TestExecutionListener class names from location [META-INF/spring.factories]: [org.springframework.boot.test.mock.mockito.MockitoTestExecutionListener, org.springframework.boot.test.mock.mockito.ResetMocksTestExecutionListener, org.springframework.boot.test.autoconfigure.restdocs.RestDocsTestExecutionListener, org.springframework.boot.test.autoconfigure.web.client.MockRestServiceServerResetTestExecutionListener, org.springframework.boot.test.autoconfigure.web.servlet.MockMvcPrintOnlyOnFailureTestExecutionListener, org.springframework.boot.test.autoconfigure.web.servlet.WebDriverTestExecutionListener, org.springframework.boot.test.autoconfigure.webservices.client.MockWebServiceServerTestExecutionListener, org.springframework.test.context.web.ServletTestExecutionListener, org.springframework.test.context.support.DirtiesContextBeforeModesTestExecutionListener, org.springframework.test.context.event.ApplicationEventsTestExecutionListener, org.springframework.test.context.support.DependencyInjectionTestExecutionListener, org.springframework.test.context.support.DirtiesContextTestExecutionListener, org.springframework.test.context.transaction.TransactionalTestExecutionListener, org.springframework.test.context.jdbc.SqlScriptsTestExecutionListener, org.springframework.test.context.event.EventPublishingTestExecutionListener]
2021-08-06 11:02:02 [main] INFO  o.s.b.t.c.SpringBootTestContextBootstrapper - Using TestExecutionListeners: [org.springframework.test.context.support.DirtiesContextBeforeModesTestExecutionListener@38f57b3d, org.springframework.test.context.event.ApplicationEventsTestExecutionListener@51850751, org.springframework.boot.test.mock.mockito.MockitoTestExecutionListener@3ce3db41, org.springframework.boot.test.autoconfigure.SpringBootDependencyInjectionTestExecutionListener@64df9a61, org.springframework.test.context.support.DirtiesContextTestExecutionListener@77602954, org.springframework.test.context.event.EventPublishingTestExecutionListener@e260766, org.springframework.boot.test.mock.mockito.ResetMocksTestExecutionListener@2c3dec30, org.springframework.boot.test.autoconfigure.restdocs.RestDocsTestExecutionListener@34a97744, org.springframework.boot.test.autoconfigure.web.client.MockRestServiceServerResetTestExecutionListener@4275c20c, org.springframework.boot.test.autoconfigure.web.servlet.MockMvcPrintOnlyOnFailureTestExecutionListener@7c56e013, org.springframework.boot.test.autoconfigure.web.servlet.WebDriverTestExecutionListener@3fc9dfc5, org.springframework.boot.test.autoconfigure.webservices.client.MockWebServiceServerTestExecutionListener@40258c2f]
2021-08-06 11:02:02 [main] INFO  c.m.t.t.k.s.TwitterToKafkaServiceApplicationTests - Starting TwitterToKafkaServiceApplicationTests using Java 11.0.12 on MBP-de-Yassire with PID 10222 (started by yassire in /Users/yassire/Documents/workspace/multi-view/microservices-demo/twitter-to-kafka-service)
2021-08-06 11:02:02 [main] INFO  c.m.t.t.k.s.TwitterToKafkaServiceApplicationTests - No active profile set, falling back to default profiles: default
2021-08-06 11:02:02 [main] INFO  c.m.t.t.k.s.TwitterToKafkaServiceApplicationTests - Started TwitterToKafkaServiceApplicationTests in 0.717 seconds (JVM running for 1.727)
2021-08-06 11:02:02 [main] INFO  c.m.t.t.k.s.TwitterToKafkaServiceApplication - Application starts ...
2021-08-06 11:02:02 [main] INFO  c.m.t.t.k.s.TwitterToKafkaServiceApplication - [Java, Microservices, Spring, Kafka, Elasticsearch]
2021-08-06 11:02:02 [main] INFO  c.m.t.t.k.s.TwitterToKafkaServiceApplication - Hi Yassire
2021-08-06 11:02:02 [Twitter Stream consumer /  [1][initializing]] INFO  twitter4j.TwitterStreamImpl - Establishing connection.
2021-08-06 11:02:02 [main] INFO  c.m.t.t.k.s.r.i.TwitterKafkaStreamRunner - Started filtering twitter stream from keywords [Java, Microservices, Spring, Kafka, Elasticsearch]
2021-08-06 11:02:03 [SpringApplicationShutdownHook] INFO  c.m.t.t.k.s.r.i.TwitterKafkaStreamRunner - twitterStream is not null: shutting down
2021-08-06 11:02:09 [main] INFO  c.m.t.t.k.s.TwitterToKafkaServiceApplication - Starting TwitterToKafkaServiceApplication using Java 11.0.12 on MBP-de-Yassire with PID 10235 (/Users/yassire/Documents/workspace/multi-view/microservices-demo/twitter-to-kafka-service/target/classes started by yassire in /Users/yassire/Documents/workspace/multi-view/microservices-demo/twitter-to-kafka-service)
2021-08-06 11:02:09 [main] INFO  c.m.t.t.k.s.TwitterToKafkaServiceApplication - No active profile set, falling back to default profiles: default
2021-08-06 11:02:10 [main] INFO  c.m.t.t.k.s.TwitterToKafkaServiceApplication - Started TwitterToKafkaServiceApplication in 0.995 seconds (JVM running for 1.527)
2021-08-06 11:02:10 [main] INFO  c.m.t.t.k.s.TwitterToKafkaServiceApplication - Application starts ...
2021-08-06 11:02:10 [main] INFO  c.m.t.t.k.s.TwitterToKafkaServiceApplication - [Java, Microservices, Spring, Kafka, Elasticsearch]
2021-08-06 11:02:10 [main] INFO  c.m.t.t.k.s.TwitterToKafkaServiceApplication - Hi Yassire
2021-08-06 11:02:10 [Twitter Stream consumer /  [1][initializing]] INFO  twitter4j.TwitterStreamImpl - Establishing connection.
2021-08-06 11:02:10 [main] INFO  c.m.t.t.k.s.r.i.TwitterKafkaStreamRunner - Started filtering twitter stream from keywords [Java, Microservices, Spring, Kafka, Elasticsearch]
2021-08-06 11:02:13 [Twitter Stream consumer /  [1][Establishing connection]] INFO  twitter4j.TwitterStreamImpl - Connection established.
2021-08-06 11:02:13 [Twitter Stream consumer /  [1][Establishing connection]] INFO  twitter4j.TwitterStreamImpl - Receiving status stream.
2021-08-06 11:02:13 [Twitter4J Async Dispatcher[0]] INFO  c.m.t.t.k.s.l.TwitterKafkaStatusListener - Twitter status with text AAAAAAAAAAAAAAAAAA MIS NIÑOOOOS 😭😭😭😭💜💜💜💜💜💜💜
2021-08-06 11:02:13 [Twitter4J Async Dispatcher[0]] INFO  c.m.t.t.k.s.l.TwitterKafkaStatusListener - Twitter status with text Pay someone to write your;
Spring classes 
Assignments
Online class
Math
Chemistry
Nursing
Geography
Psychology
Sociology
Research

Essays due
Algebra
Eng
Dissertation
Thesis
Physics
Case study
Calculus
@PriciseT dm us Please
2021-08-06 11:02:15 [Twitter4J Async Dispatcher[0]] INFO  c.m.t.t.k.s.l.TwitterKafkaStatusListener - Twitter status with text @SpringIsOne As the gate to the main event has been opened, I manse, would like to sign myself up with this ticket that I acquired! To infinity and beyond, to more laughter and joy! I'm beyond ready for Spring Reset Runway 2021 https://t.co/voIdm4zKIF https://t.co/IY3hA99yqw
2021-08-06 11:02:18 [Twitter4J Async Dispatcher[0]] INFO  c.m.t.t.k.s.l.TwitterKafkaStatusListener - Twitter status with text @SpringIsOne As the gate to the main event has been opened, I, JACE, would like to sign myself up with this ticket that I acquired! To infinity and beyond, to more laughter and joy! I'm beyond ready for Spring Reset Runway 2021. https://t.co/T0tM26b79p
2021-08-06 11:02:19 [Twitter4J Async Dispatcher[0]] INFO  c.m.t.t.k.s.l.TwitterKafkaStatusListener - Twitter status with text At 6 August, afte the six months of coup, the Myanmar Spring Revolution has not diminished at all.

SUPPORT NUG

#Aug6Coup 
#WhatsHappeningInMyanmar https://t.co/uig1mpEXZe
2021-08-06 11:02:19 [Twitter4J Async Dispatcher[0]] INFO  c.m.t.t.k.s.l.TwitterKafkaStatusListener - Twitter status with text 'Structure' might not spring to mind when you think of innovation, because it requires experimentation. 

To create the right conditions, @hannahkeartland says you need a framework like Solverboard that will give you visibility on progress.

What framework are you using? https://t.co/LYWO29F9wY
2021-08-06 11:02:19 [Twitter4J Async Dispatcher[0]] INFO  c.m.t.t.k.s.l.TwitterKafkaStatusListener - Twitter status with text RT @mytrashcode: No. 1148 programming meme #programmingjoke #code #coding #javascript #python #datascience #programming #programmer #joke #…
2021-08-06 11:02:20 [Twitter4J Async Dispatcher[0]] INFO  c.m.t.t.k.s.l.TwitterKafkaStatusListener - Twitter status with text RT @arienvega: La manera en que Tobio se estresa las noches del Spring Interhigh porque claro, ese pelinaranja boke no hace más que moverse…
2021-08-06 11:02:20 [Twitter4J Async Dispatcher[0]] INFO  c.m.t.t.k.s.l.TwitterKafkaStatusListener - Twitter status with text Episode baru setelah bus stop nya spring day
2021-08-06 11:02:21 [Twitter4J Async Dispatcher[0]] INFO  c.m.t.t.k.s.l.TwitterKafkaStatusListener - Twitter status with text RT @mytrashcode: No. 1148 programming meme #programmingjoke #code #coding #javascript #python #datascience #programming #programmer #joke #…
2021-08-06 11:02:22 [Twitter4J Async Dispatcher[0]] INFO  c.m.t.t.k.s.l.TwitterKafkaStatusListener - Twitter status with text #WhatsHappeningInMyanmar https://t.co/5lw7KGpLpO
2021-08-06 11:02:22 [Twitter4J Async Dispatcher[0]] INFO  c.m.t.t.k.s.l.TwitterKafkaStatusListener - Twitter status with text @SpringIsOne As the gate to the main event has been opened, I david klesi would like to sign myself up with this ticket that I acquired! To infinity and beyond, to more laughter and joy! I'm beyond ready for Spring Reset Runway 2021 https://t.co/Xb9ooIhg1L
2021-08-06 11:02:23 [Twitter4J Async Dispatcher[0]] INFO  c.m.t.t.k.s.l.TwitterKafkaStatusListener - Twitter status with text #WhatsHappeningInMyanmar https://t.co/1jSp9cIG0H
2021-08-06 11:02:24 [Twitter4J Async Dispatcher[0]] INFO  c.m.t.t.k.s.l.TwitterKafkaStatusListener - Twitter status with text RT @PaddyDiver4: This is not a bomb site, this is a mica home

@DarraghOBrienTD when you're done praising yourself for all you've done for…
2021-08-06 11:02:24 [Twitter4J Async Dispatcher[0]] INFO  c.m.t.t.k.s.l.TwitterKafkaStatusListener - Twitter status with text At 6 August, afte the six months of coup, the Myanmar Spring Revolution has not diminished at all.

SUPPORT NUG

#Aug6Coup 
#WhatsHappeningInMyanmar https://t.co/GlvW95LLQN
2021-08-06 11:02:25 [Twitter4J Async Dispatcher[0]] INFO  c.m.t.t.k.s.l.TwitterKafkaStatusListener - Twitter status with text RT @highendhomo: Jean Paul Gaultier, Spring 2009 Couture https://t.co/x3LygwnSjo
2021-08-06 11:02:25 [Twitter4J Async Dispatcher[0]] INFO  c.m.t.t.k.s.l.TwitterKafkaStatusListener - Twitter status with text @SpringIsOne As the gate to the main event has been opened, I, Johnat, would like to sign myself up with this ticket that I acquired! To infinity and beyond, to more laughter and joy! I'm beyond ready for Spring Reset Runway 2021 https://t.co/ogpn34ljGu
2021-08-06 11:02:25 [SpringApplicationShutdownHook] INFO  c.m.t.t.k.s.r.i.TwitterKafkaStreamRunner - twitterStream is not null: shutting down
2021-08-06 11:02:37 [main] INFO  c.m.t.t.k.s.TwitterToKafkaServiceApplication - Starting TwitterToKafkaServiceApplication using Java 11.0.12 on MBP-de-Yassire with PID 10259 (/Users/yassire/Documents/workspace/multi-view/microservices-demo/twitter-to-kafka-service/target/classes started by yassire in /Users/yassire/Documents/workspace/multi-view/microservices-demo/twitter-to-kafka-service)
2021-08-06 11:02:37 [main] INFO  c.m.t.t.k.s.TwitterToKafkaServiceApplication - No active profile set, falling back to default profiles: default
2021-08-06 11:02:38 [main] WARN  o.s.c.a.AnnotationConfigApplicationContext - Exception encountered during context initialization - cancelling refresh attempt: org.springframework.beans.factory.UnsatisfiedDependencyException: Error creating bean with name 'twitterToKafkaServiceApplication': Unsatisfied dependency expressed through constructor parameter 1; nested exception is org.springframework.beans.factory.NoUniqueBeanDefinitionException: No qualifying bean of type 'StreamRunner' available: expected single matching bean but found 2: mockKafkaStreamRunner,twitterKafkaStreamRunner
2021-08-06 11:02:38 [main] INFO  o.s.b.a.l.ConditionEvaluationReportLoggingListener - 

Error starting ApplicationContext. To display the conditions report re-run your application with 'debug' enabled.
2021-08-06 11:02:38 [main] ERROR o.s.b.d.LoggingFailureAnalysisReporter - 

***************************
APPLICATION FAILED TO START
***************************

Description:

Parameter 1 of constructor in TwitterToKafkaServiceApplication required a single bean, but 2 were found:
	- mockKafkaStreamRunner: defined in file [/Users/yassire/Documents/workspace/multi-view/microservices-demo/twitter-to-kafka-service/target/classes/com/microservices/twitter/to/kafka/service/runner/impl/MockKafkaStreamRunner.class]
	- twitterKafkaStreamRunner: defined in file [/Users/yassire/Documents/workspace/multi-view/microservices-demo/twitter-to-kafka-service/target/classes/com/microservices/twitter/to/kafka/service/runner/impl/TwitterKafkaStreamRunner.class]


Action:

Consider marking one of the beans as @Primary, updating the consumer to accept multiple beans, or using @Qualifier to identify the bean that should be consumed

2021-08-06 11:03:46 [main] INFO  c.m.t.t.k.s.TwitterToKafkaServiceApplication - Starting TwitterToKafkaServiceApplication using Java 11.0.12 on MBP-de-Yassire with PID 10307 (/Users/yassire/Documents/workspace/multi-view/microservices-demo/twitter-to-kafka-service/target/classes started by yassire in /Users/yassire/Documents/workspace/multi-view/microservices-demo/twitter-to-kafka-service)
2021-08-06 11:03:46 [main] INFO  c.m.t.t.k.s.TwitterToKafkaServiceApplication - No active profile set, falling back to default profiles: default
2021-08-06 11:03:46 [main] INFO  c.m.t.t.k.s.TwitterToKafkaServiceApplication - Started TwitterToKafkaServiceApplication in 1.019 seconds (JVM running for 1.595)
2021-08-06 11:03:46 [main] INFO  c.m.t.t.k.s.TwitterToKafkaServiceApplication - Application starts ...
2021-08-06 11:03:46 [main] INFO  c.m.t.t.k.s.TwitterToKafkaServiceApplication - [Java, Microservices, Spring, Kafka, Elasticsearch]
2021-08-06 11:03:46 [main] INFO  c.m.t.t.k.s.TwitterToKafkaServiceApplication - Hi Yassire
2021-08-06 11:03:46 [main] INFO  c.m.t.t.k.s.r.i.MockKafkaStreamRunner - Starting mock filtering twitter streams for keywords [Java, Microservices, Spring, Kafka, Elasticsearch]
2021-08-06 11:03:46 [pool-1-thread-1] INFO  c.m.t.t.k.s.l.TwitterKafkaStatusListener - Twitter status with text congue Fusce amet elit massa sit purus Kafka ultricies malesuada porttitor sed elit
2021-08-06 11:03:56 [pool-1-thread-1] INFO  c.m.t.t.k.s.l.TwitterKafkaStatusListener - Twitter status with text magna Maecenas malesuada congue Elasticsearch magna magna elit
2021-08-06 11:04:06 [pool-1-thread-1] INFO  c.m.t.t.k.s.l.TwitterKafkaStatusListener - Twitter status with text dolor ipsum porttitor congue massa amet malesuada Spring posuere porttitor sed ultricies amet amet
2021-08-06 11:04:16 [pool-1-thread-1] INFO  c.m.t.t.k.s.l.TwitterKafkaStatusListener - Twitter status with text congue congue consectetuer porttitor magna Kafka massa sed ultricies
2021-08-06 11:04:26 [pool-1-thread-1] INFO  c.m.t.t.k.s.l.TwitterKafkaStatusListener - Twitter status with text ultricies pulvinar magna dolor lectus Kafka Lorem ultricies ultricies pulvinar
2021-08-06 11:04:36 [pool-1-thread-1] INFO  c.m.t.t.k.s.l.TwitterKafkaStatusListener - Twitter status with text sed lectus dolor posuere ipsum elit sit porttitor Java ipsum consectetuer dolor sed sed sed
2021-08-06 11:04:46 [pool-1-thread-1] INFO  c.m.t.t.k.s.l.TwitterKafkaStatusListener - Twitter status with text elit Maecenas ipsum porttitor Java ultricies libero
2021-08-06 11:04:56 [pool-1-thread-1] INFO  c.m.t.t.k.s.l.TwitterKafkaStatusListener - Twitter status with text dolor malesuada porttitor dolor porttitor Lorem Microservices Maecenas Maecenas adipiscing magna
2021-08-06 11:05:06 [pool-1-thread-1] INFO  c.m.t.t.k.s.l.TwitterKafkaStatusListener - Twitter status with text sed Lorem consectetuer adipiscing Maecenas Spring massa ultricies pulvinar consectetuer
2021-08-09 15:56:08 [main] INFO  o.s.b.t.c.SpringBootTestContextBootstrapper - Neither @ContextConfiguration nor @ContextHierarchy found for test class [com.microservices.demo.twitter.to.kafka.service.TwitterToKafkaServiceApplicationTests], using SpringBootContextLoader
2021-08-09 15:56:08 [main] INFO  o.s.t.c.s.AbstractContextLoader - Could not detect default resource locations for test class [com.microservices.demo.twitter.to.kafka.service.TwitterToKafkaServiceApplicationTests]: no resource found for suffixes {-context.xml, Context.groovy}.
2021-08-09 15:56:08 [main] INFO  o.s.t.c.s.AnnotationConfigContextLoaderUtils - Could not detect default configuration classes for test class [com.microservices.demo.twitter.to.kafka.service.TwitterToKafkaServiceApplicationTests]: TwitterToKafkaServiceApplicationTests does not declare any static, non-private, non-final, nested classes annotated with @Configuration.
2021-08-09 15:56:09 [main] INFO  o.s.b.t.c.SpringBootTestContextBootstrapper - Found @SpringBootConfiguration com.microservices.demo.twitter.to.kafka.service.TwitterToKafkaServiceApplication for test class com.microservices.demo.twitter.to.kafka.service.TwitterToKafkaServiceApplicationTests
2021-08-09 15:56:09 [main] INFO  o.s.b.t.c.SpringBootTestContextBootstrapper - Loaded default TestExecutionListener class names from location [META-INF/spring.factories]: [org.springframework.boot.test.mock.mockito.MockitoTestExecutionListener, org.springframework.boot.test.mock.mockito.ResetMocksTestExecutionListener, org.springframework.boot.test.autoconfigure.restdocs.RestDocsTestExecutionListener, org.springframework.boot.test.autoconfigure.web.client.MockRestServiceServerResetTestExecutionListener, org.springframework.boot.test.autoconfigure.web.servlet.MockMvcPrintOnlyOnFailureTestExecutionListener, org.springframework.boot.test.autoconfigure.web.servlet.WebDriverTestExecutionListener, org.springframework.boot.test.autoconfigure.webservices.client.MockWebServiceServerTestExecutionListener, org.springframework.test.context.web.ServletTestExecutionListener, org.springframework.test.context.support.DirtiesContextBeforeModesTestExecutionListener, org.springframework.test.context.event.ApplicationEventsTestExecutionListener, org.springframework.test.context.support.DependencyInjectionTestExecutionListener, org.springframework.test.context.support.DirtiesContextTestExecutionListener, org.springframework.test.context.transaction.TransactionalTestExecutionListener, org.springframework.test.context.jdbc.SqlScriptsTestExecutionListener, org.springframework.test.context.event.EventPublishingTestExecutionListener]
2021-08-09 15:56:09 [main] INFO  o.s.b.t.c.SpringBootTestContextBootstrapper - Using TestExecutionListeners: [org.springframework.test.context.support.DirtiesContextBeforeModesTestExecutionListener@2c3dec30, org.springframework.test.context.event.ApplicationEventsTestExecutionListener@34a97744, org.springframework.boot.test.mock.mockito.MockitoTestExecutionListener@4275c20c, org.springframework.boot.test.autoconfigure.SpringBootDependencyInjectionTestExecutionListener@7c56e013, org.springframework.test.context.support.DirtiesContextTestExecutionListener@3fc9dfc5, org.springframework.test.context.event.EventPublishingTestExecutionListener@40258c2f, org.springframework.boot.test.mock.mockito.ResetMocksTestExecutionListener@2cac4385, org.springframework.boot.test.autoconfigure.restdocs.RestDocsTestExecutionListener@6731787b, org.springframework.boot.test.autoconfigure.web.client.MockRestServiceServerResetTestExecutionListener@16f7b4af, org.springframework.boot.test.autoconfigure.web.servlet.MockMvcPrintOnlyOnFailureTestExecutionListener@7adf16aa, org.springframework.boot.test.autoconfigure.web.servlet.WebDriverTestExecutionListener@34a1d21f, org.springframework.boot.test.autoconfigure.webservices.client.MockWebServiceServerTestExecutionListener@58bf8650]
2021-08-09 15:56:09 [main] INFO  c.m.d.t.t.k.s.TwitterToKafkaServiceApplicationTests - Starting TwitterToKafkaServiceApplicationTests using Java 11.0.12 on MBP-de-Yassire with PID 23878 (started by yassire in /Users/yassire/Documents/workspace/multi-view/microservices-demo/twitter-to-kafka-service)
2021-08-09 15:56:09 [main] DEBUG c.m.d.t.t.k.s.TwitterToKafkaServiceApplicationTests - Running with Spring Boot v2.5.3, Spring v5.3.9
2021-08-09 15:56:09 [main] INFO  c.m.d.t.t.k.s.TwitterToKafkaServiceApplicationTests - No active profile set, falling back to default profiles: default
2021-08-09 15:56:10 [main] INFO  c.m.d.t.t.k.s.TwitterToKafkaServiceApplicationTests - Started TwitterToKafkaServiceApplicationTests in 0.795 seconds (JVM running for 1.907)
2021-08-09 15:56:10 [main] INFO  c.m.d.t.t.k.s.TwitterToKafkaServiceApplication - Application starts ...
2021-08-09 15:56:10 [main] INFO  c.m.d.t.t.k.s.TwitterToKafkaServiceApplication - [Java, Microservices, Spring, Kafka, Elasticsearch]
2021-08-09 15:56:10 [main] INFO  c.m.d.t.t.k.s.TwitterToKafkaServiceApplication - Hi Yassire
2021-08-09 15:56:10 [main] INFO  c.m.d.t.t.k.s.r.i.MockKafkaStreamRunner - Starting mock filtering twitter streams for keywords [Java, Microservices, Spring, Kafka, Elasticsearch]
2021-08-09 15:56:10 [pool-1-thread-1] INFO  c.m.d.t.t.k.s.l.TwitterKafkaStatusListener - Twitter status with text elit porttitor sit consectetuer massa dolor Fusce pulvinar Elasticsearch purus consectetuer porttitor ipsum elit amet pulvinar
