2021-08-05 12:44:20 [main] INFO  o.s.b.t.c.SpringBootTestContextBootstrapper - Neither @ContextConfiguration nor @ContextHierarchy found for test class [TwitterToKafkaServiceApplicationTests], using SpringBootContextLoader
2021-08-05 12:44:20 [main] INFO  o.s.t.c.s.AbstractContextLoader - Could not detect default resource locations for test class [TwitterToKafkaServiceApplicationTests]: no resource found for suffixes {-context.xml, Context.groovy}.
2021-08-05 12:44:20 [main] INFO  o.s.t.c.s.AnnotationConfigContextLoaderUtils - Could not detect default configuration classes for test class [TwitterToKafkaServiceApplicationTests]: TwitterToKafkaServiceApplicationTests does not declare any static, non-private, non-final, nested classes annotated with @Configuration.
2021-08-05 12:44:20 [main] INFO  o.s.b.t.c.SpringBootTestContextBootstrapper - Found @SpringBootConfiguration TwitterToKafkaServiceApplication for test class TwitterToKafkaServiceApplicationTests
2021-08-05 12:44:21 [main] INFO  o.s.b.t.c.SpringBootTestContextBootstrapper - Loaded default TestExecutionListener class names from location [META-INF/spring.factories]: [org.springframework.boot.test.mock.mockito.MockitoTestExecutionListener, org.springframework.boot.test.mock.mockito.ResetMocksTestExecutionListener, org.springframework.boot.test.autoconfigure.restdocs.RestDocsTestExecutionListener, org.springframework.boot.test.autoconfigure.web.client.MockRestServiceServerResetTestExecutionListener, org.springframework.boot.test.autoconfigure.web.servlet.MockMvcPrintOnlyOnFailureTestExecutionListener, org.springframework.boot.test.autoconfigure.web.servlet.WebDriverTestExecutionListener, org.springframework.boot.test.autoconfigure.webservices.client.MockWebServiceServerTestExecutionListener, org.springframework.test.context.web.ServletTestExecutionListener, org.springframework.test.context.support.DirtiesContextBeforeModesTestExecutionListener, org.springframework.test.context.event.ApplicationEventsTestExecutionListener, org.springframework.test.context.support.DependencyInjectionTestExecutionListener, org.springframework.test.context.support.DirtiesContextTestExecutionListener, org.springframework.test.context.transaction.TransactionalTestExecutionListener, org.springframework.test.context.jdbc.SqlScriptsTestExecutionListener, org.springframework.test.context.event.EventPublishingTestExecutionListener]
2021-08-05 12:44:21 [main] INFO  o.s.b.t.c.SpringBootTestContextBootstrapper - Using TestExecutionListeners: [org.springframework.test.context.support.DirtiesContextBeforeModesTestExecutionListener@376a312c, org.springframework.test.context.event.ApplicationEventsTestExecutionListener@28d6290, org.springframework.boot.test.mock.mockito.MockitoTestExecutionListener@6ca0256d, org.springframework.boot.test.autoconfigure.SpringBootDependencyInjectionTestExecutionListener@5ef0d29e, org.springframework.test.context.support.DirtiesContextTestExecutionListener@38f57b3d, org.springframework.test.context.event.EventPublishingTestExecutionListener@51850751, org.springframework.boot.test.mock.mockito.ResetMocksTestExecutionListener@3ce3db41, org.springframework.boot.test.autoconfigure.restdocs.RestDocsTestExecutionListener@64df9a61, org.springframework.boot.test.autoconfigure.web.client.MockRestServiceServerResetTestExecutionListener@77602954, org.springframework.boot.test.autoconfigure.web.servlet.MockMvcPrintOnlyOnFailureTestExecutionListener@e260766, org.springframework.boot.test.autoconfigure.web.servlet.WebDriverTestExecutionListener@2c3dec30, org.springframework.boot.test.autoconfigure.webservices.client.MockWebServiceServerTestExecutionListener@34a97744]
2021-08-05 12:44:21 [main] INFO  c.m.t.t.k.s.TwitterToKafkaServiceApplicationTests - Starting TwitterToKafkaServiceApplicationTests using Java 11.0.12 on MacBook-Pro-de-Yassire.local with PID 16863 (started by yassire in /Users/yassire/Documents/workspace/multi-view/microservices-demo/twitter-to-kafka-service)
2021-08-05 12:44:21 [main] INFO  c.m.t.t.k.s.TwitterToKafkaServiceApplicationTests - No active profile set, falling back to default profiles: default
2021-08-05 12:44:22 [main] INFO  c.m.t.t.k.s.TwitterToKafkaServiceApplicationTests - Started TwitterToKafkaServiceApplicationTests in 0.906 seconds (JVM running for 2.083)
2021-08-05 12:44:22 [main] INFO  c.m.t.t.k.s.TwitterToKafkaServiceApplication - Application starts ...
2021-08-05 12:44:22 [main] INFO  c.m.t.t.k.s.TwitterToKafkaServiceApplication - [Java, Microservices, Spring, Kafka, Elasticsearch]
2021-08-05 12:47:05 [main] INFO  o.s.b.t.c.SpringBootTestContextBootstrapper - Neither @ContextConfiguration nor @ContextHierarchy found for test class [TwitterToKafkaServiceApplicationTests], using SpringBootContextLoader
2021-08-05 12:47:05 [main] INFO  o.s.t.c.s.AbstractContextLoader - Could not detect default resource locations for test class [TwitterToKafkaServiceApplicationTests]: no resource found for suffixes {-context.xml, Context.groovy}.
2021-08-05 12:47:05 [main] INFO  o.s.t.c.s.AnnotationConfigContextLoaderUtils - Could not detect default configuration classes for test class [TwitterToKafkaServiceApplicationTests]: TwitterToKafkaServiceApplicationTests does not declare any static, non-private, non-final, nested classes annotated with @Configuration.
2021-08-05 12:47:05 [main] INFO  o.s.b.t.c.SpringBootTestContextBootstrapper - Found @SpringBootConfiguration TwitterToKafkaServiceApplication for test class TwitterToKafkaServiceApplicationTests
2021-08-05 12:47:05 [main] INFO  o.s.b.t.c.SpringBootTestContextBootstrapper - Loaded default TestExecutionListener class names from location [META-INF/spring.factories]: [org.springframework.boot.test.mock.mockito.MockitoTestExecutionListener, org.springframework.boot.test.mock.mockito.ResetMocksTestExecutionListener, org.springframework.boot.test.autoconfigure.restdocs.RestDocsTestExecutionListener, org.springframework.boot.test.autoconfigure.web.client.MockRestServiceServerResetTestExecutionListener, org.springframework.boot.test.autoconfigure.web.servlet.MockMvcPrintOnlyOnFailureTestExecutionListener, org.springframework.boot.test.autoconfigure.web.servlet.WebDriverTestExecutionListener, org.springframework.boot.test.autoconfigure.webservices.client.MockWebServiceServerTestExecutionListener, org.springframework.test.context.web.ServletTestExecutionListener, org.springframework.test.context.support.DirtiesContextBeforeModesTestExecutionListener, org.springframework.test.context.event.ApplicationEventsTestExecutionListener, org.springframework.test.context.support.DependencyInjectionTestExecutionListener, org.springframework.test.context.support.DirtiesContextTestExecutionListener, org.springframework.test.context.transaction.TransactionalTestExecutionListener, org.springframework.test.context.jdbc.SqlScriptsTestExecutionListener, org.springframework.test.context.event.EventPublishingTestExecutionListener]
2021-08-05 12:47:05 [main] INFO  o.s.b.t.c.SpringBootTestContextBootstrapper - Using TestExecutionListeners: [org.springframework.test.context.support.DirtiesContextBeforeModesTestExecutionListener@376a312c, org.springframework.test.context.event.ApplicationEventsTestExecutionListener@28d6290, org.springframework.boot.test.mock.mockito.MockitoTestExecutionListener@6ca0256d, org.springframework.boot.test.autoconfigure.SpringBootDependencyInjectionTestExecutionListener@5ef0d29e, org.springframework.test.context.support.DirtiesContextTestExecutionListener@38f57b3d, org.springframework.test.context.event.EventPublishingTestExecutionListener@51850751, org.springframework.boot.test.mock.mockito.ResetMocksTestExecutionListener@3ce3db41, org.springframework.boot.test.autoconfigure.restdocs.RestDocsTestExecutionListener@64df9a61, org.springframework.boot.test.autoconfigure.web.client.MockRestServiceServerResetTestExecutionListener@77602954, org.springframework.boot.test.autoconfigure.web.servlet.MockMvcPrintOnlyOnFailureTestExecutionListener@e260766, org.springframework.boot.test.autoconfigure.web.servlet.WebDriverTestExecutionListener@2c3dec30, org.springframework.boot.test.autoconfigure.webservices.client.MockWebServiceServerTestExecutionListener@34a97744]
2021-08-05 12:47:06 [main] INFO  c.m.t.t.k.s.TwitterToKafkaServiceApplicationTests - Starting TwitterToKafkaServiceApplicationTests using Java 11.0.12 on MacBook-Pro-de-Yassire.local with PID 17001 (started by yassire in /Users/yassire/Documents/workspace/multi-view/microservices-demo/twitter-to-kafka-service)
2021-08-05 12:47:06 [main] INFO  c.m.t.t.k.s.TwitterToKafkaServiceApplicationTests - No active profile set, falling back to default profiles: default
2021-08-05 12:47:06 [main] INFO  c.m.t.t.k.s.TwitterToKafkaServiceApplicationTests - Started TwitterToKafkaServiceApplicationTests in 0.874 seconds (JVM running for 1.868)
2021-08-05 12:47:06 [main] INFO  c.m.t.t.k.s.TwitterToKafkaServiceApplication - Application starts ...
2021-08-05 12:47:06 [main] INFO  c.m.t.t.k.s.TwitterToKafkaServiceApplication - [Java, Microservices, Spring, Kafka, Elasticsearch]
2021-08-05 13:03:49 [main] INFO  c.m.t.t.k.s.TwitterToKafkaServiceApplication - Starting TwitterToKafkaServiceApplication using Java 11.0.12 on MacBook-Pro-de-Yassire.local with PID 17931 (/Users/yassire/Documents/workspace/multi-view/microservices-demo/twitter-to-kafka-service/target/classes started by yassire in /Users/yassire/Documents/workspace/multi-view/microservices-demo/twitter-to-kafka-service)
2021-08-05 13:03:49 [main] INFO  c.m.t.t.k.s.TwitterToKafkaServiceApplication - No active profile set, falling back to default profiles: default
2021-08-05 13:03:50 [main] INFO  c.m.t.t.k.s.TwitterToKafkaServiceApplication - Started TwitterToKafkaServiceApplication in 1.115 seconds (JVM running for 1.685)
2021-08-05 13:03:50 [main] INFO  c.m.t.t.k.s.TwitterToKafkaServiceApplication - Application starts ...
2021-08-05 13:03:50 [main] INFO  c.m.t.t.k.s.TwitterToKafkaServiceApplication - [Java, Microservices, Spring, Kafka, Elasticsearch]
2021-08-05 13:05:47 [main] INFO  c.m.t.t.k.s.TwitterToKafkaServiceApplication - Starting TwitterToKafkaServiceApplication using Java 11.0.12 on MacBook-Pro-de-Yassire.local with PID 18031 (/Users/yassire/Documents/workspace/multi-view/microservices-demo/twitter-to-kafka-service/target/classes started by yassire in /Users/yassire/Documents/workspace/multi-view/microservices-demo/twitter-to-kafka-service)
2021-08-05 13:05:47 [main] INFO  c.m.t.t.k.s.TwitterToKafkaServiceApplication - No active profile set, falling back to default profiles: default
2021-08-05 13:05:48 [main] INFO  c.m.t.t.k.s.TwitterToKafkaServiceApplication - Started TwitterToKafkaServiceApplication in 0.999 seconds (JVM running for 1.6)
2021-08-05 13:05:48 [main] INFO  c.m.t.t.k.s.TwitterToKafkaServiceApplication - Application starts ...
2021-08-05 13:05:48 [main] INFO  c.m.t.t.k.s.TwitterToKafkaServiceApplication - [Java, Microservices, Spring, Kafka, Elasticsearch]
2021-08-05 13:05:48 [main] INFO  c.m.t.t.k.s.TwitterToKafkaServiceApplication - Hi Yassire
2021-08-05 17:11:51 [main] INFO  o.s.b.t.c.SpringBootTestContextBootstrapper - Neither @ContextConfiguration nor @ContextHierarchy found for test class [TwitterToKafkaServiceApplicationTests], using SpringBootContextLoader
2021-08-05 17:11:51 [main] INFO  o.s.t.c.s.AbstractContextLoader - Could not detect default resource locations for test class [TwitterToKafkaServiceApplicationTests]: no resource found for suffixes {-context.xml, Context.groovy}.
2021-08-05 17:11:51 [main] INFO  o.s.t.c.s.AnnotationConfigContextLoaderUtils - Could not detect default configuration classes for test class [TwitterToKafkaServiceApplicationTests]: TwitterToKafkaServiceApplicationTests does not declare any static, non-private, non-final, nested classes annotated with @Configuration.
2021-08-05 17:11:51 [main] INFO  o.s.b.t.c.SpringBootTestContextBootstrapper - Found @SpringBootConfiguration TwitterToKafkaServiceApplication for test class TwitterToKafkaServiceApplicationTests
2021-08-05 17:11:51 [main] INFO  o.s.b.t.c.SpringBootTestContextBootstrapper - Loaded default TestExecutionListener class names from location [META-INF/spring.factories]: [org.springframework.boot.test.mock.mockito.MockitoTestExecutionListener, org.springframework.boot.test.mock.mockito.ResetMocksTestExecutionListener, org.springframework.boot.test.autoconfigure.restdocs.RestDocsTestExecutionListener, org.springframework.boot.test.autoconfigure.web.client.MockRestServiceServerResetTestExecutionListener, org.springframework.boot.test.autoconfigure.web.servlet.MockMvcPrintOnlyOnFailureTestExecutionListener, org.springframework.boot.test.autoconfigure.web.servlet.WebDriverTestExecutionListener, org.springframework.boot.test.autoconfigure.webservices.client.MockWebServiceServerTestExecutionListener, org.springframework.test.context.web.ServletTestExecutionListener, org.springframework.test.context.support.DirtiesContextBeforeModesTestExecutionListener, org.springframework.test.context.event.ApplicationEventsTestExecutionListener, org.springframework.test.context.support.DependencyInjectionTestExecutionListener, org.springframework.test.context.support.DirtiesContextTestExecutionListener, org.springframework.test.context.transaction.TransactionalTestExecutionListener, org.springframework.test.context.jdbc.SqlScriptsTestExecutionListener, org.springframework.test.context.event.EventPublishingTestExecutionListener]
2021-08-05 17:11:51 [main] INFO  o.s.b.t.c.SpringBootTestContextBootstrapper - Using TestExecutionListeners: [org.springframework.test.context.support.DirtiesContextBeforeModesTestExecutionListener@376a312c, org.springframework.test.context.event.ApplicationEventsTestExecutionListener@28d6290, org.springframework.boot.test.mock.mockito.MockitoTestExecutionListener@6ca0256d, org.springframework.boot.test.autoconfigure.SpringBootDependencyInjectionTestExecutionListener@5ef0d29e, org.springframework.test.context.support.DirtiesContextTestExecutionListener@38f57b3d, org.springframework.test.context.event.EventPublishingTestExecutionListener@51850751, org.springframework.boot.test.mock.mockito.ResetMocksTestExecutionListener@3ce3db41, org.springframework.boot.test.autoconfigure.restdocs.RestDocsTestExecutionListener@64df9a61, org.springframework.boot.test.autoconfigure.web.client.MockRestServiceServerResetTestExecutionListener@77602954, org.springframework.boot.test.autoconfigure.web.servlet.MockMvcPrintOnlyOnFailureTestExecutionListener@e260766, org.springframework.boot.test.autoconfigure.web.servlet.WebDriverTestExecutionListener@2c3dec30, org.springframework.boot.test.autoconfigure.webservices.client.MockWebServiceServerTestExecutionListener@34a97744]
2021-08-05 17:11:52 [main] INFO  c.m.t.t.k.s.TwitterToKafkaServiceApplicationTests - Starting TwitterToKafkaServiceApplicationTests using Java 11.0.12 on MBP-de-Yassire with PID 9695 (started by yassire in /Users/yassire/Documents/workspace/multi-view/microservices-demo/twitter-to-kafka-service)
2021-08-05 17:11:52 [main] INFO  c.m.t.t.k.s.TwitterToKafkaServiceApplicationTests - No active profile set, falling back to default profiles: default
2021-08-05 17:11:52 [main] INFO  c.m.t.t.k.s.TwitterToKafkaServiceApplicationTests - Started TwitterToKafkaServiceApplicationTests in 0.782 seconds (JVM running for 2.203)
2021-08-05 17:11:52 [main] INFO  c.m.t.t.k.s.TwitterToKafkaServiceApplication - Application starts ...
2021-08-05 17:11:52 [main] INFO  c.m.t.t.k.s.TwitterToKafkaServiceApplication - [Java, Microservices, Spring, Kafka, Elasticsearch]
2021-08-05 17:11:52 [main] INFO  c.m.t.t.k.s.TwitterToKafkaServiceApplication - Hi Yassire
2021-08-05 17:11:52 [Twitter Stream consumer /  [1][initializing]] INFO  twitter4j.TwitterStreamImpl - Establishing connection.
2021-08-05 17:11:52 [main] INFO  c.m.t.t.k.s.r.i.TwitterKafkaStreamRunner - Started filtering twitter stream from keywords [Java, Microservices, Spring, Kafka, Elasticsearch]
2021-08-05 17:11:53 [SpringApplicationShutdownHook] INFO  c.m.t.t.k.s.r.i.TwitterKafkaStreamRunner - twitterStream is not null: shutting down
2021-08-05 17:12:06 [main] INFO  c.m.t.t.k.s.TwitterToKafkaServiceApplication - Starting TwitterToKafkaServiceApplication using Java 11.0.12 on MBP-de-Yassire with PID 9711 (/Users/yassire/Documents/workspace/multi-view/microservices-demo/twitter-to-kafka-service/target/classes started by yassire in /Users/yassire/Documents/workspace/multi-view/microservices-demo/twitter-to-kafka-service)
2021-08-05 17:12:06 [main] INFO  c.m.t.t.k.s.TwitterToKafkaServiceApplication - No active profile set, falling back to default profiles: default
2021-08-05 17:12:06 [main] INFO  c.m.t.t.k.s.TwitterToKafkaServiceApplication - Started TwitterToKafkaServiceApplication in 0.892 seconds (JVM running for 1.445)
2021-08-05 17:12:06 [main] INFO  c.m.t.t.k.s.TwitterToKafkaServiceApplication - Application starts ...
2021-08-05 17:12:06 [main] INFO  c.m.t.t.k.s.TwitterToKafkaServiceApplication - [Java, Microservices, Spring, Kafka, Elasticsearch]
2021-08-05 17:12:06 [main] INFO  c.m.t.t.k.s.TwitterToKafkaServiceApplication - Hi Yassire
2021-08-05 17:12:06 [Twitter Stream consumer /  [1][initializing]] INFO  twitter4j.TwitterStreamImpl - Establishing connection.
2021-08-05 17:12:06 [main] INFO  c.m.t.t.k.s.r.i.TwitterKafkaStreamRunner - Started filtering twitter stream from keywords [Java, Microservices, Spring, Kafka, Elasticsearch]
2021-08-05 17:12:07 [Twitter Stream consumer /  [1][Establishing connection]] INFO  twitter4j.TwitterStreamImpl - Connection established.
2021-08-05 17:12:07 [Twitter Stream consumer /  [1][Establishing connection]] INFO  twitter4j.TwitterStreamImpl - Receiving status stream.
2021-08-05 17:12:07 [Twitter4J Async Dispatcher[0]] INFO  c.m.t.t.k.s.l.TwitterKafkaStatusListener - Twitter status with text @bat_muchacho @inspisurdiscord @lilmistix @KromatlK @wayyybro @creesoni @MagellanNavy @Bouteflikov Pour la bedrock a par of je sus d accord ya plus dr gamins et en plus java ya les mods
2021-08-05 17:12:08 [Twitter4J Async Dispatcher[0]] INFO  c.m.t.t.k.s.l.TwitterKafkaStatusListener - Twitter status with text @JoTomalin @edfringe @FringeReview Hi Jo,
so glad I found you here!

here's another sneak peek for 
GAYATRI
world premiere

'bringing old Java to the world'

@edfringe online, Aug 6-30
https://t.co/tNaXs7Azia

#TweetTheMedia #edfringe2021 https://t.co/ZjidAQYc2y
2021-08-05 17:12:08 [Twitter4J Async Dispatcher[0]] INFO  c.m.t.t.k.s.l.TwitterKafkaStatusListener - Twitter status with text Final grades are in! Congratulations to the Westminster Choir College students who are included in the Spring 2021 Dean's List!  https://t.co/xpB0LOV6nx

#wccproud #deanslist #achievers
2021-08-05 17:12:08 [Twitter4J Async Dispatcher[0]] INFO  c.m.t.t.k.s.l.TwitterKafkaStatusListener - Twitter status with text PANI, an Israeli product that prevents biofouling in water equipment, has been selected by FLC collaborative partner @TheWaterCouncil’s corporate sponsors as the winner of the spring 2021 Tech Challenge. https://t.co/TAN6Ctk9nb #FederalLabs
2021-08-05 17:12:10 [Twitter4J Async Dispatcher[0]] INFO  c.m.t.t.k.s.l.TwitterKafkaStatusListener - Twitter status with text RT @Logicadeio: In recent years, JavaScript has undoubtedly reached the top of its potential as well as the tech world. But is the end to i…
2021-08-05 17:12:11 [Twitter4J Async Dispatcher[0]] INFO  c.m.t.t.k.s.l.TwitterKafkaStatusListener - Twitter status with text RT @JimComparoni: Michigan State QB Anthony Russo says he has dropped 15 pounds since the spring and reduced his body fat by 5 pct. He is i…
2021-08-05 17:12:12 [Twitter4J Async Dispatcher[0]] INFO  c.m.t.t.k.s.l.TwitterKafkaStatusListener - Twitter status with text RT @davxoxo_: Iris van Herpen Spring Couture 2019 https://t.co/FNQ0PMYm05
2021-08-05 17:12:12 [Twitter4J Async Dispatcher[0]] INFO  c.m.t.t.k.s.l.TwitterKafkaStatusListener - Twitter status with text @btsvotingunite @BTS_twt 35. Spring Day

MTV HOTVOTE FOR BTS

I vote #BTS, #ARMY, #Butter, #ButterClipe, #PermissionToDance at the 2021 #MPN!
2021-08-05 17:12:14 [Twitter4J Async Dispatcher[0]] INFO  c.m.t.t.k.s.l.TwitterKafkaStatusListener - Twitter status with text RT @davxoxo_: Iris van Herpen Spring Couture 2019 https://t.co/FNQ0PMYm05
2021-08-05 17:12:14 [Twitter4J Async Dispatcher[0]] INFO  c.m.t.t.k.s.l.TwitterKafkaStatusListener - Twitter status with text RT @Philip_D_Hughes: Crosspoint Capital Partners Announces Investment in Software Security Pioneer ReversingLabs - Yahoo Finance https://t.…
2021-08-05 17:12:15 [Twitter4J Async Dispatcher[0]] INFO  c.m.t.t.k.s.l.TwitterKafkaStatusListener - Twitter status with text The Bride…🤍 https://t.co/OsFXRdcgKD
2021-08-05 17:12:15 [Twitter4J Async Dispatcher[0]] INFO  c.m.t.t.k.s.l.TwitterKafkaStatusListener - Twitter status with text RT @GameOfThronesIT: "L'inverno sta arrivando, l'ho detto molto tempo fa... ed è così. The Winds of Winter è molto in ritardo, lo so, ma ar…
2021-08-05 17:12:15 [Twitter4J Async Dispatcher[0]] INFO  c.m.t.t.k.s.l.TwitterKafkaStatusListener - Twitter status with text RT @sonots: Elastic社提供のクライアントライブラリからAmazon Elasticsearch Serviceに接続できなくなった。仲良くしてくれ。 / “Keeping clients of OpenSearch and Elasticsearch comp…
2021-08-05 17:12:16 [Twitter4J Async Dispatcher[0]] INFO  c.m.t.t.k.s.l.TwitterKafkaStatusListener - Twitter status with text RT @davxoxo_: Iris van Herpen Spring Couture 2019 https://t.co/FNQ0PMYm05
2021-08-05 17:12:17 [Twitter4J Async Dispatcher[0]] INFO  c.m.t.t.k.s.l.TwitterKafkaStatusListener - Twitter status with text RT @remote_dev_jobs: Senior Blockchain Engineer at Numbrs #Application #Design #Golang #Java #Security #Senior #Systems #Test 👉 https://t.c…
2021-08-05 17:12:18 [Twitter4J Async Dispatcher[0]] INFO  c.m.t.t.k.s.l.TwitterKafkaStatusListener - Twitter status with text #presale #blockchain #cryptotrading #investing #cryptocurrency #bitcoin #trading #altcoin #cryptonews
2021-08-05 17:12:18 [Twitter4J Async Dispatcher[0]] INFO  c.m.t.t.k.s.l.TwitterKafkaStatusListener - Twitter status with text As we prepare to move into our new Health Sciences Building next spring, we are excited by the announcement of funding for 60 new EV chargers in the #HSC underground parking lot. 
https://t.co/98COppJzH5

#BCITHealth #HealthSciences @bcitfcd
2021-08-05 17:12:18 [Twitter4J Async Dispatcher[0]] INFO  c.m.t.t.k.s.l.TwitterKafkaStatusListener - Twitter status with text like spring and summer>>>>
2021-08-05 17:12:19 [Twitter4J Async Dispatcher[0]] INFO  c.m.t.t.k.s.l.TwitterKafkaStatusListener - Twitter status with text RT @HiThatsChelsea: in-home spring water delivery, packaged in glass, is one of my favorite luxuries. https://t.co/OALI8YTj10
2021-08-05 17:12:19 [Twitter4J Async Dispatcher[0]] INFO  c.m.t.t.k.s.l.TwitterKafkaStatusListener - Twitter status with text RT @davxoxo_: Iris van Herpen Spring Couture 2019 https://t.co/FNQ0PMYm05
2021-08-05 17:12:20 [Twitter4J Async Dispatcher[0]] INFO  c.m.t.t.k.s.l.TwitterKafkaStatusListener - Twitter status with text RT @DanBacher: Record spring Chinook salmon run on #ButteCreek, a #SacramentoRiver tributary, turns into disaster as most fish die before s…
2021-08-05 17:12:20 [Twitter4J Async Dispatcher[0]] INFO  c.m.t.t.k.s.l.TwitterKafkaStatusListener - Twitter status with text RT @FieraZiana: @btsvotingunite @BTS_twt (33) SPRING DAY

MTV HOTVOTE FOR BTS 💜

I vote for #BTS, #Butter, and #ARMY at the #KCAMexico 2021…
2021-08-05 17:12:21 [Twitter4J Async Dispatcher[0]] INFO  c.m.t.t.k.s.l.TwitterKafkaStatusListener - Twitter status with text Can we do this pls????
2021-08-05 17:12:21 [Twitter4J Async Dispatcher[0]] INFO  c.m.t.t.k.s.l.TwitterKafkaStatusListener - Twitter status with text RT @sonots: Elastic社提供のクライアントライブラリからAmazon Elasticsearch Serviceに接続できなくなった。仲良くしてくれ。 / “Keeping clients of OpenSearch and Elasticsearch comp…
2021-08-05 17:12:21 [Twitter4J Async Dispatcher[0]] INFO  c.m.t.t.k.s.l.TwitterKafkaStatusListener - Twitter status with text RT @freelancerDm: What is Microsoft AI? #BigData #Analytics #DataScience #AI #MachineLearning #Azure #IoT #IIoT #PyTorch #Python #RStats #T…
2021-08-05 17:12:21 [Twitter4J Async Dispatcher[0]] INFO  c.m.t.t.k.s.l.TwitterKafkaStatusListener - Twitter status with text Buddhist Monks in Myanmar sent prayers for the immediate restoration of democracy and for the fallen heroes of Spring Revolution today.       LEGALIZATION OF NUG #WhatsHappeningInMyanmar #Aug5Coup https://t.co/DKzmIngbEM
2021-08-05 17:12:22 [Twitter4J Async Dispatcher[0]] INFO  c.m.t.t.k.s.l.TwitterKafkaStatusListener - Twitter status with text RT @FatGirl_fashion: . @ELOQUII Elements By @Walmart: Spring Look Book. 
I'm showing 5 Eloquii Elements pieces all for under $35. And a bon…
2021-08-05 17:12:23 [Twitter4J Async Dispatcher[0]] INFO  c.m.t.t.k.s.l.TwitterKafkaStatusListener - Twitter status with text nonton you are my spring emg harus irit2 gemes sendiri
2021-08-05 17:12:23 [Twitter4J Async Dispatcher[0]] INFO  c.m.t.t.k.s.l.TwitterKafkaStatusListener - Twitter status with text make dressing like this normal
2021-08-05 17:12:24 [Twitter4J Async Dispatcher[0]] INFO  c.m.t.t.k.s.l.TwitterKafkaStatusListener - Twitter status with text RT @idimeswaee_: DaBaby will no longer be performing at the Spring Bling Festival. Freestyle Unity are said to replace DaBaby performing at…
2021-08-05 17:12:24 [Twitter4J Async Dispatcher[0]] INFO  c.m.t.t.k.s.l.TwitterKafkaStatusListener - Twitter status with text @CP24 NO MORE  DEATH THEN previous years for a tad more  spring 2020 (1 year july to july normal death rate https://t.co/RY4GfYA768
2021-08-05 17:12:25 [Twitter4J Async Dispatcher[0]] INFO  c.m.t.t.k.s.l.TwitterKafkaStatusListener - Twitter status with text RT @soieange: Balenciaga Spring 2016 https://t.co/w3YjKtBimg
2021-08-05 17:12:25 [Twitter4J Async Dispatcher[0]] INFO  c.m.t.t.k.s.l.TwitterKafkaStatusListener - Twitter status with text Summer in Basque Country
2021-08-05 17:12:25 [Twitter4J Async Dispatcher[0]] INFO  c.m.t.t.k.s.l.TwitterKafkaStatusListener - Twitter status with text RT @rmoff: 🎉 If you're interested in @apachekafka then your life just got easier :) 
📣 Today we launched https://t.co/miVgM47DDS with over…
2021-08-05 17:12:27 [Twitter4J Async Dispatcher[0]] INFO  c.m.t.t.k.s.l.TwitterKafkaStatusListener - Twitter status with text RT @KSoltisAnderson: Key group of unvaxxed ppl aren’t ideologues. They’re ppl who saw cases falling this spring, made a personal cost-benef…
2021-08-05 17:12:28 [Twitter4J Async Dispatcher[0]] INFO  c.m.t.t.k.s.l.TwitterKafkaStatusListener - Twitter status with text RT @BlissfulSahir: Spring blooms every day in here, if you are in my smile.

         ♕
❉⊱Ϛąհìɾ⊰❉ https://t.co/FoJVYYpHVE
2021-08-05 17:12:29 [Twitter4J Async Dispatcher[0]] INFO  c.m.t.t.k.s.l.TwitterKafkaStatusListener - Twitter status with text @Nsedam30 is out of surgery. Toughest kid I know. Back 100% in 6 months or less. His spring/summer seasons of baseball are going to be fun. There really is no stopping him!
2021-08-05 17:12:30 [Twitter4J Async Dispatcher[0]] INFO  c.m.t.t.k.s.l.TwitterKafkaStatusListener - Twitter status with text RT @seesaw__yoongi: me belting out the lyrics to spring day  https://t.co/7qIarwJpWy
2021-08-05 17:12:31 [Twitter4J Async Dispatcher[0]] INFO  c.m.t.t.k.s.l.TwitterKafkaStatusListener - Twitter status with text RT @idimeswaee_: DaBaby will no longer be performing at the Spring Bling Festival. Freestyle Unity are said to replace DaBaby performing at…
2021-08-05 17:12:31 [Twitter4J Async Dispatcher[0]] INFO  c.m.t.t.k.s.l.TwitterKafkaStatusListener - Twitter status with text @AzureImpact “Okay, yeah, this definitely suits my style.”

With a grin, he dropped down on the opposing side of the small spring, finding his own rock to relax against. An audible sigh of content follows.

“I needed this. Still a bit sore after that brawl we had back at the guild.”
2021-08-05 17:12:31 [Twitter4J Async Dispatcher[0]] INFO  c.m.t.t.k.s.l.TwitterKafkaStatusListener - Twitter status with text RT @JasminexPurnima: They pull you down with full force but u made urself spring and fly as high as they pull you down..
You are you...
You…
2021-08-05 17:12:31 [Twitter4J Async Dispatcher[0]] INFO  c.m.t.t.k.s.l.TwitterKafkaStatusListener - Twitter status with text RT @dietrich_ed: FOR SALE - 2019 HORSCH Joker RT40 -  True 40ft working with - 43.5Ft Total width - VF Rear Tires - Spring Tine roller - Hy…
2021-08-05 17:12:31 [SpringApplicationShutdownHook] INFO  c.m.t.t.k.s.r.i.TwitterKafkaStreamRunner - twitterStream is not null: shutting down
2021-08-05 17:27:37 [main] INFO  c.m.t.t.k.s.TwitterToKafkaServiceApplication - Starting TwitterToKafkaServiceApplication using Java 11.0.12 on MBP-de-Yassire with PID 10678 (/Users/yassire/Documents/workspace/multi-view/microservices-demo/twitter-to-kafka-service/target/classes started by yassire in /Users/yassire/Documents/workspace/multi-view/microservices-demo/twitter-to-kafka-service)
2021-08-05 17:27:37 [main] INFO  c.m.t.t.k.s.TwitterToKafkaServiceApplication - No active profile set, falling back to default profiles: default
2021-08-05 17:27:38 [main] INFO  c.m.t.t.k.s.TwitterToKafkaServiceApplication - Started TwitterToKafkaServiceApplication in 0.943 seconds (JVM running for 1.497)
2021-08-05 17:27:38 [main] INFO  c.m.t.t.k.s.TwitterToKafkaServiceApplication - Application starts ...
2021-08-05 17:27:38 [main] INFO  c.m.t.t.k.s.TwitterToKafkaServiceApplication - [Java, Microservices, Spring, Kafka, Elasticsearch]
2021-08-05 17:27:38 [main] INFO  c.m.t.t.k.s.TwitterToKafkaServiceApplication - Hi Yassire
2021-08-05 17:27:38 [Twitter Stream consumer /  [1][initializing]] INFO  twitter4j.TwitterStreamImpl - Establishing connection.
2021-08-05 17:27:38 [main] INFO  c.m.t.t.k.s.r.i.TwitterKafkaStreamRunner - Started filtering twitter stream from keywords [Java, Microservices, Spring, Kafka, Elasticsearch]
2021-08-05 17:27:40 [Twitter Stream consumer /  [1][Establishing connection]] INFO  twitter4j.TwitterStreamImpl - Connection established.
2021-08-05 17:27:40 [Twitter Stream consumer /  [1][Establishing connection]] INFO  twitter4j.TwitterStreamImpl - Receiving status stream.
2021-08-05 17:27:40 [Twitter4J Async Dispatcher[0]] INFO  c.m.t.t.k.s.l.TwitterKafkaStatusListener - Twitter status with text RT @AliqaIllauq: My 3 year old self in caribou skin. 

Not only is it very warm, but it is also a floater. 

During the spring, there are m…
2021-08-05 17:27:40 [Twitter4J Async Dispatcher[0]] INFO  c.m.t.t.k.s.l.TwitterKafkaStatusListener - Twitter status with text I also asked my brother to cut the spring onions and he cut them so long??? I wasn't bothered to fix it tho 🤙
2021-08-05 17:27:41 [Twitter4J Async Dispatcher[0]] INFO  c.m.t.t.k.s.l.TwitterKafkaStatusListener - Twitter status with text RT @Okpala_IU: For the Spring/Fall 2022 Academic Year, I am pleased to announce the start of #ChatWithIfeanyi “Season 2” this week. To kick…
2021-08-05 17:27:42 [Twitter4J Async Dispatcher[0]] INFO  c.m.t.t.k.s.l.TwitterKafkaStatusListener - Twitter status with text finna read kafka again
2021-08-05 17:27:42 [Twitter4J Async Dispatcher[0]] INFO  c.m.t.t.k.s.l.TwitterKafkaStatusListener - Twitter status with text RT @BRAVENEWEUROPE1: “A great band of human misery now stretches more than 3,000 miles from Kabul to Tunis and 2,000 miles from Damascus to…
2021-08-05 17:27:42 [Twitter4J Async Dispatcher[0]] INFO  c.m.t.t.k.s.l.TwitterKafkaStatusListener - Twitter status with text RT @ttokitae: representation of ARMYs singing 'Spring Day': https://t.co/BSD0Yt6ZAc
2021-08-05 17:27:43 [Twitter4J Async Dispatcher[0]] INFO  c.m.t.t.k.s.l.TwitterKafkaStatusListener - Twitter status with text RT @minimoniarmy: แต่ ed sheeran กับhalsey เป็นคนดังฝั่งนู่นที่ดูจริงใจกับบังทันจริงๆนะ แบบไม่เหมือนบางคนอะ คือพี่เอ็ดก็ติดต่อบังทันมาก่อน…
2021-08-05 17:27:44 [Twitter4J Async Dispatcher[0]] INFO  c.m.t.t.k.s.l.TwitterKafkaStatusListener - Twitter status with text Buddhist Monks in Myanmar sent prayers for the immediate restoration of democracy and for the fallen heroes of Spring Revolution today.       LEGALIZATION OF NUG #WhatsHappeningInMyanmar #Aug5Coup https://t.co/GTHFsALKyV
2021-08-05 17:27:44 [Twitter4J Async Dispatcher[0]] INFO  c.m.t.t.k.s.l.TwitterKafkaStatusListener - Twitter status with text RT @taelobely: @01Btsxarmy Spring day

MTV HOTVOTE FOR BTS 
#MTVHottest BTS  (@BTS_twt)
2021-08-05 17:27:45 [Twitter4J Async Dispatcher[0]] INFO  c.m.t.t.k.s.l.TwitterKafkaStatusListener - Twitter status with text RT @JohnMoralesNBC6: Seasonal hurricane predictions arrive in spring then get updated in summer. Yesterday NOAA upped their 2021 Atlantic f…
2021-08-05 17:27:46 [Twitter4J Async Dispatcher[0]] INFO  c.m.t.t.k.s.l.TwitterKafkaStatusListener - Twitter status with text RT @davxoxo_: Iris van Herpen Spring Couture 2019 https://t.co/FNQ0PMYm05
2021-08-05 17:27:46 [Twitter4J Async Dispatcher[0]] INFO  c.m.t.t.k.s.l.TwitterKafkaStatusListener - Twitter status with text @btsvotingunite @BTS_twt 33. Spring Day

MTV HOTVOTE FOR BTS

#KCAMexico #BTS  #ARMY #BUTTER
2021-08-05 17:27:47 [Twitter4J Async Dispatcher[0]] INFO  c.m.t.t.k.s.l.TwitterKafkaStatusListener - Twitter status with text RT @soieange: Balenciaga Spring 2016 https://t.co/w3YjKtBimg
2021-08-05 17:27:47 [Twitter4J Async Dispatcher[0]] INFO  c.m.t.t.k.s.l.TwitterKafkaStatusListener - Twitter status with text @SKYRIDER4538 This is all I ever see since masks. This is how it happened during the Arab Spring. Different (for now) item. But soon that will become the full on hijab. Always wondered how that first generation of them allowed themselves to be covered up. No I know.
2021-08-05 17:27:47 [Twitter4J Async Dispatcher[0]] INFO  c.m.t.t.k.s.l.TwitterKafkaStatusListener - Twitter status with text @NavyGirl1983 Being in a vacation area I saw a big one. FL was shut down during Spring break. I shot a video in a empty WalMart of maybe 15 shoppers. My Daughter N laws mom said how are you so well stocked? I said do you see shoppers? FL coast  85% visitors. Winter not as many, but cheaper!
2021-08-05 17:27:47 [Twitter4J Async Dispatcher[0]] INFO  c.m.t.t.k.s.l.TwitterKafkaStatusListener - Twitter status with text Dreamed I was trapped in an Austin Java with a band playing a death metal cover of "Judy and the Dream of Horses."
2021-08-05 17:27:48 [Twitter4J Async Dispatcher[0]] INFO  c.m.t.t.k.s.l.TwitterKafkaStatusListener - Twitter status with text New #job: Java Developer  Location: Birmingham Salary: GBP35kpa - GBP80kpa .. https://t.co/DkwWKMEDQL #makeITeasy #jobs #hiring
2021-08-05 17:27:48 [Twitter4J Async Dispatcher[0]] INFO  c.m.t.t.k.s.l.TwitterKafkaStatusListener - Twitter status with text New #job: Java Developer  Location: Birmingham Salary: 35kpa - 80kpa .. https://t.co/vFpBa1N1AF #makeITeasy
2021-08-05 17:27:50 [Twitter4J Async Dispatcher[0]] INFO  c.m.t.t.k.s.l.TwitterKafkaStatusListener - Twitter status with text RT @YoungPaperwork: @East2WestReview I like the entire cast for one reason or another actually. Kafka is honestly a great lead and I tend n…
2021-08-05 17:27:51 [Twitter4J Async Dispatcher[0]] INFO  c.m.t.t.k.s.l.TwitterKafkaStatusListener - Twitter status with text G is for The Go-Betweens

I've been listening to @tracey_thorn's lovely "My Rock & Roll Friend" audiobook so...

Spring Hill Fair (Sire, 1984) https://t.co/H7yCSW9pOr
2021-08-05 17:27:51 [Twitter4J Async Dispatcher[0]] INFO  c.m.t.t.k.s.l.TwitterKafkaStatusListener - Twitter status with text Buddhist Monks in Myanmar sent prayers for the immediate restoration of democracy and for the fallen heroes of Spring Revolution today.       LEGALIZATION OF NUG #WhatsHappeningInMyanmar #Aug5Coup https://t.co/1Q5v36uZYJ
2021-08-05 17:27:51 [Twitter4J Async Dispatcher[0]] INFO  c.m.t.t.k.s.l.TwitterKafkaStatusListener - Twitter status with text RT @MultiStan1327: Boy Group Songs with Highest Digital Points On Gaon (2021)

#1 Dynamite - 505M
#2 Butter - 332M
#3 Savage Love Remix - 2…
2021-08-05 17:27:52 [Twitter4J Async Dispatcher[0]] INFO  c.m.t.t.k.s.l.TwitterKafkaStatusListener - Twitter status with text I’m clumsy af but this is so cute
2021-08-05 17:27:53 [Twitter4J Async Dispatcher[0]] INFO  c.m.t.t.k.s.l.TwitterKafkaStatusListener - Twitter status with text RT @bleudeyeri: น้องเค้ก x miu miu spring 2021 — a lovely thread 🎀🧚🏻⭐️ https://t.co/EQf7IDqQVP
2021-08-05 17:27:53 [Twitter4J Async Dispatcher[0]] INFO  c.m.t.t.k.s.l.TwitterKafkaStatusListener - Twitter status with text @doptedsuperhero Spring breakers matum than mokkaya irunchu, paatha varaikum a24 la
2021-08-05 17:27:53 [Twitter4J Async Dispatcher[0]] INFO  c.m.t.t.k.s.l.TwitterKafkaStatusListener - Twitter status with text Buddhist Monks in Myanmar sent prayers for the immediate restoration of democracy and for the fallen heroes of Spring Revolution today.       LEGALIZATION OF NUG #WhatsHappeningInMyanmar #Aug5Coup https://t.co/vksZewYFQl
2021-08-05 17:27:54 [Twitter4J Async Dispatcher[0]] INFO  c.m.t.t.k.s.l.TwitterKafkaStatusListener - Twitter status with text In today’s LCR 👇👇👇
2021-08-05 17:27:56 [Twitter4J Async Dispatcher[0]] INFO  c.m.t.t.k.s.l.TwitterKafkaStatusListener - Twitter status with text RT @anatisha: @MrsTOH2O @BTS_twt Wow wow, this week is all about spring facts, I like it. https://t.co/Alc9eJ6O0i
2021-08-05 17:27:57 [Twitter4J Async Dispatcher[0]] INFO  c.m.t.t.k.s.l.TwitterKafkaStatusListener - Twitter status with text JavaをやるのとFGOやるのが確定しました、ありがとうございました
2021-08-05 17:27:57 [Twitter4J Async Dispatcher[0]] INFO  c.m.t.t.k.s.l.TwitterKafkaStatusListener - Twitter status with text RT @soieange: Balenciaga Spring 2016 https://t.co/w3YjKtBimg
2021-08-05 17:27:58 [Twitter4J Async Dispatcher[0]] INFO  c.m.t.t.k.s.l.TwitterKafkaStatusListener - Twitter status with text RT @samnewman: As a "what the hell is datamesh?" video intro, the resources here are great: https://t.co/u8MTQ6tS0c
The videos are from @co…
2021-08-05 17:27:59 [Twitter4J Async Dispatcher[0]] INFO  c.m.t.t.k.s.l.TwitterKafkaStatusListener - Twitter status with text RT @Birdyword: This gets to the nub of the (much derided) "if not now, when" argument for reopening. If you're not currently happy to reope…
2021-08-05 17:28:01 [Twitter4J Async Dispatcher[0]] INFO  c.m.t.t.k.s.l.TwitterKafkaStatusListener - Twitter status with text 5’10 185 Versatile DB
🚨Recruitment 100% Open🚨
Monroe College (New Rochelle) NY
3.0 GPA Spring Ball ‘21 
https://t.co/UWhw8QhNDj
2021-08-05 17:28:01 [Twitter4J Async Dispatcher[0]] INFO  c.m.t.t.k.s.l.TwitterKafkaStatusListener - Twitter status with text RT @dstathopoulou58: do you know why the saying ..... "when you deserve then you have enemies " prevails ?
We all see it especially during…
2021-08-05 17:28:01 [Twitter4J Async Dispatcher[0]] INFO  c.m.t.t.k.s.l.TwitterKafkaStatusListener - Twitter status with text วิทย์ให้คำตอบไม่ได้เลยเชื่อเรื่องคำสาบานที่ไม่รู้ของชาติไหนสักชาติ แต่ตอนนี้ไม่ฝันแล้วไงน้ำ เลิกคิดมากได้แล้ว จริงๆคิดว่าตัวเองเป็นโรคกลัวความรักมั้ย แต่ข้อมูลเราก็ไม่ตรง แต่เรื่อง you are my spring ก็มีข้อความประมาณว่า แย่แล้วสิเวลาเริ่มรู้สึกกับใครสักคน ซึ่งเราเป็นแบบนั้น
2021-08-05 17:28:01 [Twitter4J Async Dispatcher[0]] INFO  c.m.t.t.k.s.l.TwitterKafkaStatusListener - Twitter status with text RT @roopenshu: Whoever made this vid, did a good job by indirectly sending a message to society for - Attacking Men, His Patience, Playing…
2021-08-05 17:28:01 [Twitter4J Async Dispatcher[0]] INFO  c.m.t.t.k.s.l.TwitterKafkaStatusListener - Twitter status with text Elasticsearch と OpenSearch, どちらが正しいとか悪いとかではなく、ここまで決裂してしまったのが不幸な出来事という感じ
2021-08-05 17:28:01 [Twitter4J Async Dispatcher[0]] INFO  c.m.t.t.k.s.l.TwitterKafkaStatusListener - Twitter status with text 💀💀💀💀bye
2021-08-05 17:28:01 [Twitter4J Async Dispatcher[0]] INFO  c.m.t.t.k.s.l.TwitterKafkaStatusListener - Twitter status with text RT @getFANDOM: Star Wars: Galactic Starcruiser hotel experience hones in on spring 2022 opening date at @WaltDisneyWorld 💫 https://t.co/JOF…
2021-08-05 17:28:04 [Twitter4J Async Dispatcher[0]] INFO  c.m.t.t.k.s.l.TwitterKafkaStatusListener - Twitter status with text @InterviewHer พระแก้วมอ in SIRIVANNAVARI AND S’HOMME SPRING/SUMMER 2021 Collection.
2021-08-05 17:28:04 [Twitter4J Async Dispatcher[0]] INFO  c.m.t.t.k.s.l.TwitterKafkaStatusListener - Twitter status with text RT @BlissfulSahir: Spring blooms every day in here, if you are in my smile.

         ♕
❉⊱Ϛąհìɾ⊰❉ https://t.co/FoJVYYpHVE
2021-08-05 17:28:05 [Twitter4J Async Dispatcher[0]] INFO  c.m.t.t.k.s.l.TwitterKafkaStatusListener - Twitter status with text Clever this, they scare everyone into getting the vaccine at the start of spring, when flu season is over, and it's not actually effective for the next flu season. Clever, well clever if your aim is to make billions.
2021-08-05 17:28:06 [Twitter4J Async Dispatcher[0]] INFO  c.m.t.t.k.s.l.TwitterKafkaStatusListener - Twitter status with text Buddhist Monks in Myanmar sent prayers for the immediate restoration of democracy and for the fallen heroes of Spring Revolution today.       LEGALIZATION OF NUG #WhatsHappeningInMyanmar #Aug5Coup https://t.co/TZ4YnCUk39
2021-08-05 17:28:07 [Twitter4J Async Dispatcher[0]] INFO  c.m.t.t.k.s.l.TwitterKafkaStatusListener - Twitter status with text ランキング:47位「ゲーム」(01:28)

DualShock 4 Back Button Attachment…

価格:￥3,485
レビュー数:9,724
https://t.co/uVQu2IT7Fw
2021-08-05 17:28:08 [Twitter4J Async Dispatcher[0]] INFO  c.m.t.t.k.s.l.TwitterKafkaStatusListener - Twitter status with text The Spring Girls Sixth Grade Alpine Skiing event scheduled for 9/4/2021 has been postponed. Go to https://t.co/DDCXYpohuY for more details and to follow your favorite teams! Sponsored by CollegeAdvisor #CollegeAdvisor https://t.co/XjFBcDF63P
2021-08-05 17:28:09 [Twitter4J Async Dispatcher[0]] INFO  c.m.t.t.k.s.l.TwitterKafkaStatusListener - Twitter status with text @bangswiftlover Why diye bi dizisi vardı mini dizi oda güzeldi öneririm bide at a distance spring is green ve my roomate is gumiho vardı bunları bitirmiştim çok güzellerdi 🐱
2021-08-05 17:28:09 [Twitter4J Async Dispatcher[0]] INFO  c.m.t.t.k.s.l.TwitterKafkaStatusListener - Twitter status with text RT @minimoniarmy: แต่ ed sheeran กับhalsey เป็นคนดังฝั่งนู่นที่ดูจริงใจกับบังทันจริงๆนะ แบบไม่เหมือนบางคนอะ คือพี่เอ็ดก็ติดต่อบังทันมาก่อน…
2021-08-05 17:28:09 [Twitter4J Async Dispatcher[0]] INFO  c.m.t.t.k.s.l.TwitterKafkaStatusListener - Twitter status with text RT @CraigKellyMP: Something TERRIBLY WRONG when 18 yr old rushed to emergency room AND told he was having a heart attack & suffering from m…
2021-08-05 17:28:09 [Twitter4J Async Dispatcher[0]] INFO  c.m.t.t.k.s.l.TwitterKafkaStatusListener - Twitter status with text RT @GirlsFrontlineE: Dear Commanders,
UMP 45’s Lonely Traveler of Eternity, featuring Simplified Live2D animation, will be available in the…
2021-08-05 17:28:10 [Twitter4J Async Dispatcher[0]] INFO  c.m.t.t.k.s.l.TwitterKafkaStatusListener - Twitter status with text #bestprice #retweet Spring Europe stars simple peep toe buckle feather shoes sexy high-heeled sandals party dress shoes red black  https://t.co/ru9mXzdtIe https://t.co/TAKIBSgrVR
2021-08-05 17:28:11 [Twitter4J Async Dispatcher[0]] INFO  c.m.t.t.k.s.l.TwitterKafkaStatusListener - Twitter status with text ai nn sei gente kkkk amo muito a parte visual de spring day e de bs&t

I vote for #BTS  #Butter and #ARMY at the #KCAMexico  2021 @BTS_twt
2021-08-05 17:28:11 [Twitter4J Async Dispatcher[0]] INFO  c.m.t.t.k.s.l.TwitterKafkaStatusListener - Twitter status with text RT @TheStrykerIVS: Congratulations to Dr. Osman Tahir of @DesertRadiology in Las Vegas, NV, for completing his first SpineJack system case…
2021-08-05 17:28:13 [Twitter4J Async Dispatcher[0]] INFO  c.m.t.t.k.s.l.TwitterKafkaStatusListener - Twitter status with text RT @couturegalaxy: chanel spring 1994 https://t.co/etRclR5Hx8
2021-08-05 17:28:13 [Twitter4J Async Dispatcher[0]] INFO  c.m.t.t.k.s.l.TwitterKafkaStatusListener - Twitter status with text RT @bleudeyeri: น้องเค้ก x miu miu spring 2021 — a lovely thread 🎀🧚🏻⭐️ https://t.co/EQf7IDqQVP
2021-08-05 17:28:14 [Twitter4J Async Dispatcher[0]] INFO  c.m.t.t.k.s.l.TwitterKafkaStatusListener - Twitter status with text RT @myglyricbot: yeah for someone, i'm spring; for another, winter. for someone, i'm the end; for another, the beginning. i'm someone's hap…
2021-08-05 17:28:16 [Twitter4J Async Dispatcher[0]] INFO  c.m.t.t.k.s.l.TwitterKafkaStatusListener - Twitter status with text RT @ttokitae: representation of ARMYs singing 'Spring Day': https://t.co/BSD0Yt6ZAc
2021-08-05 17:28:19 [Twitter4J Async Dispatcher[0]] INFO  c.m.t.t.k.s.l.TwitterKafkaStatusListener - Twitter status with text @moonareas Sensei kunshu, Omoi omoware furi furare, Waiting for spring. Ini yang live action semua seru haru nonton. 😄
2021-08-05 17:28:20 [Twitter4J Async Dispatcher[0]] INFO  c.m.t.t.k.s.l.TwitterKafkaStatusListener - Twitter status with text RT @Doxyaxone: 20 Core #DataScience Concepts for Beginners. #Python #BigData #Analytics #AI #IoT #IIoT #Azure #RStats #DotNet #CPP #Java #F…
2021-08-05 17:28:21 [Twitter4J Async Dispatcher[0]] INFO  c.m.t.t.k.s.l.TwitterKafkaStatusListener - Twitter status with text Franz Kafka’nın da dediği gibi ‘’pek çok şeyin bambaşka olmasını isterdim.’’
2021-08-05 17:28:21 [Twitter4J Async Dispatcher[0]] INFO  c.m.t.t.k.s.l.TwitterKafkaStatusListener - Twitter status with text Elie Saab, Couture Spring 2015 https://t.co/tIdD4QPX9e
2021-08-05 17:28:22 [Twitter4J Async Dispatcher[0]] INFO  c.m.t.t.k.s.l.TwitterKafkaStatusListener - Twitter status with text LEGALIZATION OF NUG
#Aug5Coup 
#WhatsHappeningInMyanmar
2021-08-05 17:28:23 [Twitter4J Async Dispatcher[0]] INFO  c.m.t.t.k.s.l.TwitterKafkaStatusListener - Twitter status with text RT @idimeswaee_: DaBaby will no longer be performing at the Spring Bling Festival. Freestyle Unity are said to replace DaBaby performing at…
2021-08-05 17:28:25 [Twitter4J Async Dispatcher[0]] INFO  c.m.t.t.k.s.l.TwitterKafkaStatusListener - Twitter status with text @moviemenfes You are my spring
2021-08-05 17:28:25 [Twitter4J Async Dispatcher[0]] INFO  c.m.t.t.k.s.l.TwitterKafkaStatusListener - Twitter status with text @EllieGSing trusted tv doctors on the news shows spent weeks telling them to wash groceries back in spring 2020. there is a public health impact to entertainment news.
2021-08-05 17:28:31 [Twitter4J Async Dispatcher[0]] INFO  c.m.t.t.k.s.l.TwitterKafkaStatusListener - Twitter status with text RT @wesrucker247: #Vols RB Tiyon Evans, who arrived from juco in the spring: I love Knoxville. Like, for real. I love it. Loved it the seco…
2021-08-05 17:28:31 [Twitter4J Async Dispatcher[0]] INFO  c.m.t.t.k.s.l.TwitterKafkaStatusListener - Twitter status with text A single act of kindness throws out roots in all directions, and the roots spring up and make new trees. #kindness https://t.co/uanBNnmLlN
2021-08-05 17:28:31 [Twitter4J Async Dispatcher[0]] INFO  c.m.t.t.k.s.l.TwitterKafkaStatusListener - Twitter status with text RT @idimeswaee_: DaBaby will no longer be performing at the Spring Bling Festival. Freestyle Unity are said to replace DaBaby performing at…
2021-08-05 17:28:31 [Twitter4J Async Dispatcher[0]] INFO  c.m.t.t.k.s.l.TwitterKafkaStatusListener - Twitter status with text @moonareas Sensei kunshu, Omoi omoware furi furare, Waiting for spring. Ini yang live action semua seru harus nonton. 😄
2021-08-05 17:28:32 [Twitter4J Async Dispatcher[0]] INFO  c.m.t.t.k.s.l.TwitterKafkaStatusListener - Twitter status with text ❤️Get smelly.  Garlic, onions, spring onions and leeks all contain stuff that’s good for you. 
A study at the Child’s Health Institute in Cape Town found that eating raw garlic helped fight serious childhood infections.
#Chemistry #healthcare
#science 
#medicine
2021-08-05 17:28:32 [Twitter4J Async Dispatcher[0]] INFO  c.m.t.t.k.s.l.TwitterKafkaStatusListener - Twitter status with text Once upon a time, Java the outstanding programming language left their home. Java went home.
2021-08-05 17:28:34 [Twitter4J Async Dispatcher[0]] INFO  c.m.t.t.k.s.l.TwitterKafkaStatusListener - Twitter status with text Year 29 is starting and I still love what I do!! As a 5th grade ELA teacher in Klein ISD, Spring, TX, I work to make a difference in the students I serve! Cheers to a GREAT 21-22 school year!  📚✏️🍎Check out my list on Amazon https://t.co/KqyRW7xCWP #Amazon
2021-08-05 17:28:35 [Twitter4J Async Dispatcher[0]] INFO  c.m.t.t.k.s.l.TwitterKafkaStatusListener - Twitter status with text RT @FieraZiana: @btsvotingunite @BTS_twt (33) SPRING DAY

MTV HOTVOTE FOR BTS 💜

I vote for #BTS, #Butter, and #ARMY at the #KCAMexico 2021…
2021-08-05 17:28:35 [Twitter4J Async Dispatcher[0]] INFO  c.m.t.t.k.s.l.TwitterKafkaStatusListener - Twitter status with text Hahahaha is Yoongi teasing me?
2021-08-05 17:28:35 [Twitter4J Async Dispatcher[0]] INFO  c.m.t.t.k.s.l.TwitterKafkaStatusListener - Twitter status with text This 3 BD/ 3 BA in Spring MUST be seen. Call, text or direct message me for more info!  https://t.co/zDeQt9yDBg https://t.co/RJTjIh7qKi
2021-08-05 17:28:38 [Twitter4J Async Dispatcher[0]] INFO  c.m.t.t.k.s.l.TwitterKafkaStatusListener - Twitter status with text Buddhist Monks in Myanmar sent prayers for the immediate restoration of democracy and for the fallen heroes of Spring Revolution today.       LEGALIZATION OF NUG #WhatsHappeningInMyanmar #Aug5Coup https://t.co/HLmBdFwb1r
2021-08-05 17:28:38 [Twitter4J Async Dispatcher[0]] INFO  c.m.t.t.k.s.l.TwitterKafkaStatusListener - Twitter status with text @glonkable I paid mine off this spring.  I haven’t bought more shit. https://t.co/161UQxvUhy
2021-08-05 17:28:38 [Twitter4J Async Dispatcher[0]] INFO  c.m.t.t.k.s.l.TwitterKafkaStatusListener - Twitter status with text RT @BB_Votaciones: 𝐌𝐓𝐕 𝐇𝐎𝐓𝐓𝐄𝐒𝐓 𝐒𝐔𝐏𝐄𝐑𝐒𝐓𝐀𝐑🗳️

Elige 1 opción
—Dionysus o UGH!
—Spring Day o Butter
—Magic Shop o Pied Piper 
—Save Me o Jamai…
2021-08-05 17:28:38 [Twitter4J Async Dispatcher[0]] INFO  c.m.t.t.k.s.l.TwitterKafkaStatusListener - Twitter status with text RT @WannaOneUpdate: Let's meet again when the next spring breeze passes, Kang Daniel! 🍃

#강다니엘 #KangDaniel #WannaOne_11_Stars https://t.co/…
2021-08-05 17:28:39 [Twitter4J Async Dispatcher[0]] INFO  c.m.t.t.k.s.l.TwitterKafkaStatusListener - Twitter status with text RT @love_YF9: من بين أفضل 10 اغاني نقاط ديجتال في جاوون لفرق الذكور 8 لأغاني لبانقتان رغم كل العودات وطبعا لأغاني متعددة من 2017 و 2019، 20…
2021-08-05 17:28:39 [Twitter4J Async Dispatcher[0]] INFO  c.m.t.t.k.s.l.TwitterKafkaStatusListener - Twitter status with text 🤍🤍
2021-08-05 17:28:40 [Twitter4J Async Dispatcher[0]] INFO  c.m.t.t.k.s.l.TwitterKafkaStatusListener - Twitter status with text -->midnight 6/6
-->Babydoll 2/2
Heirloom 2/3
fluttering butterfly 2/4
Miss Lady Rose 1/3
Darling Valentina 1/4
Spring Cherry 4/6
Royal Rebel 1/5
mon cheri 1/6
Winter Guardian 2/5
Dear Dollie 4/6
Shadow Empress 2/5
Princess Starfrost 2/6
summer fantasy 2/6
i gues it's not that bad
2021-08-05 17:28:40 [Twitter4J Async Dispatcher[0]] INFO  c.m.t.t.k.s.l.TwitterKafkaStatusListener - Twitter status with text GOT MY TICKETS FOR CALL ME IF YOU GET LOST TOUR SPRING HERE I come!!!
2021-08-05 17:28:41 [Twitter4J Async Dispatcher[0]] INFO  c.m.t.t.k.s.l.TwitterKafkaStatusListener - Twitter status with text PictureThis - Identifique suas plantas instantaneamente.
https://t.co/9WTuncwVDk
2021-08-05 17:28:41 [Twitter4J Async Dispatcher[0]] INFO  c.m.t.t.k.s.l.TwitterKafkaStatusListener - Twitter status with text @Abzol Yeah so I’d say stick to Python then. Java is too pure-pain for a first language
2021-08-05 17:28:41 [Twitter4J Async Dispatcher[0]] INFO  c.m.t.t.k.s.l.TwitterKafkaStatusListener - Twitter status with text RT @JohnMoralesNBC6: Seasonal hurricane predictions arrive in spring then get updated in summer. Yesterday NOAA upped their 2021 Atlantic f…
2021-08-05 17:28:42 [Twitter4J Async Dispatcher[0]] INFO  c.m.t.t.k.s.l.TwitterKafkaStatusListener - Twitter status with text RT @mariemarie2222: Carl Vilhelm Holsøe
(1863 – 1935)

Interior, Light of Spring 
Detail https://t.co/OthY2Y2pLk
2021-08-05 17:28:43 [Twitter4J Async Dispatcher[0]] INFO  c.m.t.t.k.s.l.TwitterKafkaStatusListener - Twitter status with text RT @GRL_official: 2021 Spring&Summer
齋藤飛鳥さん（乃木坂46）🌻

👇着用アイテムはこちら👇
https://t.co/A3LnEkJSPU

#齋藤飛鳥 #あしゅ #乃木坂46 #GRL #グレイル https://t.co/rbVvrS…
2021-08-05 17:28:44 [SpringApplicationShutdownHook] INFO  c.m.t.t.k.s.r.i.TwitterKafkaStreamRunner - twitterStream is not null: shutting down
