2021-09-12 17:40:18 [background-preinit] INFO  o.h.validator.internal.util.Version - HV000001: Hibernate Validator 6.1.5.Final
2021-09-12 17:40:19 [main] INFO  c.m.demo.config.server.ConfigServer - No active profile set, falling back to default profiles: default
2021-09-12 17:40:20 [main] INFO  o.s.cloud.context.scope.GenericScope - BeanFactory id=211883ea-b182-39c9-8972-494cd14a7ba6
2021-09-12 17:40:20 [main] INFO  o.s.b.w.e.tomcat.TomcatWebServer - Tomcat initialized with port(s): 8888 (http)
2021-09-12 17:40:20 [main] INFO  o.a.coyote.http11.Http11NioProtocol - Initializing ProtocolHandler ["http-nio-8888"]
2021-09-12 17:40:20 [main] INFO  o.a.catalina.core.StandardService - Starting service [Tomcat]
2021-09-12 17:40:20 [main] INFO  o.a.catalina.core.StandardEngine - Starting Servlet engine: [Apache Tomcat/9.0.38]
2021-09-12 17:40:20 [main] INFO  o.a.c.c.C.[Tomcat].[localhost].[/] - Initializing Spring embedded WebApplicationContext
2021-09-12 17:40:20 [main] INFO  o.s.b.w.s.c.ServletWebServerApplicationContext - Root WebApplicationContext: initialization completed in 1204 ms
2021-09-12 17:40:20 [main] INFO  o.s.s.c.ThreadPoolTaskExecutor - Initializing ExecutorService 'applicationTaskExecutor'
2021-09-12 17:40:23 [main] INFO  o.s.s.web.DefaultSecurityFilterChain - Creating filter chain: any request, [org.springframework.security.web.context.request.async.WebAsyncManagerIntegrationFilter@5cbe72b9, org.springframework.security.web.context.SecurityContextPersistenceFilter@621392ea, org.springframework.security.web.header.HeaderWriterFilter@141dfcf9, org.springframework.security.web.csrf.CsrfFilter@5b23c1f6, org.springframework.security.web.authentication.logout.LogoutFilter@546083d6, org.springframework.security.web.authentication.UsernamePasswordAuthenticationFilter@32646ecf, org.springframework.security.web.authentication.ui.DefaultLoginPageGeneratingFilter@145fe8ab, org.springframework.security.web.authentication.ui.DefaultLogoutPageGeneratingFilter@27fc0217, org.springframework.security.web.authentication.www.BasicAuthenticationFilter@7b9c2387, org.springframework.security.web.savedrequest.RequestCacheAwareFilter@23ec63af, org.springframework.security.web.servletapi.SecurityContextHolderAwareRequestFilter@520c3dcb, org.springframework.security.web.authentication.AnonymousAuthenticationFilter@e993715, org.springframework.security.web.session.SessionManagementFilter@63eea8c4, org.springframework.security.web.access.ExceptionTranslationFilter@397a10df, org.springframework.security.web.access.intercept.FilterSecurityInterceptor@5c3710b3]
2021-09-12 17:40:23 [main] INFO  o.s.b.a.e.web.EndpointLinksResolver - Exposing 2 endpoint(s) beneath base path '/actuator'
2021-09-12 17:40:23 [main] INFO  o.a.coyote.http11.Http11NioProtocol - Starting ProtocolHandler ["http-nio-8888"]
2021-09-12 17:40:23 [main] INFO  o.s.b.w.e.tomcat.TomcatWebServer - Tomcat started on port(s): 8888 (http) with context path ''
2021-09-12 17:40:23 [main] INFO  c.m.demo.config.server.ConfigServer - Started ConfigServer in 5.685 seconds (JVM running for 6.538)
2021-09-12 17:40:32 [http-nio-8888-exec-1] INFO  o.a.c.c.C.[Tomcat].[localhost].[/] - Initializing Spring DispatcherServlet 'dispatcherServlet'
2021-09-12 17:40:32 [http-nio-8888-exec-1] INFO  o.s.web.servlet.DispatcherServlet - Initializing Servlet 'dispatcherServlet'
2021-09-12 17:40:32 [http-nio-8888-exec-1] INFO  o.s.web.servlet.DispatcherServlet - Completed initialization in 8 ms
2021-09-12 17:41:29 [http-nio-8888-exec-9] INFO  o.s.c.c.s.e.NativeEnvironmentRepository - Adding property source: file:/var/folders/hn/50l6hmf51b3643s_ht33qnwc0000gn/T/config-repo-3261148481117393987/config-client-twitter_to_kafka.yml
2021-09-12 17:41:29 [http-nio-8888-exec-9] INFO  o.s.c.c.s.e.NativeEnvironmentRepository - Adding property source: file:/var/folders/hn/50l6hmf51b3643s_ht33qnwc0000gn/T/config-repo-3261148481117393987/config-client.yml
2021-09-12 17:45:45 [SpringContextShutdownHook] INFO  o.s.s.c.ThreadPoolTaskExecutor - Shutting down ExecutorService 'applicationTaskExecutor'
2021-09-12 17:46:05 [background-preinit] INFO  o.h.validator.internal.util.Version - HV000001: Hibernate Validator 6.1.5.Final
2021-09-12 17:46:06 [main] INFO  c.m.demo.config.server.ConfigServer - No active profile set, falling back to default profiles: default
2021-09-12 17:46:07 [main] INFO  o.s.cloud.context.scope.GenericScope - BeanFactory id=2a519873-3bf9-3410-9240-bed5bf7485b8
2021-09-12 17:46:07 [main] INFO  o.s.b.w.e.tomcat.TomcatWebServer - Tomcat initialized with port(s): 8888 (http)
2021-09-12 17:46:07 [main] INFO  o.a.coyote.http11.Http11NioProtocol - Initializing ProtocolHandler ["http-nio-8888"]
2021-09-12 17:46:07 [main] INFO  o.a.catalina.core.StandardService - Starting service [Tomcat]
2021-09-12 17:46:07 [main] INFO  o.a.catalina.core.StandardEngine - Starting Servlet engine: [Apache Tomcat/9.0.38]
2021-09-12 17:46:07 [main] INFO  o.a.c.c.C.[Tomcat].[localhost].[/] - Initializing Spring embedded WebApplicationContext
2021-09-12 17:46:07 [main] INFO  o.s.b.w.s.c.ServletWebServerApplicationContext - Root WebApplicationContext: initialization completed in 1236 ms
2021-09-12 17:46:07 [main] INFO  o.s.s.c.ThreadPoolTaskExecutor - Initializing ExecutorService 'applicationTaskExecutor'
2021-09-12 17:46:10 [main] INFO  o.s.s.web.DefaultSecurityFilterChain - Creating filter chain: Ant [pattern='/encrypt/*'], []
2021-09-12 17:46:10 [main] INFO  o.s.s.web.DefaultSecurityFilterChain - Creating filter chain: Ant [pattern='/decrypt/*'], []
2021-09-12 17:46:10 [main] INFO  o.s.s.web.DefaultSecurityFilterChain - Creating filter chain: any request, [org.springframework.security.web.context.request.async.WebAsyncManagerIntegrationFilter@4e61a863, org.springframework.security.web.context.SecurityContextPersistenceFilter@280d6a20, org.springframework.security.web.header.HeaderWriterFilter@19924f15, org.springframework.security.web.csrf.CsrfFilter@299cab08, org.springframework.security.web.authentication.logout.LogoutFilter@7fb82f73, org.springframework.security.web.authentication.UsernamePasswordAuthenticationFilter@68f9e807, org.springframework.security.web.authentication.ui.DefaultLoginPageGeneratingFilter@6e67a8c0, org.springframework.security.web.authentication.ui.DefaultLogoutPageGeneratingFilter@35f01759, org.springframework.security.web.authentication.www.BasicAuthenticationFilter@12e2f5ab, org.springframework.security.web.savedrequest.RequestCacheAwareFilter@71285693, org.springframework.security.web.servletapi.SecurityContextHolderAwareRequestFilter@5d3634c8, org.springframework.security.web.authentication.AnonymousAuthenticationFilter@2fea9a7b, org.springframework.security.web.session.SessionManagementFilter@35524549, org.springframework.security.web.access.ExceptionTranslationFilter@a7bbdbc, org.springframework.security.web.access.intercept.FilterSecurityInterceptor@8b1202a]
2021-09-12 17:46:10 [main] INFO  o.s.b.a.e.web.EndpointLinksResolver - Exposing 2 endpoint(s) beneath base path '/actuator'
2021-09-12 17:46:10 [main] INFO  o.a.coyote.http11.Http11NioProtocol - Starting ProtocolHandler ["http-nio-8888"]
2021-09-12 17:46:10 [main] INFO  o.s.b.w.e.tomcat.TomcatWebServer - Tomcat started on port(s): 8888 (http) with context path ''
2021-09-12 17:46:10 [main] INFO  c.m.demo.config.server.ConfigServer - Started ConfigServer in 5.577 seconds (JVM running for 6.218)
2021-09-12 17:47:14 [http-nio-8888-exec-1] INFO  o.a.c.c.C.[Tomcat].[localhost].[/] - Initializing Spring DispatcherServlet 'dispatcherServlet'
2021-09-12 17:47:14 [http-nio-8888-exec-1] INFO  o.s.web.servlet.DispatcherServlet - Initializing Servlet 'dispatcherServlet'
2021-09-12 17:47:14 [http-nio-8888-exec-1] INFO  o.s.web.servlet.DispatcherServlet - Completed initialization in 13 ms
2021-09-12 17:48:33 [SpringContextShutdownHook] INFO  o.s.s.c.ThreadPoolTaskExecutor - Shutting down ExecutorService 'applicationTaskExecutor'
2021-09-12 17:48:52 [background-preinit] INFO  o.h.validator.internal.util.Version - HV000001: Hibernate Validator 6.1.5.Final
2021-09-12 17:48:53 [main] INFO  c.m.demo.config.server.ConfigServer - No active profile set, falling back to default profiles: default
2021-09-12 17:48:54 [main] INFO  o.s.cloud.context.scope.GenericScope - BeanFactory id=2a519873-3bf9-3410-9240-bed5bf7485b8
2021-09-12 17:48:54 [main] INFO  o.s.b.w.e.tomcat.TomcatWebServer - Tomcat initialized with port(s): 8888 (http)
2021-09-12 17:48:54 [main] INFO  o.a.coyote.http11.Http11NioProtocol - Initializing ProtocolHandler ["http-nio-8888"]
2021-09-12 17:48:54 [main] INFO  o.a.catalina.core.StandardService - Starting service [Tomcat]
2021-09-12 17:48:54 [main] INFO  o.a.catalina.core.StandardEngine - Starting Servlet engine: [Apache Tomcat/9.0.38]
2021-09-12 17:48:54 [main] INFO  o.a.c.c.C.[Tomcat].[localhost].[/] - Initializing Spring embedded WebApplicationContext
2021-09-12 17:48:54 [main] INFO  o.s.b.w.s.c.ServletWebServerApplicationContext - Root WebApplicationContext: initialization completed in 1039 ms
2021-09-12 17:48:54 [main] INFO  o.s.s.c.ThreadPoolTaskExecutor - Initializing ExecutorService 'applicationTaskExecutor'
2021-09-12 17:48:57 [main] INFO  o.s.s.web.DefaultSecurityFilterChain - Creating filter chain: Ant [pattern='/encrypt/*'], []
2021-09-12 17:48:57 [main] INFO  o.s.s.web.DefaultSecurityFilterChain - Creating filter chain: Ant [pattern='/decrypt/*'], []
2021-09-12 17:48:57 [main] INFO  o.s.s.web.DefaultSecurityFilterChain - Creating filter chain: any request, [org.springframework.security.web.context.request.async.WebAsyncManagerIntegrationFilter@2cff5aa3, org.springframework.security.web.context.SecurityContextPersistenceFilter@39a865c1, org.springframework.security.web.header.HeaderWriterFilter@3516b881, org.springframework.security.web.csrf.CsrfFilter@46de118b, org.springframework.security.web.authentication.logout.LogoutFilter@24068086, org.springframework.security.web.authentication.UsernamePasswordAuthenticationFilter@160546b1, org.springframework.security.web.authentication.ui.DefaultLoginPageGeneratingFilter@3199a202, org.springframework.security.web.authentication.ui.DefaultLogoutPageGeneratingFilter@b6136eb, org.springframework.security.web.authentication.www.BasicAuthenticationFilter@3dfc59c5, org.springframework.security.web.savedrequest.RequestCacheAwareFilter@a7bbdbc, org.springframework.security.web.servletapi.SecurityContextHolderAwareRequestFilter@71285693, org.springframework.security.web.authentication.AnonymousAuthenticationFilter@2cce10bc, org.springframework.security.web.session.SessionManagementFilter@e3c36d, org.springframework.security.web.access.ExceptionTranslationFilter@5627b8eb, org.springframework.security.web.access.intercept.FilterSecurityInterceptor@4f4d05b3]
2021-09-12 17:48:57 [main] INFO  o.s.b.a.e.web.EndpointLinksResolver - Exposing 2 endpoint(s) beneath base path '/actuator'
2021-09-12 17:48:57 [main] INFO  o.a.coyote.http11.Http11NioProtocol - Starting ProtocolHandler ["http-nio-8888"]
2021-09-12 17:48:57 [main] INFO  o.s.b.w.e.tomcat.TomcatWebServer - Tomcat started on port(s): 8888 (http) with context path ''
2021-09-12 17:48:57 [main] INFO  c.m.demo.config.server.ConfigServer - Started ConfigServer in 5.081 seconds (JVM running for 5.686)
2021-09-12 17:49:07 [http-nio-8888-exec-1] INFO  o.a.c.c.C.[Tomcat].[localhost].[/] - Initializing Spring DispatcherServlet 'dispatcherServlet'
2021-09-12 17:49:07 [http-nio-8888-exec-1] INFO  o.s.web.servlet.DispatcherServlet - Initializing Servlet 'dispatcherServlet'
2021-09-12 17:49:07 [http-nio-8888-exec-1] INFO  o.s.web.servlet.DispatcherServlet - Completed initialization in 6 ms
2021-09-12 17:51:04 [SpringContextShutdownHook] INFO  o.s.s.c.ThreadPoolTaskExecutor - Shutting down ExecutorService 'applicationTaskExecutor'
2021-09-12 17:51:09 [background-preinit] INFO  o.h.validator.internal.util.Version - HV000001: Hibernate Validator 6.1.5.Final
2021-09-12 17:51:09 [main] INFO  c.m.demo.config.server.ConfigServer - No active profile set, falling back to default profiles: default
2021-09-12 17:51:10 [main] INFO  o.s.cloud.context.scope.GenericScope - BeanFactory id=2a519873-3bf9-3410-9240-bed5bf7485b8
2021-09-12 17:51:10 [main] INFO  o.s.b.w.e.tomcat.TomcatWebServer - Tomcat initialized with port(s): 8888 (http)
2021-09-12 17:51:10 [main] INFO  o.a.coyote.http11.Http11NioProtocol - Initializing ProtocolHandler ["http-nio-8888"]
2021-09-12 17:51:10 [main] INFO  o.a.catalina.core.StandardService - Starting service [Tomcat]
2021-09-12 17:51:10 [main] INFO  o.a.catalina.core.StandardEngine - Starting Servlet engine: [Apache Tomcat/9.0.38]
2021-09-12 17:51:10 [main] INFO  o.a.c.c.C.[Tomcat].[localhost].[/] - Initializing Spring embedded WebApplicationContext
2021-09-12 17:51:10 [main] INFO  o.s.b.w.s.c.ServletWebServerApplicationContext - Root WebApplicationContext: initialization completed in 1171 ms
2021-09-12 17:51:11 [main] INFO  o.s.s.c.ThreadPoolTaskExecutor - Initializing ExecutorService 'applicationTaskExecutor'
2021-09-12 17:51:13 [main] INFO  o.s.s.web.DefaultSecurityFilterChain - Creating filter chain: Ant [pattern='/encrypt/**'], []
2021-09-12 17:51:13 [main] INFO  o.s.s.web.DefaultSecurityFilterChain - Creating filter chain: Ant [pattern='/decrypt/**'], []
2021-09-12 17:51:13 [main] INFO  o.s.s.web.DefaultSecurityFilterChain - Creating filter chain: any request, [org.springframework.security.web.context.request.async.WebAsyncManagerIntegrationFilter@2cce10bc, org.springframework.security.web.context.SecurityContextPersistenceFilter@a7bbdbc, org.springframework.security.web.header.HeaderWriterFilter@e3c36d, org.springframework.security.web.csrf.CsrfFilter@10cb050, org.springframework.security.web.authentication.logout.LogoutFilter@5d0e703a, org.springframework.security.web.authentication.UsernamePasswordAuthenticationFilter@5c3710b3, org.springframework.security.web.authentication.ui.DefaultLoginPageGeneratingFilter@1dd64243, org.springframework.security.web.authentication.ui.DefaultLogoutPageGeneratingFilter@73234691, org.springframework.security.web.authentication.www.BasicAuthenticationFilter@b6136eb, org.springframework.security.web.savedrequest.RequestCacheAwareFilter@19924f15, org.springframework.security.web.servletapi.SecurityContextHolderAwareRequestFilter@7286827b, org.springframework.security.web.authentication.AnonymousAuthenticationFilter@25df2014, org.springframework.security.web.session.SessionManagementFilter@39a865c1, org.springframework.security.web.access.ExceptionTranslationFilter@3516b881, org.springframework.security.web.access.intercept.FilterSecurityInterceptor@2c154508]
2021-09-12 17:51:13 [main] INFO  o.s.b.a.e.web.EndpointLinksResolver - Exposing 2 endpoint(s) beneath base path '/actuator'
2021-09-12 17:51:13 [main] INFO  o.a.coyote.http11.Http11NioProtocol - Starting ProtocolHandler ["http-nio-8888"]
2021-09-12 17:51:13 [main] INFO  o.s.b.w.e.tomcat.TomcatWebServer - Tomcat started on port(s): 8888 (http) with context path ''
2021-09-12 17:51:13 [main] INFO  c.m.demo.config.server.ConfigServer - Started ConfigServer in 5.199 seconds (JVM running for 5.78)
2021-09-12 17:51:18 [http-nio-8888-exec-2] INFO  o.a.c.c.C.[Tomcat].[localhost].[/] - Initializing Spring DispatcherServlet 'dispatcherServlet'
2021-09-12 17:51:18 [http-nio-8888-exec-2] INFO  o.s.web.servlet.DispatcherServlet - Initializing Servlet 'dispatcherServlet'
2021-09-12 17:51:18 [http-nio-8888-exec-2] INFO  o.s.web.servlet.DispatcherServlet - Completed initialization in 6 ms
2021-09-12 17:51:18 [http-nio-8888-exec-2] ERROR o.s.c.c.s.e.EncryptionController - Cannot decrypt key:application, value:test
java.lang.IllegalArgumentException: Detected a Non-hex character at 1 or 2 position
	at org.springframework.security.crypto.codec.Hex.decode(Hex.java:62)
	at org.springframework.security.crypto.encrypt.HexEncodingTextEncryptor.decrypt(HexEncodingTextEncryptor.java:40)
	at org.springframework.cloud.config.server.encryption.EncryptionController.decrypt(EncryptionController.java:133)
	at org.springframework.cloud.config.server.encryption.EncryptionController.decrypt(EncryptionController.java:121)
	at java.base/jdk.internal.reflect.NativeMethodAccessorImpl.invoke0(Native Method)
	at java.base/jdk.internal.reflect.NativeMethodAccessorImpl.invoke(NativeMethodAccessorImpl.java:62)
	at java.base/jdk.internal.reflect.DelegatingMethodAccessorImpl.invoke(DelegatingMethodAccessorImpl.java:43)
	at java.base/java.lang.reflect.Method.invoke(Method.java:566)
	at org.springframework.web.method.support.InvocableHandlerMethod.doInvoke(InvocableHandlerMethod.java:190)
	at org.springframework.web.method.support.InvocableHandlerMethod.invokeForRequest(InvocableHandlerMethod.java:138)
	at org.springframework.web.servlet.mvc.method.annotation.ServletInvocableHandlerMethod.invokeAndHandle(ServletInvocableHandlerMethod.java:105)
	at org.springframework.web.servlet.mvc.method.annotation.RequestMappingHandlerAdapter.invokeHandlerMethod(RequestMappingHandlerAdapter.java:878)
	at org.springframework.web.servlet.mvc.method.annotation.RequestMappingHandlerAdapter.handleInternal(RequestMappingHandlerAdapter.java:792)
	at org.springframework.web.servlet.mvc.method.AbstractHandlerMethodAdapter.handle(AbstractHandlerMethodAdapter.java:87)
	at org.springframework.web.servlet.DispatcherServlet.doDispatch(DispatcherServlet.java:1040)
	at org.springframework.web.servlet.DispatcherServlet.doService(DispatcherServlet.java:943)
	at org.springframework.web.servlet.FrameworkServlet.processRequest(FrameworkServlet.java:1006)
	at org.springframework.web.servlet.FrameworkServlet.doPost(FrameworkServlet.java:909)
	at javax.servlet.http.HttpServlet.service(HttpServlet.java:652)
	at org.springframework.web.servlet.FrameworkServlet.service(FrameworkServlet.java:883)
	at javax.servlet.http.HttpServlet.service(HttpServlet.java:733)
	at org.apache.catalina.core.ApplicationFilterChain.internalDoFilter(ApplicationFilterChain.java:231)
	at org.apache.catalina.core.ApplicationFilterChain.doFilter(ApplicationFilterChain.java:166)
	at org.apache.tomcat.websocket.server.WsFilter.doFilter(WsFilter.java:53)
	at org.apache.catalina.core.ApplicationFilterChain.internalDoFilter(ApplicationFilterChain.java:193)
	at org.apache.catalina.core.ApplicationFilterChain.doFilter(ApplicationFilterChain.java:166)
	at org.springframework.security.web.FilterChainProxy.doFilterInternal(FilterChainProxy.java:209)
	at org.springframework.security.web.FilterChainProxy.doFilter(FilterChainProxy.java:178)
	at org.springframework.web.filter.DelegatingFilterProxy.invokeDelegate(DelegatingFilterProxy.java:358)
	at org.springframework.web.filter.DelegatingFilterProxy.doFilter(DelegatingFilterProxy.java:271)
	at org.apache.catalina.core.ApplicationFilterChain.internalDoFilter(ApplicationFilterChain.java:193)
	at org.apache.catalina.core.ApplicationFilterChain.doFilter(ApplicationFilterChain.java:166)
	at org.springframework.web.filter.RequestContextFilter.doFilterInternal(RequestContextFilter.java:100)
	at org.springframework.web.filter.OncePerRequestFilter.doFilter(OncePerRequestFilter.java:119)
	at org.apache.catalina.core.ApplicationFilterChain.internalDoFilter(ApplicationFilterChain.java:193)
	at org.apache.catalina.core.ApplicationFilterChain.doFilter(ApplicationFilterChain.java:166)
	at org.springframework.web.filter.FormContentFilter.doFilterInternal(FormContentFilter.java:93)
	at org.springframework.web.filter.OncePerRequestFilter.doFilter(OncePerRequestFilter.java:119)
	at org.apache.catalina.core.ApplicationFilterChain.internalDoFilter(ApplicationFilterChain.java:193)
	at org.apache.catalina.core.ApplicationFilterChain.doFilter(ApplicationFilterChain.java:166)
	at org.springframework.boot.actuate.metrics.web.servlet.WebMvcMetricsFilter.doFilterInternal(WebMvcMetricsFilter.java:93)
	at org.springframework.web.filter.OncePerRequestFilter.doFilter(OncePerRequestFilter.java:119)
	at org.apache.catalina.core.ApplicationFilterChain.internalDoFilter(ApplicationFilterChain.java:193)
	at org.apache.catalina.core.ApplicationFilterChain.doFilter(ApplicationFilterChain.java:166)
	at org.springframework.web.filter.CharacterEncodingFilter.doFilterInternal(CharacterEncodingFilter.java:201)
	at org.springframework.web.filter.OncePerRequestFilter.doFilter(OncePerRequestFilter.java:119)
	at org.apache.catalina.core.ApplicationFilterChain.internalDoFilter(ApplicationFilterChain.java:193)
	at org.apache.catalina.core.ApplicationFilterChain.doFilter(ApplicationFilterChain.java:166)
	at org.apache.catalina.core.StandardWrapperValve.invoke(StandardWrapperValve.java:202)
	at org.apache.catalina.core.StandardContextValve.invoke(StandardContextValve.java:97)
	at org.apache.catalina.authenticator.AuthenticatorBase.invoke(AuthenticatorBase.java:541)
	at org.apache.catalina.core.StandardHostValve.invoke(StandardHostValve.java:143)
	at org.apache.catalina.valves.ErrorReportValve.invoke(ErrorReportValve.java:92)
	at org.apache.catalina.core.StandardEngineValve.invoke(StandardEngineValve.java:78)
	at org.apache.catalina.connector.CoyoteAdapter.service(CoyoteAdapter.java:343)
	at org.apache.coyote.http11.Http11Processor.service(Http11Processor.java:374)
	at org.apache.coyote.AbstractProcessorLight.process(AbstractProcessorLight.java:65)
	at org.apache.coyote.AbstractProtocol$ConnectionHandler.process(AbstractProtocol.java:868)
	at org.apache.tomcat.util.net.NioEndpoint$SocketProcessor.doRun(NioEndpoint.java:1590)
	at org.apache.tomcat.util.net.SocketProcessorBase.run(SocketProcessorBase.java:49)
	at java.base/java.util.concurrent.ThreadPoolExecutor.runWorker(ThreadPoolExecutor.java:1128)
	at java.base/java.util.concurrent.ThreadPoolExecutor$Worker.run(ThreadPoolExecutor.java:628)
	at org.apache.tomcat.util.threads.TaskThread$WrappingRunnable.run(TaskThread.java:61)
	at java.base/java.lang.Thread.run(Thread.java:834)
2021-09-12 17:51:27 [http-nio-8888-exec-4] INFO  o.s.c.c.s.e.EncryptionController - Encrypted data
2021-09-12 17:51:45 [http-nio-8888-exec-5] INFO  o.s.c.c.s.e.EncryptionController - Encrypted data
2021-09-12 17:51:52 [http-nio-8888-exec-6] INFO  o.s.c.c.s.e.EncryptionController - Decrypted cipher data
2021-09-12 17:52:03 [http-nio-8888-exec-7] INFO  o.s.c.c.s.e.NativeEnvironmentRepository - Adding property source: file:/var/folders/hn/50l6hmf51b3643s_ht33qnwc0000gn/T/config-repo-16028625988258223022/config-client-twitter_to_kafka.yml
2021-09-12 17:52:03 [http-nio-8888-exec-7] INFO  o.s.c.c.s.e.NativeEnvironmentRepository - Adding property source: file:/var/folders/hn/50l6hmf51b3643s_ht33qnwc0000gn/T/config-repo-16028625988258223022/config-client.yml
2021-09-12 17:58:28 [SpringContextShutdownHook] INFO  o.s.s.c.ThreadPoolTaskExecutor - Shutting down ExecutorService 'applicationTaskExecutor'
