2021-09-14 07:48:02 [background-preinit] INFO  o.h.validator.internal.util.Version - HV000001: Hibernate Validator 6.1.5.Final
2021-09-14 07:48:06 [main] INFO  c.m.demo.config.server.ConfigServer - No active profile set, falling back to default profiles: default
2021-09-14 07:48:08 [main] INFO  o.s.cloud.context.scope.GenericScope - BeanFactory id=2a519873-3bf9-3410-9240-bed5bf7485b8
2021-09-14 07:48:10 [main] INFO  o.s.b.w.e.tomcat.TomcatWebServer - Tomcat initialized with port(s): 8888 (http)
2021-09-14 07:48:10 [main] INFO  o.a.coyote.http11.Http11NioProtocol - Initializing ProtocolHandler ["http-nio-8888"]
2021-09-14 07:48:10 [main] INFO  o.a.catalina.core.StandardService - Starting service [Tomcat]
2021-09-14 07:48:10 [main] INFO  o.a.catalina.core.StandardEngine - Starting Servlet engine: [Apache Tomcat/9.0.38]
2021-09-14 07:48:10 [main] INFO  o.a.c.c.C.[Tomcat].[localhost].[/] - Initializing Spring embedded WebApplicationContext
2021-09-14 07:48:10 [main] INFO  o.s.b.w.s.c.ServletWebServerApplicationContext - Root WebApplicationContext: initialization completed in 3778 ms
2021-09-14 07:48:12 [main] INFO  o.s.s.c.ThreadPoolTaskExecutor - Initializing ExecutorService 'applicationTaskExecutor'
2021-09-14 07:48:23 [main] INFO  o.s.s.web.DefaultSecurityFilterChain - Creating filter chain: Ant [pattern='/encrypt/**'], []
2021-09-14 07:48:23 [main] INFO  o.s.s.web.DefaultSecurityFilterChain - Creating filter chain: Ant [pattern='/decrypt/**'], []
2021-09-14 07:48:23 [main] INFO  o.s.s.web.DefaultSecurityFilterChain - Creating filter chain: Ant [pattern='/actuator/**'], []
2021-09-14 07:48:24 [main] INFO  o.s.s.web.DefaultSecurityFilterChain - Creating filter chain: any request, [org.springframework.security.web.context.request.async.WebAsyncManagerIntegrationFilter@7809b43a, org.springframework.security.web.context.SecurityContextPersistenceFilter@bb5f9d, org.springframework.security.web.header.HeaderWriterFilter@229cb4d8, org.springframework.security.web.csrf.CsrfFilter@1d0b447b, org.springframework.security.web.authentication.logout.LogoutFilter@20a946d9, org.springframework.security.web.authentication.UsernamePasswordAuthenticationFilter@628bd77e, org.springframework.security.web.authentication.ui.DefaultLoginPageGeneratingFilter@75959b0c, org.springframework.security.web.authentication.ui.DefaultLogoutPageGeneratingFilter@65da4a5d, org.springframework.security.web.authentication.www.BasicAuthenticationFilter@362cf66, org.springframework.security.web.savedrequest.RequestCacheAwareFilter@702cfbde, org.springframework.security.web.servletapi.SecurityContextHolderAwareRequestFilter@112530c3, org.springframework.security.web.authentication.AnonymousAuthenticationFilter@fbe8fd3, org.springframework.security.web.session.SessionManagementFilter@30ef32eb, org.springframework.security.web.access.ExceptionTranslationFilter@5dd3727c, org.springframework.security.web.access.intercept.FilterSecurityInterceptor@2bd2430f]
2021-09-14 07:48:24 [main] INFO  o.s.b.a.e.web.EndpointLinksResolver - Exposing 2 endpoint(s) beneath base path '/actuator'
2021-09-14 07:48:24 [main] INFO  o.a.coyote.http11.Http11NioProtocol - Starting ProtocolHandler ["http-nio-8888"]
2021-09-14 07:48:24 [main] INFO  o.s.b.w.e.tomcat.TomcatWebServer - Tomcat started on port(s): 8888 (http) with context path ''
2021-09-14 07:48:24 [main] INFO  c.m.demo.config.server.ConfigServer - Started ConfigServer in 24.741 seconds (JVM running for 28.108)
2021-09-14 07:49:12 [http-nio-8888-exec-1] INFO  o.a.c.c.C.[Tomcat].[localhost].[/] - Initializing Spring DispatcherServlet 'dispatcherServlet'
2021-09-14 07:49:12 [http-nio-8888-exec-1] INFO  o.s.web.servlet.DispatcherServlet - Initializing Servlet 'dispatcherServlet'
2021-09-14 07:49:12 [http-nio-8888-exec-1] INFO  o.s.web.servlet.DispatcherServlet - Completed initialization in 13 ms
2021-09-14 07:49:16 [http-nio-8888-exec-3] INFO  o.s.c.c.s.e.NativeEnvironmentRepository - Adding property source: file:/tmp/config-repo-4055686831758952989/config-client-twitter_to_kafka.yml
2021-09-14 07:49:16 [http-nio-8888-exec-3] INFO  o.s.c.c.s.e.NativeEnvironmentRepository - Adding property source: file:/tmp/config-repo-4055686831758952989/config-client.yml
2021-09-14 07:51:40 [http-nio-8888-exec-5] INFO  o.s.c.c.s.e.NativeEnvironmentRepository - Adding property source: file:/tmp/config-repo-4055686831758952989/config-client-kafka_to_elastic.yml
2021-09-14 07:51:40 [http-nio-8888-exec-5] INFO  o.s.c.c.s.e.NativeEnvironmentRepository - Adding property source: file:/tmp/config-repo-4055686831758952989/config-client.yml
2021-09-14 07:59:47 [http-nio-8888-exec-6] INFO  o.s.c.c.s.e.NativeEnvironmentRepository - Adding property source: file:/tmp/config-repo-4055686831758952989/config-client-kafka_to_elastic.yml
2021-09-14 07:59:47 [http-nio-8888-exec-6] INFO  o.s.c.c.s.e.NativeEnvironmentRepository - Adding property source: file:/tmp/config-repo-4055686831758952989/config-client.yml
2021-09-14 08:08:34 [http-nio-8888-exec-4] INFO  o.s.c.c.s.e.EncryptionController - Decrypted cipher data
2021-09-14 08:08:40 [http-nio-8888-exec-7] INFO  o.s.c.c.s.e.NativeEnvironmentRepository - Adding property source: file:/tmp/config-repo-4055686831758952989/config-client-kafka_to_elastic.yml
2021-09-14 08:08:41 [http-nio-8888-exec-7] INFO  o.s.c.c.s.e.NativeEnvironmentRepository - Adding property source: file:/tmp/config-repo-4055686831758952989/config-client.yml
2021-09-14 08:11:52 [http-nio-8888-exec-3] INFO  o.s.c.c.s.e.NativeEnvironmentRepository - Adding property source: file:/tmp/config-repo-4055686831758952989/config-client-kafka_to_elastic.yml
2021-09-14 08:11:52 [http-nio-8888-exec-3] INFO  o.s.c.c.s.e.NativeEnvironmentRepository - Adding property source: file:/tmp/config-repo-4055686831758952989/config-client.yml
2021-09-14 08:12:52 [http-nio-8888-exec-5] INFO  o.s.c.c.s.e.NativeEnvironmentRepository - Adding property source: file:/tmp/config-repo-4055686831758952989/config-client-kafka_to_elastic.yml
2021-09-14 08:12:52 [http-nio-8888-exec-5] INFO  o.s.c.c.s.e.NativeEnvironmentRepository - Adding property source: file:/tmp/config-repo-4055686831758952989/config-client.yml
2021-09-14 08:31:50 [http-nio-8888-exec-6] INFO  o.s.c.c.s.e.NativeEnvironmentRepository - Adding property source: file:/tmp/config-repo-4055686831758952989/config-client-kafka_to_elastic.yml
2021-09-14 08:31:50 [http-nio-8888-exec-6] INFO  o.s.c.c.s.e.NativeEnvironmentRepository - Adding property source: file:/tmp/config-repo-4055686831758952989/config-client.yml
2021-09-14 08:35:38 [http-nio-8888-exec-8] INFO  o.s.c.c.s.e.MultipleJGitEnvironmentRepository - Fetched for remote main and found 1 updates
2021-09-14 08:35:38 [http-nio-8888-exec-8] INFO  o.s.c.c.s.e.NativeEnvironmentRepository - Adding property source: file:/tmp/config-repo-4055686831758952989/config-client-kafka_to_elastic.yml
2021-09-14 08:35:38 [http-nio-8888-exec-8] INFO  o.s.c.c.s.e.NativeEnvironmentRepository - Adding property source: file:/tmp/config-repo-4055686831758952989/config-client.yml
2021-09-14 08:36:00 [http-nio-8888-exec-10] INFO  o.s.c.c.s.e.NativeEnvironmentRepository - Adding property source: file:/tmp/config-repo-4055686831758952989/config-client-kafka_to_elastic.yml
2021-09-14 08:36:00 [http-nio-8888-exec-10] INFO  o.s.c.c.s.e.NativeEnvironmentRepository - Adding property source: file:/tmp/config-repo-4055686831758952989/config-client.yml
2021-09-14 08:43:42 [http-nio-8888-exec-5] INFO  o.s.c.c.s.e.NativeEnvironmentRepository - Adding property source: file:/tmp/config-repo-4055686831758952989/config-client-kafka_to_elastic.yml
2021-09-14 08:43:42 [http-nio-8888-exec-5] INFO  o.s.c.c.s.e.NativeEnvironmentRepository - Adding property source: file:/tmp/config-repo-4055686831758952989/config-client.yml
2021-09-14 08:46:35 [http-nio-8888-exec-6] INFO  o.s.c.c.s.e.NativeEnvironmentRepository - Adding property source: file:/tmp/config-repo-4055686831758952989/config-client-kafka_to_elastic.yml
2021-09-14 08:46:35 [http-nio-8888-exec-6] INFO  o.s.c.c.s.e.NativeEnvironmentRepository - Adding property source: file:/tmp/config-repo-4055686831758952989/config-client.yml
2021-09-14 08:48:55 [http-nio-8888-exec-7] INFO  o.s.c.c.s.e.NativeEnvironmentRepository - Adding property source: file:/tmp/config-repo-4055686831758952989/config-client-kafka_to_elastic.yml
2021-09-14 08:48:55 [http-nio-8888-exec-7] INFO  o.s.c.c.s.e.NativeEnvironmentRepository - Adding property source: file:/tmp/config-repo-4055686831758952989/config-client.yml
2021-09-14 08:50:15 [http-nio-8888-exec-10] INFO  o.s.c.c.s.e.NativeEnvironmentRepository - Adding property source: file:/tmp/config-repo-4055686831758952989/config-client-kafka_to_elastic.yml
2021-09-14 08:50:15 [http-nio-8888-exec-10] INFO  o.s.c.c.s.e.NativeEnvironmentRepository - Adding property source: file:/tmp/config-repo-4055686831758952989/config-client.yml
2021-09-14 08:56:55 [http-nio-8888-exec-3] INFO  o.s.c.c.s.e.NativeEnvironmentRepository - Adding property source: file:/tmp/config-repo-4055686831758952989/config-client-kafka_to_elastic.yml
2021-09-14 08:56:55 [http-nio-8888-exec-3] INFO  o.s.c.c.s.e.NativeEnvironmentRepository - Adding property source: file:/tmp/config-repo-4055686831758952989/config-client.yml
2021-09-14 08:59:19 [http-nio-8888-exec-5] INFO  o.s.c.c.s.e.NativeEnvironmentRepository - Adding property source: file:/tmp/config-repo-4055686831758952989/config-client-kafka_to_elastic.yml
2021-09-14 08:59:19 [http-nio-8888-exec-5] INFO  o.s.c.c.s.e.NativeEnvironmentRepository - Adding property source: file:/tmp/config-repo-4055686831758952989/config-client.yml
2021-09-14 09:01:22 [http-nio-8888-exec-6] INFO  o.s.c.c.s.e.NativeEnvironmentRepository - Adding property source: file:/tmp/config-repo-4055686831758952989/config-client-kafka_to_elastic.yml
2021-09-14 09:01:22 [http-nio-8888-exec-6] INFO  o.s.c.c.s.e.NativeEnvironmentRepository - Adding property source: file:/tmp/config-repo-4055686831758952989/config-client.yml
2021-09-14 09:03:39 [http-nio-8888-exec-7] INFO  o.s.c.c.s.e.NativeEnvironmentRepository - Adding property source: file:/tmp/config-repo-4055686831758952989/config-client-kafka_to_elastic.yml
2021-09-14 09:03:39 [http-nio-8888-exec-7] INFO  o.s.c.c.s.e.NativeEnvironmentRepository - Adding property source: file:/tmp/config-repo-4055686831758952989/config-client.yml
2021-09-14 09:06:02 [http-nio-8888-exec-10] INFO  o.s.c.c.s.e.NativeEnvironmentRepository - Adding property source: file:/tmp/config-repo-4055686831758952989/config-client-kafka_to_elastic.yml
2021-09-14 09:06:02 [http-nio-8888-exec-10] INFO  o.s.c.c.s.e.NativeEnvironmentRepository - Adding property source: file:/tmp/config-repo-4055686831758952989/config-client.yml
2021-09-14 09:07:46 [http-nio-8888-exec-3] INFO  o.s.c.c.s.e.NativeEnvironmentRepository - Adding property source: file:/tmp/config-repo-4055686831758952989/config-client-twitter_to_kafka.yml
2021-09-14 09:07:46 [http-nio-8888-exec-3] INFO  o.s.c.c.s.e.NativeEnvironmentRepository - Adding property source: file:/tmp/config-repo-4055686831758952989/config-client.yml
2021-09-14 09:08:34 [http-nio-8888-exec-5] INFO  o.s.c.c.s.e.NativeEnvironmentRepository - Adding property source: file:/tmp/config-repo-4055686831758952989/config-client-kafka_to_elastic.yml
2021-09-14 09:08:34 [http-nio-8888-exec-5] INFO  o.s.c.c.s.e.NativeEnvironmentRepository - Adding property source: file:/tmp/config-repo-4055686831758952989/config-client.yml
2021-09-14 09:10:14 [http-nio-8888-exec-6] INFO  o.s.c.c.s.e.NativeEnvironmentRepository - Adding property source: file:/tmp/config-repo-4055686831758952989/config-client-kafka_to_elastic.yml
2021-09-14 09:10:14 [http-nio-8888-exec-6] INFO  o.s.c.c.s.e.NativeEnvironmentRepository - Adding property source: file:/tmp/config-repo-4055686831758952989/config-client.yml
2021-09-14 09:16:34 [http-nio-8888-exec-7] INFO  o.s.c.c.s.e.NativeEnvironmentRepository - Adding property source: file:/tmp/config-repo-4055686831758952989/config-client-kafka_to_elastic.yml
2021-09-14 09:16:34 [http-nio-8888-exec-7] INFO  o.s.c.c.s.e.NativeEnvironmentRepository - Adding property source: file:/tmp/config-repo-4055686831758952989/config-client.yml
2021-09-14 09:27:06 [http-nio-8888-exec-10] INFO  o.s.c.c.s.e.NativeEnvironmentRepository - Adding property source: file:/tmp/config-repo-4055686831758952989/config-client-kafka_to_elastic.yml
2021-09-14 09:27:06 [http-nio-8888-exec-10] INFO  o.s.c.c.s.e.NativeEnvironmentRepository - Adding property source: file:/tmp/config-repo-4055686831758952989/config-client.yml
2021-09-14 09:28:23 [http-nio-8888-exec-3] INFO  o.s.c.c.s.e.NativeEnvironmentRepository - Adding property source: file:/tmp/config-repo-4055686831758952989/config-client-twitter_to_kafka.yml
2021-09-14 09:28:23 [http-nio-8888-exec-3] INFO  o.s.c.c.s.e.NativeEnvironmentRepository - Adding property source: file:/tmp/config-repo-4055686831758952989/config-client.yml
2021-09-14 09:30:14 [http-nio-8888-exec-5] WARN  o.s.c.c.s.e.MultipleJGitEnvironmentRepository - Could not fetch remote for main remote: https://github.com/yassire/spring-cloud-config-server-repository
2021-09-14 09:30:14 [http-nio-8888-exec-5] INFO  o.s.c.c.s.e.NativeEnvironmentRepository - Adding property source: file:/tmp/config-repo-4055686831758952989/config-client-twitter_to_kafka.yml
2021-09-14 09:30:14 [http-nio-8888-exec-5] INFO  o.s.c.c.s.e.NativeEnvironmentRepository - Adding property source: file:/tmp/config-repo-4055686831758952989/config-client.yml
2021-09-14 09:31:14 [http-nio-8888-exec-6] INFO  o.s.c.c.s.e.NativeEnvironmentRepository - Adding property source: file:/tmp/config-repo-4055686831758952989/config-client-twitter_to_kafka.yml
2021-09-14 09:31:14 [http-nio-8888-exec-6] INFO  o.s.c.c.s.e.NativeEnvironmentRepository - Adding property source: file:/tmp/config-repo-4055686831758952989/config-client.yml
2021-09-14 09:31:57 [http-nio-8888-exec-7] INFO  o.s.c.c.s.e.NativeEnvironmentRepository - Adding property source: file:/tmp/config-repo-4055686831758952989/config-client-kafka_to_elastic.yml
2021-09-14 09:31:57 [http-nio-8888-exec-7] INFO  o.s.c.c.s.e.NativeEnvironmentRepository - Adding property source: file:/tmp/config-repo-4055686831758952989/config-client.yml
2021-09-14 09:35:07 [http-nio-8888-exec-10] INFO  o.s.c.c.s.e.NativeEnvironmentRepository - Adding property source: file:/tmp/config-repo-4055686831758952989/config-client-kafka_to_elastic.yml
2021-09-14 09:35:07 [http-nio-8888-exec-10] INFO  o.s.c.c.s.e.NativeEnvironmentRepository - Adding property source: file:/tmp/config-repo-4055686831758952989/config-client.yml
2021-09-14 09:37:51 [http-nio-8888-exec-3] INFO  o.s.c.c.s.e.NativeEnvironmentRepository - Adding property source: file:/tmp/config-repo-4055686831758952989/config-client-kafka_to_elastic.yml
2021-09-14 09:37:51 [http-nio-8888-exec-3] INFO  o.s.c.c.s.e.NativeEnvironmentRepository - Adding property source: file:/tmp/config-repo-4055686831758952989/config-client.yml
2021-09-14 09:44:22 [background-preinit] INFO  o.h.validator.internal.util.Version - HV000001: Hibernate Validator 6.1.5.Final
2021-09-14 09:44:27 [main] INFO  c.m.demo.config.server.ConfigServer - No active profile set, falling back to default profiles: default
2021-09-14 09:44:31 [main] INFO  o.s.cloud.context.scope.GenericScope - BeanFactory id=2a519873-3bf9-3410-9240-bed5bf7485b8
2021-09-14 09:44:32 [main] INFO  o.s.b.w.e.tomcat.TomcatWebServer - Tomcat initialized with port(s): 8888 (http)
2021-09-14 09:44:33 [main] INFO  o.a.coyote.http11.Http11NioProtocol - Initializing ProtocolHandler ["http-nio-8888"]
2021-09-14 09:44:33 [main] INFO  o.a.catalina.core.StandardService - Starting service [Tomcat]
2021-09-14 09:44:33 [main] INFO  o.a.catalina.core.StandardEngine - Starting Servlet engine: [Apache Tomcat/9.0.38]
2021-09-14 09:44:33 [main] INFO  o.a.c.c.C.[Tomcat].[localhost].[/] - Initializing Spring embedded WebApplicationContext
2021-09-14 09:44:33 [main] INFO  o.s.b.w.s.c.ServletWebServerApplicationContext - Root WebApplicationContext: initialization completed in 6250 ms
2021-09-14 09:44:36 [main] INFO  o.s.s.c.ThreadPoolTaskExecutor - Initializing ExecutorService 'applicationTaskExecutor'
2021-09-14 09:44:47 [main] WARN  o.s.c.c.s.e.MultipleJGitEnvironmentRepository - Error occured cloning to base directory.
org.eclipse.jgit.api.errors.TransportException: https://github.com/yassire/spring-cloud-config-server-repository: cannot open git-upload-pack
	at org.eclipse.jgit.api.FetchCommand.call(FetchCommand.java:254)
	at org.eclipse.jgit.api.CloneCommand.fetch(CloneCommand.java:306)
	at org.eclipse.jgit.api.CloneCommand.call(CloneCommand.java:200)
	at org.springframework.cloud.config.server.environment.JGitEnvironmentRepository.cloneToBasedir(JGitEnvironmentRepository.java:589)
	at org.springframework.cloud.config.server.environment.JGitEnvironmentRepository.initClonedRepository(JGitEnvironmentRepository.java:340)
	at org.springframework.cloud.config.server.environment.JGitEnvironmentRepository.afterPropertiesSet(JGitEnvironmentRepository.java:256)
	at org.springframework.cloud.config.server.environment.MultipleJGitEnvironmentRepository.afterPropertiesSet(MultipleJGitEnvironmentRepository.java:66)
	at org.springframework.beans.factory.support.AbstractAutowireCapableBeanFactory.invokeInitMethods(AbstractAutowireCapableBeanFactory.java:1853)
	at org.springframework.beans.factory.support.AbstractAutowireCapableBeanFactory.initializeBean(AbstractAutowireCapableBeanFactory.java:1790)
	at org.springframework.beans.factory.support.AbstractAutowireCapableBeanFactory.doCreateBean(AbstractAutowireCapableBeanFactory.java:594)
	at org.springframework.beans.factory.support.AbstractAutowireCapableBeanFactory.createBean(AbstractAutowireCapableBeanFactory.java:516)
	at org.springframework.beans.factory.support.AbstractBeanFactory.lambda$doGetBean$0(AbstractBeanFactory.java:324)
	at org.springframework.beans.factory.support.DefaultSingletonBeanRegistry.getSingleton(DefaultSingletonBeanRegistry.java:234)
	at org.springframework.beans.factory.support.AbstractBeanFactory.doGetBean(AbstractBeanFactory.java:322)
	at org.springframework.beans.factory.support.AbstractBeanFactory.getBean(AbstractBeanFactory.java:202)
	at org.springframework.beans.factory.config.DependencyDescriptor.resolveCandidate(DependencyDescriptor.java:276)
	at org.springframework.beans.factory.support.DefaultListableBeanFactory.addCandidateEntry(DefaultListableBeanFactory.java:1525)
	at org.springframework.beans.factory.support.DefaultListableBeanFactory.findAutowireCandidates(DefaultListableBeanFactory.java:1489)
	at org.springframework.beans.factory.support.DefaultListableBeanFactory.resolveMultipleBeans(DefaultListableBeanFactory.java:1378)
	at org.springframework.beans.factory.support.DefaultListableBeanFactory.doResolveDependency(DefaultListableBeanFactory.java:1265)
	at org.springframework.beans.factory.support.DefaultListableBeanFactory.resolveDependency(DefaultListableBeanFactory.java:1227)
	at org.springframework.beans.factory.annotation.AutowiredAnnotationBeanPostProcessor$AutowiredMethodElement.inject(AutowiredAnnotationBeanPostProcessor.java:715)
	at org.springframework.beans.factory.annotation.InjectionMetadata.inject(InjectionMetadata.java:130)
	at org.springframework.beans.factory.annotation.AutowiredAnnotationBeanPostProcessor.postProcessProperties(AutowiredAnnotationBeanPostProcessor.java:399)
	at org.springframework.beans.factory.support.AbstractAutowireCapableBeanFactory.populateBean(AbstractAutowireCapableBeanFactory.java:1420)
	at org.springframework.beans.factory.support.AbstractAutowireCapableBeanFactory.doCreateBean(AbstractAutowireCapableBeanFactory.java:593)
	at org.springframework.beans.factory.support.AbstractAutowireCapableBeanFactory.createBean(AbstractAutowireCapableBeanFactory.java:516)
	at org.springframework.beans.factory.support.AbstractBeanFactory.lambda$doGetBean$0(AbstractBeanFactory.java:324)
	at org.springframework.beans.factory.support.DefaultSingletonBeanRegistry.getSingleton(DefaultSingletonBeanRegistry.java:234)
	at org.springframework.beans.factory.support.AbstractBeanFactory.doGetBean(AbstractBeanFactory.java:322)
	at org.springframework.beans.factory.support.AbstractBeanFactory.getBean(AbstractBeanFactory.java:202)
	at org.springframework.beans.factory.support.ConstructorResolver.instantiateUsingFactoryMethod(ConstructorResolver.java:408)
	at org.springframework.beans.factory.support.AbstractAutowireCapableBeanFactory.instantiateUsingFactoryMethod(AbstractAutowireCapableBeanFactory.java:1336)
	at org.springframework.beans.factory.support.AbstractAutowireCapableBeanFactory.createBeanInstance(AbstractAutowireCapableBeanFactory.java:1176)
	at org.springframework.beans.factory.support.AbstractAutowireCapableBeanFactory.doCreateBean(AbstractAutowireCapableBeanFactory.java:556)
	at org.springframework.beans.factory.support.AbstractAutowireCapableBeanFactory.createBean(AbstractAutowireCapableBeanFactory.java:516)
	at org.springframework.beans.factory.support.AbstractBeanFactory.lambda$doGetBean$0(AbstractBeanFactory.java:324)
	at org.springframework.beans.factory.support.DefaultSingletonBeanRegistry.getSingleton(DefaultSingletonBeanRegistry.java:234)
	at org.springframework.beans.factory.support.AbstractBeanFactory.doGetBean(AbstractBeanFactory.java:322)
	at org.springframework.beans.factory.support.AbstractBeanFactory.getBean(AbstractBeanFactory.java:202)
	at org.springframework.beans.factory.config.DependencyDescriptor.resolveCandidate(DependencyDescriptor.java:276)
	at org.springframework.beans.factory.support.DefaultListableBeanFactory.doResolveDependency(DefaultListableBeanFactory.java:1307)
	at org.springframework.beans.factory.support.DefaultListableBeanFactory.resolveDependency(DefaultListableBeanFactory.java:1227)
	at org.springframework.beans.factory.support.ConstructorResolver.resolveAutowiredArgument(ConstructorResolver.java:884)
	at org.springframework.beans.factory.support.ConstructorResolver.createArgumentArray(ConstructorResolver.java:788)
	at org.springframework.beans.factory.support.ConstructorResolver.instantiateUsingFactoryMethod(ConstructorResolver.java:538)
	at org.springframework.beans.factory.support.AbstractAutowireCapableBeanFactory.instantiateUsingFactoryMethod(AbstractAutowireCapableBeanFactory.java:1336)
	at org.springframework.beans.factory.support.AbstractAutowireCapableBeanFactory.createBeanInstance(AbstractAutowireCapableBeanFactory.java:1176)
	at org.springframework.beans.factory.support.AbstractAutowireCapableBeanFactory.doCreateBean(AbstractAutowireCapableBeanFactory.java:556)
	at org.springframework.beans.factory.support.AbstractAutowireCapableBeanFactory.createBean(AbstractAutowireCapableBeanFactory.java:516)
	at org.springframework.beans.factory.support.AbstractBeanFactory.lambda$doGetBean$0(AbstractBeanFactory.java:324)
	at org.springframework.beans.factory.support.DefaultSingletonBeanRegistry.getSingleton(DefaultSingletonBeanRegistry.java:234)
	at org.springframework.beans.factory.support.AbstractBeanFactory.doGetBean(AbstractBeanFactory.java:322)
	at org.springframework.beans.factory.support.AbstractBeanFactory.getBean(AbstractBeanFactory.java:202)
	at org.springframework.beans.factory.support.DefaultListableBeanFactory.getBeansOfType(DefaultListableBeanFactory.java:624)
	at org.springframework.beans.factory.support.DefaultListableBeanFactory.getBeansOfType(DefaultListableBeanFactory.java:612)
	at org.springframework.context.support.AbstractApplicationContext.getBeansOfType(AbstractApplicationContext.java:1243)
	at org.springframework.boot.actuate.autoconfigure.health.HealthEndpointConfiguration.healthContributorRegistry(HealthEndpointConfiguration.java:82)
	at java.base/jdk.internal.reflect.NativeMethodAccessorImpl.invoke0(Native Method)
	at java.base/jdk.internal.reflect.NativeMethodAccessorImpl.invoke(Unknown Source)
	at java.base/jdk.internal.reflect.DelegatingMethodAccessorImpl.invoke(Unknown Source)
	at java.base/java.lang.reflect.Method.invoke(Unknown Source)
	at org.springframework.beans.factory.support.SimpleInstantiationStrategy.instantiate(SimpleInstantiationStrategy.java:154)
	at org.springframework.beans.factory.support.ConstructorResolver.instantiate(ConstructorResolver.java:650)
	at org.springframework.beans.factory.support.ConstructorResolver.instantiateUsingFactoryMethod(ConstructorResolver.java:635)
	at org.springframework.beans.factory.support.AbstractAutowireCapableBeanFactory.instantiateUsingFactoryMethod(AbstractAutowireCapableBeanFactory.java:1336)
	at org.springframework.beans.factory.support.AbstractAutowireCapableBeanFactory.createBeanInstance(AbstractAutowireCapableBeanFactory.java:1176)
	at org.springframework.beans.factory.support.AbstractAutowireCapableBeanFactory.doCreateBean(AbstractAutowireCapableBeanFactory.java:556)
	at org.springframework.beans.factory.support.AbstractAutowireCapableBeanFactory.createBean(AbstractAutowireCapableBeanFactory.java:516)
	at org.springframework.beans.factory.support.AbstractBeanFactory.lambda$doGetBean$0(AbstractBeanFactory.java:324)
	at org.springframework.beans.factory.support.DefaultSingletonBeanRegistry.getSingleton(DefaultSingletonBeanRegistry.java:234)
	at org.springframework.beans.factory.support.AbstractBeanFactory.doGetBean(AbstractBeanFactory.java:322)
	at org.springframework.beans.factory.support.AbstractBeanFactory.getBean(AbstractBeanFactory.java:202)
	at org.springframework.beans.factory.config.DependencyDescriptor.resolveCandidate(DependencyDescriptor.java:276)
	at org.springframework.beans.factory.support.DefaultListableBeanFactory.doResolveDependency(DefaultListableBeanFactory.java:1307)
	at org.springframework.beans.factory.support.DefaultListableBeanFactory.resolveDependency(DefaultListableBeanFactory.java:1227)
	at org.springframework.beans.factory.support.ConstructorResolver.resolveAutowiredArgument(ConstructorResolver.java:884)
	at org.springframework.beans.factory.support.ConstructorResolver.createArgumentArray(ConstructorResolver.java:788)
	at org.springframework.beans.factory.support.ConstructorResolver.instantiateUsingFactoryMethod(ConstructorResolver.java:538)
	at org.springframework.beans.factory.support.AbstractAutowireCapableBeanFactory.instantiateUsingFactoryMethod(AbstractAutowireCapableBeanFactory.java:1336)
	at org.springframework.beans.factory.support.AbstractAutowireCapableBeanFactory.createBeanInstance(AbstractAutowireCapableBeanFactory.java:1176)
	at org.springframework.beans.factory.support.AbstractAutowireCapableBeanFactory.doCreateBean(AbstractAutowireCapableBeanFactory.java:556)
	at org.springframework.beans.factory.support.AbstractAutowireCapableBeanFactory.createBean(AbstractAutowireCapableBeanFactory.java:516)
	at org.springframework.beans.factory.support.AbstractBeanFactory.lambda$doGetBean$0(AbstractBeanFactory.java:324)
	at org.springframework.beans.factory.support.DefaultSingletonBeanRegistry.getSingleton(DefaultSingletonBeanRegistry.java:234)
	at org.springframework.beans.factory.support.AbstractBeanFactory.doGetBean(AbstractBeanFactory.java:322)
	at org.springframework.beans.factory.support.AbstractBeanFactory.getBean(AbstractBeanFactory.java:202)
	at org.springframework.beans.factory.support.DefaultListableBeanFactory.preInstantiateSingletons(DefaultListableBeanFactory.java:897)
	at org.springframework.context.support.AbstractApplicationContext.finishBeanFactoryInitialization(AbstractApplicationContext.java:879)
	at org.springframework.context.support.AbstractApplicationContext.refresh(AbstractApplicationContext.java:551)
	at org.springframework.boot.web.servlet.context.ServletWebServerApplicationContext.refresh(ServletWebServerApplicationContext.java:143)
	at org.springframework.boot.SpringApplication.refresh(SpringApplication.java:758)
	at org.springframework.boot.SpringApplication.refresh(SpringApplication.java:750)
	at org.springframework.boot.SpringApplication.refreshContext(SpringApplication.java:397)
	at org.springframework.boot.SpringApplication.run(SpringApplication.java:315)
	at org.springframework.boot.SpringApplication.run(SpringApplication.java:1237)
	at org.springframework.boot.SpringApplication.run(SpringApplication.java:1226)
	at com.microservices.demo.config.server.ConfigServer.main(ConfigServer.java:11)
	at java.base/jdk.internal.reflect.NativeMethodAccessorImpl.invoke0(Native Method)
	at java.base/jdk.internal.reflect.NativeMethodAccessorImpl.invoke(Unknown Source)
	at java.base/jdk.internal.reflect.DelegatingMethodAccessorImpl.invoke(Unknown Source)
	at java.base/java.lang.reflect.Method.invoke(Unknown Source)
	at org.springframework.boot.loader.MainMethodRunner.run(MainMethodRunner.java:49)
	at org.springframework.boot.loader.Launcher.launch(Launcher.java:107)
	at org.springframework.boot.loader.Launcher.launch(Launcher.java:58)
	at org.springframework.boot.loader.JarLauncher.main(JarLauncher.java:88)
Caused by: org.eclipse.jgit.errors.TransportException: https://github.com/yassire/spring-cloud-config-server-repository: cannot open git-upload-pack
	at org.eclipse.jgit.transport.TransportHttp.connect(TransportHttp.java:600)
	at org.eclipse.jgit.transport.TransportHttp.openFetch(TransportHttp.java:362)
	at org.eclipse.jgit.transport.FetchProcess.executeImp(FetchProcess.java:137)
	at org.eclipse.jgit.transport.FetchProcess.execute(FetchProcess.java:123)
	at org.eclipse.jgit.transport.Transport.fetch(Transport.java:1271)
	at org.eclipse.jgit.api.FetchCommand.call(FetchCommand.java:243)
	... 105 common frames omitted
Caused by: org.apache.http.conn.ConnectTimeoutException: Connect to github.com:443 [github.com/140.82.121.3] failed: Read timed out
	at org.apache.http.impl.conn.DefaultHttpClientConnectionOperator.connect(DefaultHttpClientConnectionOperator.java:151)
	at org.apache.http.impl.conn.PoolingHttpClientConnectionManager.connect(PoolingHttpClientConnectionManager.java:376)
	at org.apache.http.impl.execchain.MainClientExec.establishRoute(MainClientExec.java:393)
	at org.apache.http.impl.execchain.MainClientExec.execute(MainClientExec.java:236)
	at org.apache.http.impl.execchain.ProtocolExec.execute(ProtocolExec.java:186)
	at org.apache.http.impl.execchain.RetryExec.execute(RetryExec.java:89)
	at org.apache.http.impl.execchain.RedirectExec.execute(RedirectExec.java:110)
	at org.apache.http.impl.client.InternalHttpClient.doExecute(InternalHttpClient.java:185)
	at org.apache.http.impl.client.CloseableHttpClient.execute(CloseableHttpClient.java:83)
	at org.apache.http.impl.client.CloseableHttpClient.execute(CloseableHttpClient.java:108)
	at org.apache.http.impl.client.CloseableHttpClient.execute(CloseableHttpClient.java:56)
	at org.eclipse.jgit.transport.http.apache.HttpClientConnection.execute(HttpClientConnection.java:254)
	at org.eclipse.jgit.transport.http.apache.HttpClientConnection.getResponseCode(HttpClientConnection.java:231)
	at org.eclipse.jgit.util.HttpSupport.response(HttpSupport.java:207)
	at org.eclipse.jgit.transport.TransportHttp.connect(TransportHttp.java:514)
	... 110 common frames omitted
Caused by: java.net.SocketTimeoutException: Read timed out
	at java.base/java.net.SocketInputStream.socketRead0(Native Method)
	at java.base/java.net.SocketInputStream.socketRead(Unknown Source)
	at java.base/java.net.SocketInputStream.read(Unknown Source)
	at java.base/java.net.SocketInputStream.read(Unknown Source)
	at java.base/sun.security.ssl.SSLSocketInputRecord.read(Unknown Source)
	at java.base/sun.security.ssl.SSLSocketInputRecord.readHeader(Unknown Source)
	at java.base/sun.security.ssl.SSLSocketInputRecord.decode(Unknown Source)
	at java.base/sun.security.ssl.SSLTransport.decode(Unknown Source)
	at java.base/sun.security.ssl.SSLSocketImpl.decode(Unknown Source)
	at java.base/sun.security.ssl.SSLSocketImpl.readHandshakeRecord(Unknown Source)
	at java.base/sun.security.ssl.SSLSocketImpl.startHandshake(Unknown Source)
	at java.base/sun.security.ssl.SSLSocketImpl.startHandshake(Unknown Source)
	at org.apache.http.conn.ssl.SSLConnectionSocketFactory.createLayeredSocket(SSLConnectionSocketFactory.java:436)
	at org.apache.http.conn.ssl.SSLConnectionSocketFactory.connectSocket(SSLConnectionSocketFactory.java:384)
	at org.apache.http.impl.conn.DefaultHttpClientConnectionOperator.connect(DefaultHttpClientConnectionOperator.java:142)
	... 124 common frames omitted
2021-09-14 09:44:47 [main] WARN  o.s.b.w.s.c.AnnotationConfigServletWebServerApplicationContext - Exception encountered during context initialization - cancelling refresh attempt: org.springframework.beans.factory.UnsatisfiedDependencyException: Error creating bean with name 'healthIndicatorRegistry' defined in class path resource [org/springframework/boot/actuate/autoconfigure/health/LegacyHealthEndpointCompatibilityConfiguration.class]: Unsatisfied dependency expressed through method 'healthIndicatorRegistry' parameter 0; nested exception is org.springframework.beans.factory.BeanCreationException: Error creating bean with name 'healthContributorRegistry' defined in class path resource [org/springframework/boot/actuate/autoconfigure/health/HealthEndpointConfiguration.class]: Bean instantiation via factory method failed; nested exception is org.springframework.beans.BeanInstantiationException: Failed to instantiate [org.springframework.boot.actuate.health.HealthContributorRegistry]: Factory method 'healthContributorRegistry' threw exception; nested exception is org.springframework.beans.factory.UnsatisfiedDependencyException: Error creating bean with name 'configServerHealthIndicator' defined in class path resource [org/springframework/cloud/config/server/config/EnvironmentRepositoryConfiguration.class]: Unsatisfied dependency expressed through method 'configServerHealthIndicator' parameter 0; nested exception is org.springframework.beans.factory.UnsatisfiedDependencyException: Error creating bean with name 'org.springframework.cloud.config.server.config.CompositeConfiguration': Unsatisfied dependency expressed through method 'setEnvironmentRepos' parameter 0; nested exception is org.springframework.beans.factory.BeanCreationException: Error creating bean with name 'defaultEnvironmentRepository' defined in class path resource [org/springframework/cloud/config/server/config/DefaultRepositoryConfiguration.class]: Invocation of init method failed; nested exception is org.eclipse.jgit.api.errors.TransportException: https://github.com/yassire/spring-cloud-config-server-repository: cannot open git-upload-pack
2021-09-14 09:44:47 [main] INFO  o.s.s.c.ThreadPoolTaskExecutor - Shutting down ExecutorService 'applicationTaskExecutor'
2021-09-14 09:44:47 [main] INFO  o.a.catalina.core.StandardService - Stopping service [Tomcat]
2021-09-14 09:44:47 [main] INFO  o.s.b.a.l.ConditionEvaluationReportLoggingListener - 

Error starting ApplicationContext. To display the conditions report re-run your application with 'debug' enabled.
2021-09-14 09:44:47 [main] ERROR o.s.boot.SpringApplication - Application run failed
org.springframework.beans.factory.UnsatisfiedDependencyException: Error creating bean with name 'healthIndicatorRegistry' defined in class path resource [org/springframework/boot/actuate/autoconfigure/health/LegacyHealthEndpointCompatibilityConfiguration.class]: Unsatisfied dependency expressed through method 'healthIndicatorRegistry' parameter 0; nested exception is org.springframework.beans.factory.BeanCreationException: Error creating bean with name 'healthContributorRegistry' defined in class path resource [org/springframework/boot/actuate/autoconfigure/health/HealthEndpointConfiguration.class]: Bean instantiation via factory method failed; nested exception is org.springframework.beans.BeanInstantiationException: Failed to instantiate [org.springframework.boot.actuate.health.HealthContributorRegistry]: Factory method 'healthContributorRegistry' threw exception; nested exception is org.springframework.beans.factory.UnsatisfiedDependencyException: Error creating bean with name 'configServerHealthIndicator' defined in class path resource [org/springframework/cloud/config/server/config/EnvironmentRepositoryConfiguration.class]: Unsatisfied dependency expressed through method 'configServerHealthIndicator' parameter 0; nested exception is org.springframework.beans.factory.UnsatisfiedDependencyException: Error creating bean with name 'org.springframework.cloud.config.server.config.CompositeConfiguration': Unsatisfied dependency expressed through method 'setEnvironmentRepos' parameter 0; nested exception is org.springframework.beans.factory.BeanCreationException: Error creating bean with name 'defaultEnvironmentRepository' defined in class path resource [org/springframework/cloud/config/server/config/DefaultRepositoryConfiguration.class]: Invocation of init method failed; nested exception is org.eclipse.jgit.api.errors.TransportException: https://github.com/yassire/spring-cloud-config-server-repository: cannot open git-upload-pack
	at org.springframework.beans.factory.support.ConstructorResolver.createArgumentArray(ConstructorResolver.java:797)
	at org.springframework.beans.factory.support.ConstructorResolver.instantiateUsingFactoryMethod(ConstructorResolver.java:538)
	at org.springframework.beans.factory.support.AbstractAutowireCapableBeanFactory.instantiateUsingFactoryMethod(AbstractAutowireCapableBeanFactory.java:1336)
	at org.springframework.beans.factory.support.AbstractAutowireCapableBeanFactory.createBeanInstance(AbstractAutowireCapableBeanFactory.java:1176)
	at org.springframework.beans.factory.support.AbstractAutowireCapableBeanFactory.doCreateBean(AbstractAutowireCapableBeanFactory.java:556)
	at org.springframework.beans.factory.support.AbstractAutowireCapableBeanFactory.createBean(AbstractAutowireCapableBeanFactory.java:516)
	at org.springframework.beans.factory.support.AbstractBeanFactory.lambda$doGetBean$0(AbstractBeanFactory.java:324)
	at org.springframework.beans.factory.support.DefaultSingletonBeanRegistry.getSingleton(DefaultSingletonBeanRegistry.java:234)
	at org.springframework.beans.factory.support.AbstractBeanFactory.doGetBean(AbstractBeanFactory.java:322)
	at org.springframework.beans.factory.support.AbstractBeanFactory.getBean(AbstractBeanFactory.java:202)
	at org.springframework.beans.factory.support.DefaultListableBeanFactory.preInstantiateSingletons(DefaultListableBeanFactory.java:897)
	at org.springframework.context.support.AbstractApplicationContext.finishBeanFactoryInitialization(AbstractApplicationContext.java:879)
	at org.springframework.context.support.AbstractApplicationContext.refresh(AbstractApplicationContext.java:551)
	at org.springframework.boot.web.servlet.context.ServletWebServerApplicationContext.refresh(ServletWebServerApplicationContext.java:143)
	at org.springframework.boot.SpringApplication.refresh(SpringApplication.java:758)
	at org.springframework.boot.SpringApplication.refresh(SpringApplication.java:750)
	at org.springframework.boot.SpringApplication.refreshContext(SpringApplication.java:397)
	at org.springframework.boot.SpringApplication.run(SpringApplication.java:315)
	at org.springframework.boot.SpringApplication.run(SpringApplication.java:1237)
	at org.springframework.boot.SpringApplication.run(SpringApplication.java:1226)
	at com.microservices.demo.config.server.ConfigServer.main(ConfigServer.java:11)
	at java.base/jdk.internal.reflect.NativeMethodAccessorImpl.invoke0(Native Method)
	at java.base/jdk.internal.reflect.NativeMethodAccessorImpl.invoke(Unknown Source)
	at java.base/jdk.internal.reflect.DelegatingMethodAccessorImpl.invoke(Unknown Source)
	at java.base/java.lang.reflect.Method.invoke(Unknown Source)
	at org.springframework.boot.loader.MainMethodRunner.run(MainMethodRunner.java:49)
	at org.springframework.boot.loader.Launcher.launch(Launcher.java:107)
	at org.springframework.boot.loader.Launcher.launch(Launcher.java:58)
	at org.springframework.boot.loader.JarLauncher.main(JarLauncher.java:88)
Caused by: org.springframework.beans.factory.BeanCreationException: Error creating bean with name 'healthContributorRegistry' defined in class path resource [org/springframework/boot/actuate/autoconfigure/health/HealthEndpointConfiguration.class]: Bean instantiation via factory method failed; nested exception is org.springframework.beans.BeanInstantiationException: Failed to instantiate [org.springframework.boot.actuate.health.HealthContributorRegistry]: Factory method 'healthContributorRegistry' threw exception; nested exception is org.springframework.beans.factory.UnsatisfiedDependencyException: Error creating bean with name 'configServerHealthIndicator' defined in class path resource [org/springframework/cloud/config/server/config/EnvironmentRepositoryConfiguration.class]: Unsatisfied dependency expressed through method 'configServerHealthIndicator' parameter 0; nested exception is org.springframework.beans.factory.UnsatisfiedDependencyException: Error creating bean with name 'org.springframework.cloud.config.server.config.CompositeConfiguration': Unsatisfied dependency expressed through method 'setEnvironmentRepos' parameter 0; nested exception is org.springframework.beans.factory.BeanCreationException: Error creating bean with name 'defaultEnvironmentRepository' defined in class path resource [org/springframework/cloud/config/server/config/DefaultRepositoryConfiguration.class]: Invocation of init method failed; nested exception is org.eclipse.jgit.api.errors.TransportException: https://github.com/yassire/spring-cloud-config-server-repository: cannot open git-upload-pack
	at org.springframework.beans.factory.support.ConstructorResolver.instantiate(ConstructorResolver.java:655)
	at org.springframework.beans.factory.support.ConstructorResolver.instantiateUsingFactoryMethod(ConstructorResolver.java:635)
	at org.springframework.beans.factory.support.AbstractAutowireCapableBeanFactory.instantiateUsingFactoryMethod(AbstractAutowireCapableBeanFactory.java:1336)
	at org.springframework.beans.factory.support.AbstractAutowireCapableBeanFactory.createBeanInstance(AbstractAutowireCapableBeanFactory.java:1176)
	at org.springframework.beans.factory.support.AbstractAutowireCapableBeanFactory.doCreateBean(AbstractAutowireCapableBeanFactory.java:556)
	at org.springframework.beans.factory.support.AbstractAutowireCapableBeanFactory.createBean(AbstractAutowireCapableBeanFactory.java:516)
	at org.springframework.beans.factory.support.AbstractBeanFactory.lambda$doGetBean$0(AbstractBeanFactory.java:324)
	at org.springframework.beans.factory.support.DefaultSingletonBeanRegistry.getSingleton(DefaultSingletonBeanRegistry.java:234)
	at org.springframework.beans.factory.support.AbstractBeanFactory.doGetBean(AbstractBeanFactory.java:322)
	at org.springframework.beans.factory.support.AbstractBeanFactory.getBean(AbstractBeanFactory.java:202)
	at org.springframework.beans.factory.config.DependencyDescriptor.resolveCandidate(DependencyDescriptor.java:276)
	at org.springframework.beans.factory.support.DefaultListableBeanFactory.doResolveDependency(DefaultListableBeanFactory.java:1307)
	at org.springframework.beans.factory.support.DefaultListableBeanFactory.resolveDependency(DefaultListableBeanFactory.java:1227)
	at org.springframework.beans.factory.support.ConstructorResolver.resolveAutowiredArgument(ConstructorResolver.java:884)
	at org.springframework.beans.factory.support.ConstructorResolver.createArgumentArray(ConstructorResolver.java:788)
	... 28 common frames omitted
Caused by: org.springframework.beans.BeanInstantiationException: Failed to instantiate [org.springframework.boot.actuate.health.HealthContributorRegistry]: Factory method 'healthContributorRegistry' threw exception; nested exception is org.springframework.beans.factory.UnsatisfiedDependencyException: Error creating bean with name 'configServerHealthIndicator' defined in class path resource [org/springframework/cloud/config/server/config/EnvironmentRepositoryConfiguration.class]: Unsatisfied dependency expressed through method 'configServerHealthIndicator' parameter 0; nested exception is org.springframework.beans.factory.UnsatisfiedDependencyException: Error creating bean with name 'org.springframework.cloud.config.server.config.CompositeConfiguration': Unsatisfied dependency expressed through method 'setEnvironmentRepos' parameter 0; nested exception is org.springframework.beans.factory.BeanCreationException: Error creating bean with name 'defaultEnvironmentRepository' defined in class path resource [org/springframework/cloud/config/server/config/DefaultRepositoryConfiguration.class]: Invocation of init method failed; nested exception is org.eclipse.jgit.api.errors.TransportException: https://github.com/yassire/spring-cloud-config-server-repository: cannot open git-upload-pack
	at org.springframework.beans.factory.support.SimpleInstantiationStrategy.instantiate(SimpleInstantiationStrategy.java:185)
	at org.springframework.beans.factory.support.ConstructorResolver.instantiate(ConstructorResolver.java:650)
	... 42 common frames omitted
Caused by: org.springframework.beans.factory.UnsatisfiedDependencyException: Error creating bean with name 'configServerHealthIndicator' defined in class path resource [org/springframework/cloud/config/server/config/EnvironmentRepositoryConfiguration.class]: Unsatisfied dependency expressed through method 'configServerHealthIndicator' parameter 0; nested exception is org.springframework.beans.factory.UnsatisfiedDependencyException: Error creating bean with name 'org.springframework.cloud.config.server.config.CompositeConfiguration': Unsatisfied dependency expressed through method 'setEnvironmentRepos' parameter 0; nested exception is org.springframework.beans.factory.BeanCreationException: Error creating bean with name 'defaultEnvironmentRepository' defined in class path resource [org/springframework/cloud/config/server/config/DefaultRepositoryConfiguration.class]: Invocation of init method failed; nested exception is org.eclipse.jgit.api.errors.TransportException: https://github.com/yassire/spring-cloud-config-server-repository: cannot open git-upload-pack
	at org.springframework.beans.factory.support.ConstructorResolver.createArgumentArray(ConstructorResolver.java:797)
	at org.springframework.beans.factory.support.ConstructorResolver.instantiateUsingFactoryMethod(ConstructorResolver.java:538)
	at org.springframework.beans.factory.support.AbstractAutowireCapableBeanFactory.instantiateUsingFactoryMethod(AbstractAutowireCapableBeanFactory.java:1336)
	at org.springframework.beans.factory.support.AbstractAutowireCapableBeanFactory.createBeanInstance(AbstractAutowireCapableBeanFactory.java:1176)
	at org.springframework.beans.factory.support.AbstractAutowireCapableBeanFactory.doCreateBean(AbstractAutowireCapableBeanFactory.java:556)
	at org.springframework.beans.factory.support.AbstractAutowireCapableBeanFactory.createBean(AbstractAutowireCapableBeanFactory.java:516)
	at org.springframework.beans.factory.support.AbstractBeanFactory.lambda$doGetBean$0(AbstractBeanFactory.java:324)
	at org.springframework.beans.factory.support.DefaultSingletonBeanRegistry.getSingleton(DefaultSingletonBeanRegistry.java:234)
	at org.springframework.beans.factory.support.AbstractBeanFactory.doGetBean(AbstractBeanFactory.java:322)
	at org.springframework.beans.factory.support.AbstractBeanFactory.getBean(AbstractBeanFactory.java:202)
	at org.springframework.beans.factory.support.DefaultListableBeanFactory.getBeansOfType(DefaultListableBeanFactory.java:624)
	at org.springframework.beans.factory.support.DefaultListableBeanFactory.getBeansOfType(DefaultListableBeanFactory.java:612)
	at org.springframework.context.support.AbstractApplicationContext.getBeansOfType(AbstractApplicationContext.java:1243)
	at org.springframework.boot.actuate.autoconfigure.health.HealthEndpointConfiguration.healthContributorRegistry(HealthEndpointConfiguration.java:82)
	at java.base/jdk.internal.reflect.NativeMethodAccessorImpl.invoke0(Native Method)
	at java.base/jdk.internal.reflect.NativeMethodAccessorImpl.invoke(Unknown Source)
	at java.base/jdk.internal.reflect.DelegatingMethodAccessorImpl.invoke(Unknown Source)
	at java.base/java.lang.reflect.Method.invoke(Unknown Source)
	at org.springframework.beans.factory.support.SimpleInstantiationStrategy.instantiate(SimpleInstantiationStrategy.java:154)
	... 43 common frames omitted
Caused by: org.springframework.beans.factory.UnsatisfiedDependencyException: Error creating bean with name 'org.springframework.cloud.config.server.config.CompositeConfiguration': Unsatisfied dependency expressed through method 'setEnvironmentRepos' parameter 0; nested exception is org.springframework.beans.factory.BeanCreationException: Error creating bean with name 'defaultEnvironmentRepository' defined in class path resource [org/springframework/cloud/config/server/config/DefaultRepositoryConfiguration.class]: Invocation of init method failed; nested exception is org.eclipse.jgit.api.errors.TransportException: https://github.com/yassire/spring-cloud-config-server-repository: cannot open git-upload-pack
	at org.springframework.beans.factory.annotation.AutowiredAnnotationBeanPostProcessor$AutowiredMethodElement.inject(AutowiredAnnotationBeanPostProcessor.java:723)
	at org.springframework.beans.factory.annotation.InjectionMetadata.inject(InjectionMetadata.java:130)
	at org.springframework.beans.factory.annotation.AutowiredAnnotationBeanPostProcessor.postProcessProperties(AutowiredAnnotationBeanPostProcessor.java:399)
	at org.springframework.beans.factory.support.AbstractAutowireCapableBeanFactory.populateBean(AbstractAutowireCapableBeanFactory.java:1420)
	at org.springframework.beans.factory.support.AbstractAutowireCapableBeanFactory.doCreateBean(AbstractAutowireCapableBeanFactory.java:593)
	at org.springframework.beans.factory.support.AbstractAutowireCapableBeanFactory.createBean(AbstractAutowireCapableBeanFactory.java:516)
	at org.springframework.beans.factory.support.AbstractBeanFactory.lambda$doGetBean$0(AbstractBeanFactory.java:324)
	at org.springframework.beans.factory.support.DefaultSingletonBeanRegistry.getSingleton(DefaultSingletonBeanRegistry.java:234)
	at org.springframework.beans.factory.support.AbstractBeanFactory.doGetBean(AbstractBeanFactory.java:322)
	at org.springframework.beans.factory.support.AbstractBeanFactory.getBean(AbstractBeanFactory.java:202)
	at org.springframework.beans.factory.support.ConstructorResolver.instantiateUsingFactoryMethod(ConstructorResolver.java:408)
	at org.springframework.beans.factory.support.AbstractAutowireCapableBeanFactory.instantiateUsingFactoryMethod(AbstractAutowireCapableBeanFactory.java:1336)
	at org.springframework.beans.factory.support.AbstractAutowireCapableBeanFactory.createBeanInstance(AbstractAutowireCapableBeanFactory.java:1176)
	at org.springframework.beans.factory.support.AbstractAutowireCapableBeanFactory.doCreateBean(AbstractAutowireCapableBeanFactory.java:556)
	at org.springframework.beans.factory.support.AbstractAutowireCapableBeanFactory.createBean(AbstractAutowireCapableBeanFactory.java:516)
	at org.springframework.beans.factory.support.AbstractBeanFactory.lambda$doGetBean$0(AbstractBeanFactory.java:324)
	at org.springframework.beans.factory.support.DefaultSingletonBeanRegistry.getSingleton(DefaultSingletonBeanRegistry.java:234)
	at org.springframework.beans.factory.support.AbstractBeanFactory.doGetBean(AbstractBeanFactory.java:322)
	at org.springframework.beans.factory.support.AbstractBeanFactory.getBean(AbstractBeanFactory.java:202)
	at org.springframework.beans.factory.config.DependencyDescriptor.resolveCandidate(DependencyDescriptor.java:276)
	at org.springframework.beans.factory.support.DefaultListableBeanFactory.doResolveDependency(DefaultListableBeanFactory.java:1307)
	at org.springframework.beans.factory.support.DefaultListableBeanFactory.resolveDependency(DefaultListableBeanFactory.java:1227)
	at org.springframework.beans.factory.support.ConstructorResolver.resolveAutowiredArgument(ConstructorResolver.java:884)
	at org.springframework.beans.factory.support.ConstructorResolver.createArgumentArray(ConstructorResolver.java:788)
	... 61 common frames omitted
Caused by: org.springframework.beans.factory.BeanCreationException: Error creating bean with name 'defaultEnvironmentRepository' defined in class path resource [org/springframework/cloud/config/server/config/DefaultRepositoryConfiguration.class]: Invocation of init method failed; nested exception is org.eclipse.jgit.api.errors.TransportException: https://github.com/yassire/spring-cloud-config-server-repository: cannot open git-upload-pack
	at org.springframework.beans.factory.support.AbstractAutowireCapableBeanFactory.initializeBean(AbstractAutowireCapableBeanFactory.java:1794)
	at org.springframework.beans.factory.support.AbstractAutowireCapableBeanFactory.doCreateBean(AbstractAutowireCapableBeanFactory.java:594)
	at org.springframework.beans.factory.support.AbstractAutowireCapableBeanFactory.createBean(AbstractAutowireCapableBeanFactory.java:516)
	at org.springframework.beans.factory.support.AbstractBeanFactory.lambda$doGetBean$0(AbstractBeanFactory.java:324)
	at org.springframework.beans.factory.support.DefaultSingletonBeanRegistry.getSingleton(DefaultSingletonBeanRegistry.java:234)
	at org.springframework.beans.factory.support.AbstractBeanFactory.doGetBean(AbstractBeanFactory.java:322)
	at org.springframework.beans.factory.support.AbstractBeanFactory.getBean(AbstractBeanFactory.java:202)
	at org.springframework.beans.factory.config.DependencyDescriptor.resolveCandidate(DependencyDescriptor.java:276)
	at org.springframework.beans.factory.support.DefaultListableBeanFactory.addCandidateEntry(DefaultListableBeanFactory.java:1525)
	at org.springframework.beans.factory.support.DefaultListableBeanFactory.findAutowireCandidates(DefaultListableBeanFactory.java:1489)
	at org.springframework.beans.factory.support.DefaultListableBeanFactory.resolveMultipleBeans(DefaultListableBeanFactory.java:1378)
	at org.springframework.beans.factory.support.DefaultListableBeanFactory.doResolveDependency(DefaultListableBeanFactory.java:1265)
	at org.springframework.beans.factory.support.DefaultListableBeanFactory.resolveDependency(DefaultListableBeanFactory.java:1227)
	at org.springframework.beans.factory.annotation.AutowiredAnnotationBeanPostProcessor$AutowiredMethodElement.inject(AutowiredAnnotationBeanPostProcessor.java:715)
	... 84 common frames omitted
Caused by: org.eclipse.jgit.api.errors.TransportException: https://github.com/yassire/spring-cloud-config-server-repository: cannot open git-upload-pack
	at org.eclipse.jgit.api.FetchCommand.call(FetchCommand.java:254)
	at org.eclipse.jgit.api.CloneCommand.fetch(CloneCommand.java:306)
	at org.eclipse.jgit.api.CloneCommand.call(CloneCommand.java:200)
	at org.springframework.cloud.config.server.environment.JGitEnvironmentRepository.cloneToBasedir(JGitEnvironmentRepository.java:589)
	at org.springframework.cloud.config.server.environment.JGitEnvironmentRepository.initClonedRepository(JGitEnvironmentRepository.java:340)
	at org.springframework.cloud.config.server.environment.JGitEnvironmentRepository.afterPropertiesSet(JGitEnvironmentRepository.java:256)
	at org.springframework.cloud.config.server.environment.MultipleJGitEnvironmentRepository.afterPropertiesSet(MultipleJGitEnvironmentRepository.java:66)
	at org.springframework.beans.factory.support.AbstractAutowireCapableBeanFactory.invokeInitMethods(AbstractAutowireCapableBeanFactory.java:1853)
	at org.springframework.beans.factory.support.AbstractAutowireCapableBeanFactory.initializeBean(AbstractAutowireCapableBeanFactory.java:1790)
	... 97 common frames omitted
Caused by: org.eclipse.jgit.errors.TransportException: https://github.com/yassire/spring-cloud-config-server-repository: cannot open git-upload-pack
	at org.eclipse.jgit.transport.TransportHttp.connect(TransportHttp.java:600)
	at org.eclipse.jgit.transport.TransportHttp.openFetch(TransportHttp.java:362)
	at org.eclipse.jgit.transport.FetchProcess.executeImp(FetchProcess.java:137)
	at org.eclipse.jgit.transport.FetchProcess.execute(FetchProcess.java:123)
	at org.eclipse.jgit.transport.Transport.fetch(Transport.java:1271)
	at org.eclipse.jgit.api.FetchCommand.call(FetchCommand.java:243)
	... 105 common frames omitted
Caused by: org.apache.http.conn.ConnectTimeoutException: Connect to github.com:443 [github.com/140.82.121.3] failed: Read timed out
	at org.apache.http.impl.conn.DefaultHttpClientConnectionOperator.connect(DefaultHttpClientConnectionOperator.java:151)
	at org.apache.http.impl.conn.PoolingHttpClientConnectionManager.connect(PoolingHttpClientConnectionManager.java:376)
	at org.apache.http.impl.execchain.MainClientExec.establishRoute(MainClientExec.java:393)
	at org.apache.http.impl.execchain.MainClientExec.execute(MainClientExec.java:236)
	at org.apache.http.impl.execchain.ProtocolExec.execute(ProtocolExec.java:186)
	at org.apache.http.impl.execchain.RetryExec.execute(RetryExec.java:89)
	at org.apache.http.impl.execchain.RedirectExec.execute(RedirectExec.java:110)
	at org.apache.http.impl.client.InternalHttpClient.doExecute(InternalHttpClient.java:185)
	at org.apache.http.impl.client.CloseableHttpClient.execute(CloseableHttpClient.java:83)
	at org.apache.http.impl.client.CloseableHttpClient.execute(CloseableHttpClient.java:108)
	at org.apache.http.impl.client.CloseableHttpClient.execute(CloseableHttpClient.java:56)
	at org.eclipse.jgit.transport.http.apache.HttpClientConnection.execute(HttpClientConnection.java:254)
	at org.eclipse.jgit.transport.http.apache.HttpClientConnection.getResponseCode(HttpClientConnection.java:231)
	at org.eclipse.jgit.util.HttpSupport.response(HttpSupport.java:207)
	at org.eclipse.jgit.transport.TransportHttp.connect(TransportHttp.java:514)
	... 110 common frames omitted
Caused by: java.net.SocketTimeoutException: Read timed out
	at java.base/java.net.SocketInputStream.socketRead0(Native Method)
	at java.base/java.net.SocketInputStream.socketRead(Unknown Source)
	at java.base/java.net.SocketInputStream.read(Unknown Source)
	at java.base/java.net.SocketInputStream.read(Unknown Source)
	at java.base/sun.security.ssl.SSLSocketInputRecord.read(Unknown Source)
	at java.base/sun.security.ssl.SSLSocketInputRecord.readHeader(Unknown Source)
	at java.base/sun.security.ssl.SSLSocketInputRecord.decode(Unknown Source)
	at java.base/sun.security.ssl.SSLTransport.decode(Unknown Source)
	at java.base/sun.security.ssl.SSLSocketImpl.decode(Unknown Source)
	at java.base/sun.security.ssl.SSLSocketImpl.readHandshakeRecord(Unknown Source)
	at java.base/sun.security.ssl.SSLSocketImpl.startHandshake(Unknown Source)
	at java.base/sun.security.ssl.SSLSocketImpl.startHandshake(Unknown Source)
	at org.apache.http.conn.ssl.SSLConnectionSocketFactory.createLayeredSocket(SSLConnectionSocketFactory.java:436)
	at org.apache.http.conn.ssl.SSLConnectionSocketFactory.connectSocket(SSLConnectionSocketFactory.java:384)
	at org.apache.http.impl.conn.DefaultHttpClientConnectionOperator.connect(DefaultHttpClientConnectionOperator.java:142)
	... 124 common frames omitted
2021-09-14 09:45:46 [background-preinit] INFO  o.h.validator.internal.util.Version - HV000001: Hibernate Validator 6.1.5.Final
2021-09-14 09:45:47 [main] INFO  c.m.demo.config.server.ConfigServer - No active profile set, falling back to default profiles: default
2021-09-14 09:45:48 [main] INFO  o.s.cloud.context.scope.GenericScope - BeanFactory id=2a519873-3bf9-3410-9240-bed5bf7485b8
2021-09-14 09:45:48 [main] INFO  o.s.b.w.e.tomcat.TomcatWebServer - Tomcat initialized with port(s): 8888 (http)
2021-09-14 09:45:48 [main] INFO  o.a.coyote.http11.Http11NioProtocol - Initializing ProtocolHandler ["http-nio-8888"]
2021-09-14 09:45:48 [main] INFO  o.a.catalina.core.StandardService - Starting service [Tomcat]
2021-09-14 09:45:48 [main] INFO  o.a.catalina.core.StandardEngine - Starting Servlet engine: [Apache Tomcat/9.0.38]
2021-09-14 09:45:49 [main] INFO  o.a.c.c.C.[Tomcat].[localhost].[/] - Initializing Spring embedded WebApplicationContext
2021-09-14 09:45:49 [main] INFO  o.s.b.w.s.c.ServletWebServerApplicationContext - Root WebApplicationContext: initialization completed in 1434 ms
2021-09-14 09:45:49 [main] INFO  o.s.s.c.ThreadPoolTaskExecutor - Initializing ExecutorService 'applicationTaskExecutor'
2021-09-14 09:45:51 [main] INFO  o.s.s.web.DefaultSecurityFilterChain - Creating filter chain: Ant [pattern='/encrypt/**'], []
2021-09-14 09:45:51 [main] INFO  o.s.s.web.DefaultSecurityFilterChain - Creating filter chain: Ant [pattern='/decrypt/**'], []
2021-09-14 09:45:51 [main] INFO  o.s.s.web.DefaultSecurityFilterChain - Creating filter chain: Ant [pattern='/actuator/**'], []
2021-09-14 09:45:51 [main] INFO  o.s.s.web.DefaultSecurityFilterChain - Creating filter chain: any request, [org.springframework.security.web.context.request.async.WebAsyncManagerIntegrationFilter@24dc150c, org.springframework.security.web.context.SecurityContextPersistenceFilter@174b8d0e, org.springframework.security.web.header.HeaderWriterFilter@b76b7d8, org.springframework.security.web.csrf.CsrfFilter@37fca349, org.springframework.security.web.authentication.logout.LogoutFilter@199806aa, org.springframework.security.web.authentication.UsernamePasswordAuthenticationFilter@40b54762, org.springframework.security.web.authentication.ui.DefaultLoginPageGeneratingFilter@3eb0fd88, org.springframework.security.web.authentication.ui.DefaultLogoutPageGeneratingFilter@1d2d4d7a, org.springframework.security.web.authentication.www.BasicAuthenticationFilter@3815a7d1, org.springframework.security.web.savedrequest.RequestCacheAwareFilter@75959b0c, org.springframework.security.web.servletapi.SecurityContextHolderAwareRequestFilter@6e0d058a, org.springframework.security.web.authentication.AnonymousAuthenticationFilter@5e020dd1, org.springframework.security.web.session.SessionManagementFilter@63c4d16, org.springframework.security.web.access.ExceptionTranslationFilter@7d3bcd3, org.springframework.security.web.access.intercept.FilterSecurityInterceptor@16944b58]
2021-09-14 09:45:51 [main] INFO  o.s.b.a.e.web.EndpointLinksResolver - Exposing 2 endpoint(s) beneath base path '/actuator'
2021-09-14 09:45:51 [main] INFO  o.a.coyote.http11.Http11NioProtocol - Starting ProtocolHandler ["http-nio-8888"]
2021-09-14 09:45:52 [main] INFO  o.s.b.w.e.tomcat.TomcatWebServer - Tomcat started on port(s): 8888 (http) with context path ''
2021-09-14 09:45:52 [main] INFO  c.m.demo.config.server.ConfigServer - Started ConfigServer in 5.841 seconds (JVM running for 6.555)
2021-09-14 09:45:52 [http-nio-8888-exec-1] INFO  o.a.c.c.C.[Tomcat].[localhost].[/] - Initializing Spring DispatcherServlet 'dispatcherServlet'
2021-09-14 09:45:52 [http-nio-8888-exec-1] INFO  o.s.web.servlet.DispatcherServlet - Initializing Servlet 'dispatcherServlet'
2021-09-14 09:45:52 [http-nio-8888-exec-1] INFO  o.s.web.servlet.DispatcherServlet - Completed initialization in 8 ms
2021-09-14 09:46:00 [http-nio-8888-exec-2] INFO  o.s.c.c.s.e.NativeEnvironmentRepository - Adding property source: file:/tmp/config-repo-3763314254069535466/config-client-twitter_to_kafka.yml
2021-09-14 09:46:00 [http-nio-8888-exec-2] INFO  o.s.c.c.s.e.NativeEnvironmentRepository - Adding property source: file:/tmp/config-repo-3763314254069535466/config-client.yml
2021-09-14 09:46:39 [http-nio-8888-exec-4] INFO  o.s.c.c.s.e.NativeEnvironmentRepository - Adding property source: file:/tmp/config-repo-3763314254069535466/config-client-kafka_to_elastic.yml
2021-09-14 09:46:39 [http-nio-8888-exec-4] INFO  o.s.c.c.s.e.NativeEnvironmentRepository - Adding property source: file:/tmp/config-repo-3763314254069535466/config-client.yml
2021-09-14 10:03:46 [background-preinit] INFO  o.h.validator.internal.util.Version - HV000001: Hibernate Validator 6.1.5.Final
2021-09-14 10:03:51 [main] INFO  c.m.demo.config.server.ConfigServer - No active profile set, falling back to default profiles: default
2021-09-14 10:03:54 [main] INFO  o.s.cloud.context.scope.GenericScope - BeanFactory id=2a519873-3bf9-3410-9240-bed5bf7485b8
2021-09-14 10:03:56 [main] INFO  o.s.b.w.e.tomcat.TomcatWebServer - Tomcat initialized with port(s): 8888 (http)
2021-09-14 10:03:56 [main] INFO  o.a.coyote.http11.Http11NioProtocol - Initializing ProtocolHandler ["http-nio-8888"]
2021-09-14 10:03:56 [main] INFO  o.a.catalina.core.StandardService - Starting service [Tomcat]
2021-09-14 10:03:56 [main] INFO  o.a.catalina.core.StandardEngine - Starting Servlet engine: [Apache Tomcat/9.0.38]
2021-09-14 10:03:56 [main] INFO  o.a.c.c.C.[Tomcat].[localhost].[/] - Initializing Spring embedded WebApplicationContext
2021-09-14 10:03:56 [main] INFO  o.s.b.w.s.c.ServletWebServerApplicationContext - Root WebApplicationContext: initialization completed in 5030 ms
2021-09-14 10:03:59 [main] INFO  o.s.s.c.ThreadPoolTaskExecutor - Initializing ExecutorService 'applicationTaskExecutor'
2021-09-14 10:04:07 [main] INFO  o.s.s.web.DefaultSecurityFilterChain - Creating filter chain: Ant [pattern='/encrypt/**'], []
2021-09-14 10:04:07 [main] INFO  o.s.s.web.DefaultSecurityFilterChain - Creating filter chain: Ant [pattern='/decrypt/**'], []
2021-09-14 10:04:07 [main] INFO  o.s.s.web.DefaultSecurityFilterChain - Creating filter chain: Ant [pattern='/actuator/**'], []
2021-09-14 10:04:07 [main] INFO  o.s.s.web.DefaultSecurityFilterChain - Creating filter chain: any request, [org.springframework.security.web.context.request.async.WebAsyncManagerIntegrationFilter@16944b58, org.springframework.security.web.context.SecurityContextPersistenceFilter@14d81f2c, org.springframework.security.web.header.HeaderWriterFilter@77998ea7, org.springframework.security.web.csrf.CsrfFilter@2f61de04, org.springframework.security.web.authentication.logout.LogoutFilter@484302ee, org.springframework.security.web.authentication.UsernamePasswordAuthenticationFilter@213ceb4e, org.springframework.security.web.authentication.ui.DefaultLoginPageGeneratingFilter@5dce5c03, org.springframework.security.web.authentication.ui.DefaultLogoutPageGeneratingFilter@1dbc607d, org.springframework.security.web.authentication.www.BasicAuthenticationFilter@2a984952, org.springframework.security.web.savedrequest.RequestCacheAwareFilter@774013dc, org.springframework.security.web.servletapi.SecurityContextHolderAwareRequestFilter@7d3bcd3, org.springframework.security.web.authentication.AnonymousAuthenticationFilter@62b42406, org.springframework.security.web.session.SessionManagementFilter@36638b59, org.springframework.security.web.access.ExceptionTranslationFilter@86377d5, org.springframework.security.web.access.intercept.FilterSecurityInterceptor@77d54a41]
2021-09-14 10:04:07 [main] INFO  o.s.b.a.e.web.EndpointLinksResolver - Exposing 2 endpoint(s) beneath base path '/actuator'
2021-09-14 10:04:07 [main] INFO  o.a.coyote.http11.Http11NioProtocol - Starting ProtocolHandler ["http-nio-8888"]
2021-09-14 10:04:07 [main] INFO  o.s.b.w.e.tomcat.TomcatWebServer - Tomcat started on port(s): 8888 (http) with context path ''
2021-09-14 10:04:08 [main] INFO  c.m.demo.config.server.ConfigServer - Started ConfigServer in 23.896 seconds (JVM running for 26.016)
2021-09-14 10:04:46 [http-nio-8888-exec-1] INFO  o.a.c.c.C.[Tomcat].[localhost].[/] - Initializing Spring DispatcherServlet 'dispatcherServlet'
2021-09-14 10:04:46 [http-nio-8888-exec-1] INFO  o.s.web.servlet.DispatcherServlet - Initializing Servlet 'dispatcherServlet'
2021-09-14 10:04:46 [http-nio-8888-exec-1] INFO  o.s.web.servlet.DispatcherServlet - Completed initialization in 13 ms
2021-09-14 10:04:50 [http-nio-8888-exec-2] INFO  o.s.c.c.s.e.NativeEnvironmentRepository - Adding property source: file:/tmp/config-repo-4046406108916525700/config-client-twitter_to_kafka.yml
2021-09-14 10:04:50 [http-nio-8888-exec-2] INFO  o.s.c.c.s.e.NativeEnvironmentRepository - Adding property source: file:/tmp/config-repo-4046406108916525700/config-client.yml
2021-09-14 10:05:45 [http-nio-8888-exec-5] INFO  o.s.c.c.s.e.NativeEnvironmentRepository - Adding property source: file:/tmp/config-repo-4046406108916525700/config-client-kafka_to_elastic.yml
2021-09-14 10:05:45 [http-nio-8888-exec-5] INFO  o.s.c.c.s.e.NativeEnvironmentRepository - Adding property source: file:/tmp/config-repo-4046406108916525700/config-client.yml
