2021-08-25 11:23:12 [main] INFO  c.m.d.t.t.k.s.TwitterToKafkaServiceApplication - Starting TwitterToKafkaServiceApplication v0.0.1-SNAPSHOT using Java 11.0.12 on 16898d4f4a6f with PID 1 (/workspace/BOOT-INF/classes started by cnb in /workspace)
2021-08-25 11:23:12 [main] INFO  c.m.d.t.t.k.s.TwitterToKafkaServiceApplication - No active profile set, falling back to default profiles: default
2021-08-25 11:23:18 [main] INFO  o.a.k.c.admin.AdminClientConfig - AdminClientConfig values: 
	bootstrap.servers = [kafka-broker-1:9092, kafka-broker-2:9092, kafka-broker-3:9092]
	client.dns.lookup = use_all_dns_ips
	client.id = 
	connections.max.idle.ms = 300000
	default.api.timeout.ms = 60000
	metadata.max.age.ms = 300000
	metric.reporters = []
	metrics.num.samples = 2
	metrics.recording.level = INFO
	metrics.sample.window.ms = 30000
	receive.buffer.bytes = 65536
	reconnect.backoff.max.ms = 1000
	reconnect.backoff.ms = 50
	request.timeout.ms = 30000
	retries = 2147483647
	retry.backoff.ms = 100
	sasl.client.callback.handler.class = null
	sasl.jaas.config = null
	sasl.kerberos.kinit.cmd = /usr/bin/kinit
	sasl.kerberos.min.time.before.relogin = 60000
	sasl.kerberos.service.name = null
	sasl.kerberos.ticket.renew.jitter = 0.05
	sasl.kerberos.ticket.renew.window.factor = 0.8
	sasl.login.callback.handler.class = null
	sasl.login.class = null
	sasl.login.refresh.buffer.seconds = 300
	sasl.login.refresh.min.period.seconds = 60
	sasl.login.refresh.window.factor = 0.8
	sasl.login.refresh.window.jitter = 0.05
	sasl.mechanism = GSSAPI
	security.protocol = PLAINTEXT
	security.providers = null
	send.buffer.bytes = 131072
	socket.connection.setup.timeout.max.ms = 127000
	socket.connection.setup.timeout.ms = 10000
	ssl.cipher.suites = null
	ssl.enabled.protocols = [TLSv1.2, TLSv1.3]
	ssl.endpoint.identification.algorithm = https
	ssl.engine.factory.class = null
	ssl.key.password = null
	ssl.keymanager.algorithm = SunX509
	ssl.keystore.certificate.chain = null
	ssl.keystore.key = null
	ssl.keystore.location = null
	ssl.keystore.password = null
	ssl.keystore.type = JKS
	ssl.protocol = TLSv1.3
	ssl.provider = null
	ssl.secure.random.implementation = null
	ssl.trustmanager.algorithm = PKIX
	ssl.truststore.certificates = null
	ssl.truststore.location = null
	ssl.truststore.password = null
	ssl.truststore.type = JKS

2021-08-25 11:23:19 [main] INFO  o.a.kafka.common.utils.AppInfoParser - Kafka version: 2.7.1
2021-08-25 11:23:19 [main] INFO  o.a.kafka.common.utils.AppInfoParser - Kafka commitId: 61dbce85d0d41457
2021-08-25 11:23:19 [main] INFO  o.a.kafka.common.utils.AppInfoParser - Kafka startTimeMs: 1629890599515
2021-08-25 11:23:19 [kafka-admin-client-thread | adminclient-1] WARN  o.apache.kafka.clients.NetworkClient - [AdminClient clientId=adminclient-1] Connection to node -1 (kafka-broker-1/172.22.0.6:9092) could not be established. Broker may not be available.
2021-08-25 11:23:19 [kafka-admin-client-thread | adminclient-1] WARN  o.apache.kafka.clients.NetworkClient - [AdminClient clientId=adminclient-1] Connection to node -3 (kafka-broker-3/172.22.0.5:9092) could not be established. Broker may not be available.
2021-08-25 11:23:19 [kafka-admin-client-thread | adminclient-1] WARN  o.apache.kafka.clients.NetworkClient - [AdminClient clientId=adminclient-1] Connection to node -2 (kafka-broker-2/172.22.0.4:9092) could not be established. Broker may not be available.
2021-08-25 11:23:19 [kafka-admin-client-thread | adminclient-1] WARN  o.apache.kafka.clients.NetworkClient - [AdminClient clientId=adminclient-1] Connection to node -1 (kafka-broker-1/172.22.0.6:9092) could not be established. Broker may not be available.
2021-08-25 11:23:19 [kafka-admin-client-thread | adminclient-1] WARN  o.apache.kafka.clients.NetworkClient - [AdminClient clientId=adminclient-1] Connection to node -3 (kafka-broker-3/172.22.0.5:9092) could not be established. Broker may not be available.
2021-08-25 11:23:19 [kafka-admin-client-thread | adminclient-1] WARN  o.apache.kafka.clients.NetworkClient - [AdminClient clientId=adminclient-1] Connection to node -2 (kafka-broker-2/172.22.0.4:9092) could not be established. Broker may not be available.
2021-08-25 11:23:19 [kafka-admin-client-thread | adminclient-1] WARN  o.apache.kafka.clients.NetworkClient - [AdminClient clientId=adminclient-1] Connection to node -1 (kafka-broker-1/172.22.0.6:9092) could not be established. Broker may not be available.
2021-08-25 11:23:19 [kafka-admin-client-thread | adminclient-1] WARN  o.apache.kafka.clients.NetworkClient - [AdminClient clientId=adminclient-1] Connection to node -3 (kafka-broker-3/172.22.0.5:9092) could not be established. Broker may not be available.
2021-08-25 11:23:19 [kafka-admin-client-thread | adminclient-1] WARN  o.apache.kafka.clients.NetworkClient - [AdminClient clientId=adminclient-1] Connection to node -2 (kafka-broker-2/172.22.0.4:9092) could not be established. Broker may not be available.
2021-08-25 11:23:20 [kafka-admin-client-thread | adminclient-1] WARN  o.apache.kafka.clients.NetworkClient - [AdminClient clientId=adminclient-1] Connection to node -1 (kafka-broker-1/172.22.0.6:9092) could not be established. Broker may not be available.
2021-08-25 11:23:20 [kafka-admin-client-thread | adminclient-1] WARN  o.apache.kafka.clients.NetworkClient - [AdminClient clientId=adminclient-1] Connection to node -3 (kafka-broker-3/172.22.0.5:9092) could not be established. Broker may not be available.
2021-08-25 11:23:20 [kafka-admin-client-thread | adminclient-1] WARN  o.apache.kafka.clients.NetworkClient - [AdminClient clientId=adminclient-1] Connection to node -2 (kafka-broker-2/172.22.0.4:9092) could not be established. Broker may not be available.
2021-08-25 11:23:20 [kafka-admin-client-thread | adminclient-1] WARN  o.apache.kafka.clients.NetworkClient - [AdminClient clientId=adminclient-1] Connection to node -1 (kafka-broker-1/172.22.0.6:9092) could not be established. Broker may not be available.
2021-08-25 11:23:20 [kafka-admin-client-thread | adminclient-1] WARN  o.apache.kafka.clients.NetworkClient - [AdminClient clientId=adminclient-1] Connection to node -3 (kafka-broker-3/172.22.0.5:9092) could not be established. Broker may not be available.
2021-08-25 11:23:20 [kafka-admin-client-thread | adminclient-1] WARN  o.apache.kafka.clients.NetworkClient - [AdminClient clientId=adminclient-1] Connection to node -2 (kafka-broker-2/172.22.0.4:9092) could not be established. Broker may not be available.
2021-08-25 11:23:21 [kafka-admin-client-thread | adminclient-1] WARN  o.apache.kafka.clients.NetworkClient - [AdminClient clientId=adminclient-1] Connection to node -1 (kafka-broker-1/172.22.0.6:9092) could not be established. Broker may not be available.
2021-08-25 11:23:21 [kafka-admin-client-thread | adminclient-1] WARN  o.apache.kafka.clients.NetworkClient - [AdminClient clientId=adminclient-1] Connection to node -2 (kafka-broker-2/172.22.0.4:9092) could not be established. Broker may not be available.
2021-08-25 11:23:21 [kafka-admin-client-thread | adminclient-1] WARN  o.apache.kafka.clients.NetworkClient - [AdminClient clientId=adminclient-1] Connection to node -3 (kafka-broker-3/172.22.0.5:9092) could not be established. Broker may not be available.
2021-08-25 11:23:22 [kafka-admin-client-thread | adminclient-1] WARN  o.apache.kafka.clients.NetworkClient - [AdminClient clientId=adminclient-1] Connection to node -1 (kafka-broker-1/172.22.0.6:9092) could not be established. Broker may not be available.
2021-08-25 11:23:22 [kafka-admin-client-thread | adminclient-1] WARN  o.apache.kafka.clients.NetworkClient - [AdminClient clientId=adminclient-1] Connection to node -3 (kafka-broker-3/172.22.0.5:9092) could not be established. Broker may not be available.
2021-08-25 11:23:22 [kafka-admin-client-thread | adminclient-1] WARN  o.apache.kafka.clients.NetworkClient - [AdminClient clientId=adminclient-1] Connection to node -2 (kafka-broker-2/172.22.0.4:9092) could not be established. Broker may not be available.
2021-08-25 11:23:23 [kafka-admin-client-thread | adminclient-1] WARN  o.apache.kafka.clients.NetworkClient - [AdminClient clientId=adminclient-1] Connection to node -1 (kafka-broker-1/172.22.0.6:9092) could not be established. Broker may not be available.
2021-08-25 11:23:23 [kafka-admin-client-thread | adminclient-1] WARN  o.apache.kafka.clients.NetworkClient - [AdminClient clientId=adminclient-1] Connection to node -3 (kafka-broker-3/172.22.0.5:9092) could not be established. Broker may not be available.
2021-08-25 11:23:23 [kafka-admin-client-thread | adminclient-1] WARN  o.apache.kafka.clients.NetworkClient - [AdminClient clientId=adminclient-1] Connection to node -2 (kafka-broker-2/172.22.0.4:9092) could not be established. Broker may not be available.
2021-08-25 11:23:23 [main] INFO  o.s.b.w.e.netty.NettyWebServer - Netty started on port 8080
2021-08-25 11:23:23 [main] INFO  c.m.d.t.t.k.s.TwitterToKafkaServiceApplication - Started TwitterToKafkaServiceApplication in 13.847 seconds (JVM running for 17.531)
2021-08-25 11:23:23 [main] INFO  c.m.d.t.t.k.s.TwitterToKafkaServiceApplication - Application starts ...
2021-08-25 11:23:23 [main] INFO  c.m.d.k.a.client.KafkaAdminClient - Creating 1 topic(s), attempt 0
2021-08-25 11:23:24 [main] INFO  c.m.d.k.a.client.KafkaAdminClient - Reading kafka topic [twitter-topic], attempt 0
2021-08-25 11:23:24 [kafka-admin-client-thread | adminclient-1] WARN  o.apache.kafka.clients.NetworkClient - [AdminClient clientId=adminclient-1] Connection to node -1 (kafka-broker-1/172.22.0.6:9092) could not be established. Broker may not be available.
2021-08-25 11:23:24 [kafka-admin-client-thread | adminclient-1] WARN  o.apache.kafka.clients.NetworkClient - [AdminClient clientId=adminclient-1] Connection to node -3 (kafka-broker-3/172.22.0.5:9092) could not be established. Broker may not be available.
2021-08-25 11:23:24 [kafka-admin-client-thread | adminclient-1] WARN  o.apache.kafka.clients.NetworkClient - [AdminClient clientId=adminclient-1] Connection to node -2 (kafka-broker-2/172.22.0.4:9092) could not be established. Broker may not be available.
2021-08-25 11:23:25 [kafka-admin-client-thread | adminclient-1] WARN  o.apache.kafka.clients.NetworkClient - [AdminClient clientId=adminclient-1] Connection to node -1 (kafka-broker-1/172.22.0.6:9092) could not be established. Broker may not be available.
2021-08-25 11:23:29 [main] INFO  c.m.d.k.a.client.KafkaAdminClient - Reading kafka topic [twitter-topic], attempt 0
2021-08-25 11:23:33 [main] INFO  c.m.d.k.a.client.KafkaAdminClient - Reading kafka topic [twitter-topic], attempt 0
2021-08-25 11:23:41 [main] INFO  c.m.d.k.a.client.KafkaAdminClient - Reading kafka topic [twitter-topic], attempt 0
2021-08-25 11:23:41 [main] INFO  o.s.b.a.l.ConditionEvaluationReportLoggingListener - 

Error starting ApplicationContext. To display the conditions report re-run your application with 'debug' enabled.
2021-08-25 11:23:41 [main] ERROR o.s.boot.SpringApplication - Application run failed
java.lang.IllegalStateException: Failed to execute CommandLineRunner
	at org.springframework.boot.SpringApplication.callRunner(SpringApplication.java:794)
	at org.springframework.boot.SpringApplication.callRunners(SpringApplication.java:775)
	at org.springframework.boot.SpringApplication.run(SpringApplication.java:345)
	at org.springframework.boot.SpringApplication.run(SpringApplication.java:1343)
	at org.springframework.boot.SpringApplication.run(SpringApplication.java:1332)
	at com.microservices.demo.twitter.to.kafka.service.TwitterToKafkaServiceApplication.main(TwitterToKafkaServiceApplication.java:28)
	at java.base/jdk.internal.reflect.NativeMethodAccessorImpl.invoke0(Native Method)
	at java.base/jdk.internal.reflect.NativeMethodAccessorImpl.invoke(Unknown Source)
	at java.base/jdk.internal.reflect.DelegatingMethodAccessorImpl.invoke(Unknown Source)
	at java.base/java.lang.reflect.Method.invoke(Unknown Source)
	at org.springframework.boot.loader.MainMethodRunner.run(MainMethodRunner.java:49)
	at org.springframework.boot.loader.Launcher.launch(Launcher.java:108)
	at org.springframework.boot.loader.Launcher.launch(Launcher.java:58)
	at org.springframework.boot.loader.JarLauncher.main(JarLauncher.java:88)
Caused by: com.microservices.demo.kafka.admin.exception.KafkaClientException: Reached max retries of reading kafka topic(s)!!
	at com.microservices.demo.kafka.admin.client.KafkaAdminClient.checkMaxRetry(KafkaAdminClient.java:119)
	at com.microservices.demo.kafka.admin.client.KafkaAdminClient.checkTopicsCreated(KafkaAdminClient.java:89)
	at com.microservices.demo.kafka.admin.client.KafkaAdminClient.createTopics(KafkaAdminClient.java:52)
	at com.microservices.demo.twitter.to.kafka.service.init.impl.KafkaStreamInitializer.init(KafkaStreamInitializer.java:24)
	at com.microservices.demo.twitter.to.kafka.service.TwitterToKafkaServiceApplication.run(TwitterToKafkaServiceApplication.java:35)
	at org.springframework.boot.SpringApplication.callRunner(SpringApplication.java:791)
	... 13 common frames omitted
2021-08-25 11:23:42 [main] INFO  c.m.d.k.p.c.s.i.TwitterKafkaProducer - Closing kafka producer!
2021-08-25 11:23:42 [kafka-admin-client-thread | adminclient-1] INFO  o.a.kafka.common.utils.AppInfoParser - App info kafka.admin.client for adminclient-1 unregistered
2021-08-25 11:23:42 [kafka-admin-client-thread | adminclient-1] INFO  o.a.kafka.common.metrics.Metrics - Metrics scheduler closed
2021-08-25 11:23:42 [kafka-admin-client-thread | adminclient-1] INFO  o.a.kafka.common.metrics.Metrics - Closing reporter org.apache.kafka.common.metrics.JmxReporter
2021-08-25 11:23:42 [kafka-admin-client-thread | adminclient-1] INFO  o.a.kafka.common.metrics.Metrics - Metrics reporters closed
2021-08-25 11:24:48 [main] INFO  c.m.d.t.t.k.s.TwitterToKafkaServiceApplication - Starting TwitterToKafkaServiceApplication v0.0.1-SNAPSHOT using Java 11.0.12 on 97121d4b850f with PID 1 (/workspace/BOOT-INF/classes started by cnb in /workspace)
2021-08-25 11:24:48 [main] INFO  c.m.d.t.t.k.s.TwitterToKafkaServiceApplication - No active profile set, falling back to default profiles: default
2021-08-25 11:24:50 [main] INFO  o.a.k.c.admin.AdminClientConfig - AdminClientConfig values: 
	bootstrap.servers = [kafka-broker-1:9092, kafka-broker-2:9092, kafka-broker-3:9092]
	client.dns.lookup = use_all_dns_ips
	client.id = 
	connections.max.idle.ms = 300000
	default.api.timeout.ms = 60000
	metadata.max.age.ms = 300000
	metric.reporters = []
	metrics.num.samples = 2
	metrics.recording.level = INFO
	metrics.sample.window.ms = 30000
	receive.buffer.bytes = 65536
	reconnect.backoff.max.ms = 1000
	reconnect.backoff.ms = 50
	request.timeout.ms = 30000
	retries = 2147483647
	retry.backoff.ms = 100
	sasl.client.callback.handler.class = null
	sasl.jaas.config = null
	sasl.kerberos.kinit.cmd = /usr/bin/kinit
	sasl.kerberos.min.time.before.relogin = 60000
	sasl.kerberos.service.name = null
	sasl.kerberos.ticket.renew.jitter = 0.05
	sasl.kerberos.ticket.renew.window.factor = 0.8
	sasl.login.callback.handler.class = null
	sasl.login.class = null
	sasl.login.refresh.buffer.seconds = 300
	sasl.login.refresh.min.period.seconds = 60
	sasl.login.refresh.window.factor = 0.8
	sasl.login.refresh.window.jitter = 0.05
	sasl.mechanism = GSSAPI
	security.protocol = PLAINTEXT
	security.providers = null
	send.buffer.bytes = 131072
	socket.connection.setup.timeout.max.ms = 127000
	socket.connection.setup.timeout.ms = 10000
	ssl.cipher.suites = null
	ssl.enabled.protocols = [TLSv1.2, TLSv1.3]
	ssl.endpoint.identification.algorithm = https
	ssl.engine.factory.class = null
	ssl.key.password = null
	ssl.keymanager.algorithm = SunX509
	ssl.keystore.certificate.chain = null
	ssl.keystore.key = null
	ssl.keystore.location = null
	ssl.keystore.password = null
	ssl.keystore.type = JKS
	ssl.protocol = TLSv1.3
	ssl.provider = null
	ssl.secure.random.implementation = null
	ssl.trustmanager.algorithm = PKIX
	ssl.truststore.certificates = null
	ssl.truststore.location = null
	ssl.truststore.password = null
	ssl.truststore.type = JKS

2021-08-25 11:24:50 [main] INFO  o.a.kafka.common.utils.AppInfoParser - Kafka version: 2.7.1
2021-08-25 11:24:50 [main] INFO  o.a.kafka.common.utils.AppInfoParser - Kafka commitId: 61dbce85d0d41457
2021-08-25 11:24:50 [main] INFO  o.a.kafka.common.utils.AppInfoParser - Kafka startTimeMs: 1629890690303
2021-08-25 11:24:51 [main] INFO  o.s.b.w.e.netty.NettyWebServer - Netty started on port 8080
2021-08-25 11:24:51 [main] INFO  c.m.d.t.t.k.s.TwitterToKafkaServiceApplication - Started TwitterToKafkaServiceApplication in 4.305 seconds (JVM running for 5.66)
2021-08-25 11:24:51 [main] INFO  c.m.d.t.t.k.s.TwitterToKafkaServiceApplication - Application starts ...
2021-08-25 11:24:51 [main] INFO  c.m.d.k.a.client.KafkaAdminClient - Creating 1 topic(s), attempt 0
2021-08-25 11:24:51 [main] INFO  c.m.d.k.a.client.KafkaAdminClient - Reading kafka topic [twitter-topic], attempt 0
2021-08-25 11:24:51 [main] INFO  c.m.d.k.a.client.KafkaAdminClient - Reading kafka topic [twitter-topic], attempt 0
2021-08-25 11:24:51 [main] INFO  c.m.d.t.t.k.s.i.i.KafkaStreamInitializer - Topics with name twitter-topic are ready for operations!
2021-08-25 11:24:51 [main] INFO  c.m.d.t.t.k.s.r.i.MockKafkaStreamRunner - Starting mock filtering twitter streams for keywords [Java, Microservices, Spring, Kafka, Elasticsearch]
2021-08-25 11:24:52 [pool-3-thread-1] INFO  c.m.d.t.t.k.s.l.TwitterKafkaStatusListener - Twitter status with text congue malesuada Lorem lectus lectus Microservices ipsum porttitor porttitor pulvinar to kafka topic twitter-topic
2021-08-25 11:24:52 [pool-3-thread-1] INFO  c.m.d.k.p.c.s.i.TwitterKafkaProducer - Sending message='{"userId": 6511988377453319938, "id": 1294866540789671059, "text": "congue malesuada Lorem lectus lectus Microservices ipsum porttitor porttitor pulvinar", "createdAt": 1629890691000}' to topic='twitter-topic'
2021-08-25 11:24:52 [pool-3-thread-1] INFO  o.a.k.c.producer.ProducerConfig - ProducerConfig values: 
	acks = -1
	batch.size = 1683400
	bootstrap.servers = [kafka-broker-1:9092, kafka-broker-2:9092, kafka-broker-3:9092]
	buffer.memory = 33554432
	client.dns.lookup = use_all_dns_ips
	client.id = producer-1
	compression.type = snappy
	connections.max.idle.ms = 540000
	delivery.timeout.ms = 120000
	enable.idempotence = false
	interceptor.classes = []
	internal.auto.downgrade.txn.commit = true
	key.serializer = class org.apache.kafka.common.serialization.LongSerializer
	linger.ms = 5
	max.block.ms = 60000
	max.in.flight.requests.per.connection = 5
	max.request.size = 1048576
	metadata.max.age.ms = 300000
	metadata.max.idle.ms = 300000
	metric.reporters = []
	metrics.num.samples = 2
	metrics.recording.level = INFO
	metrics.sample.window.ms = 30000
	partitioner.class = class org.apache.kafka.clients.producer.internals.DefaultPartitioner
	receive.buffer.bytes = 32768
	reconnect.backoff.max.ms = 1000
	reconnect.backoff.ms = 50
	request.timeout.ms = 6000
	retries = 5
	retry.backoff.ms = 100
	sasl.client.callback.handler.class = null
	sasl.jaas.config = null
	sasl.kerberos.kinit.cmd = /usr/bin/kinit
	sasl.kerberos.min.time.before.relogin = 60000
	sasl.kerberos.service.name = null
	sasl.kerberos.ticket.renew.jitter = 0.05
	sasl.kerberos.ticket.renew.window.factor = 0.8
	sasl.login.callback.handler.class = null
	sasl.login.class = null
	sasl.login.refresh.buffer.seconds = 300
	sasl.login.refresh.min.period.seconds = 60
	sasl.login.refresh.window.factor = 0.8
	sasl.login.refresh.window.jitter = 0.05
	sasl.mechanism = GSSAPI
	security.protocol = PLAINTEXT
	security.providers = null
	send.buffer.bytes = 131072
	socket.connection.setup.timeout.max.ms = 127000
	socket.connection.setup.timeout.ms = 10000
	ssl.cipher.suites = null
	ssl.enabled.protocols = [TLSv1.2, TLSv1.3]
	ssl.endpoint.identification.algorithm = https
	ssl.engine.factory.class = null
	ssl.key.password = null
	ssl.keymanager.algorithm = SunX509
	ssl.keystore.certificate.chain = null
	ssl.keystore.key = null
	ssl.keystore.location = null
	ssl.keystore.password = null
	ssl.keystore.type = JKS
	ssl.protocol = TLSv1.3
	ssl.provider = null
	ssl.secure.random.implementation = null
	ssl.trustmanager.algorithm = PKIX
	ssl.truststore.certificates = null
	ssl.truststore.location = null
	ssl.truststore.password = null
	ssl.truststore.type = JKS
	transaction.timeout.ms = 60000
	transactional.id = null
	value.serializer = class io.confluent.kafka.serializers.KafkaAvroSerializer

2021-08-25 11:24:52 [pool-3-thread-1] INFO  i.c.k.s.KafkaAvroSerializerConfig - KafkaAvroSerializerConfig values: 
	auto.register.schemas = true
	avro.reflection.allow.null = false
	avro.remove.java.properties = false
	avro.use.logical.type.converters = false
	basic.auth.credentials.source = URL
	basic.auth.user.info = [hidden]
	bearer.auth.credentials.source = STATIC_TOKEN
	bearer.auth.token = [hidden]
	key.subject.name.strategy = class io.confluent.kafka.serializers.subject.TopicNameStrategy
	latest.compatibility.strict = true
	max.schemas.per.subject = 1000
	proxy.host = 
	proxy.port = -1
	schema.reflection = false
	schema.registry.basic.auth.user.info = [hidden]
	schema.registry.ssl.cipher.suites = null
	schema.registry.ssl.enabled.protocols = [TLSv1.2, TLSv1.3]
	schema.registry.ssl.endpoint.identification.algorithm = https
	schema.registry.ssl.engine.factory.class = null
	schema.registry.ssl.key.password = null
	schema.registry.ssl.keymanager.algorithm = SunX509
	schema.registry.ssl.keystore.certificate.chain = null
	schema.registry.ssl.keystore.key = null
	schema.registry.ssl.keystore.location = null
	schema.registry.ssl.keystore.password = null
	schema.registry.ssl.keystore.type = JKS
	schema.registry.ssl.protocol = TLSv1.3
	schema.registry.ssl.provider = null
	schema.registry.ssl.secure.random.implementation = null
	schema.registry.ssl.trustmanager.algorithm = PKIX
	schema.registry.ssl.truststore.certificates = null
	schema.registry.ssl.truststore.location = null
	schema.registry.ssl.truststore.password = null
	schema.registry.ssl.truststore.type = JKS
	schema.registry.url = [http://schema-registry:8081]
	use.latest.version = false
	value.subject.name.strategy = class io.confluent.kafka.serializers.subject.TopicNameStrategy

2021-08-25 11:24:52 [pool-3-thread-1] INFO  o.a.kafka.common.utils.AppInfoParser - Kafka version: 2.7.1
2021-08-25 11:24:52 [pool-3-thread-1] INFO  o.a.kafka.common.utils.AppInfoParser - Kafka commitId: 61dbce85d0d41457
2021-08-25 11:24:52 [pool-3-thread-1] INFO  o.a.kafka.common.utils.AppInfoParser - Kafka startTimeMs: 1629890692401
2021-08-25 11:24:52 [kafka-producer-network-thread | producer-1] INFO  org.apache.kafka.clients.Metadata - [Producer clientId=producer-1] Cluster ID: j5VmrGLVRhuN-eePKFvURg
2021-08-25 11:25:03 [pool-3-thread-1] INFO  c.m.d.t.t.k.s.l.TwitterKafkaStatusListener - Twitter status with text malesuada sed congue consectetuer Fusce elit magna Java ipsum porttitor consectetuer adipiscing Lorem to kafka topic twitter-topic
2021-08-25 11:25:03 [pool-3-thread-1] INFO  c.m.d.k.p.c.s.i.TwitterKafkaProducer - Sending message='{"userId": 832607975422591258, "id": 580532020226223308, "text": "malesuada sed congue consectetuer Fusce elit magna Java ipsum porttitor consectetuer adipiscing Lorem", "createdAt": 1629890703000}' to topic='twitter-topic'
2021-08-25 11:25:13 [pool-3-thread-1] INFO  c.m.d.t.t.k.s.l.TwitterKafkaStatusListener - Twitter status with text lectus malesuada malesuada lectus sit pulvinar libero Spring libero malesuada dolor ultricies congue posuere to kafka topic twitter-topic
2021-08-25 11:25:13 [pool-3-thread-1] INFO  c.m.d.k.p.c.s.i.TwitterKafkaProducer - Sending message='{"userId": 4088571351722507370, "id": 3907810877923088493, "text": "lectus malesuada malesuada lectus sit pulvinar libero Spring libero malesuada dolor ultricies congue posuere", "createdAt": 1629890713000}' to topic='twitter-topic'
2021-08-25 11:25:23 [pool-3-thread-1] INFO  c.m.d.t.t.k.s.l.TwitterKafkaStatusListener - Twitter status with text sit posuere Maecenas ultricies Fusce Kafka elit sed massa sed to kafka topic twitter-topic
2021-08-25 11:25:23 [pool-3-thread-1] INFO  c.m.d.k.p.c.s.i.TwitterKafkaProducer - Sending message='{"userId": 3990074370308358461, "id": 1160449392914774454, "text": "sit posuere Maecenas ultricies Fusce Kafka elit sed massa sed", "createdAt": 1629890723000}' to topic='twitter-topic'
2021-08-25 11:25:33 [pool-3-thread-1] INFO  c.m.d.t.t.k.s.l.TwitterKafkaStatusListener - Twitter status with text massa ipsum consectetuer pulvinar sed purus Java lectus purus consectetuer ultricies purus to kafka topic twitter-topic
2021-08-25 11:25:33 [pool-3-thread-1] INFO  c.m.d.k.p.c.s.i.TwitterKafkaProducer - Sending message='{"userId": 4484309405870490069, "id": 8664945235102268104, "text": "massa ipsum consectetuer pulvinar sed purus Java lectus purus consectetuer ultricies purus", "createdAt": 1629890733000}' to topic='twitter-topic'
2021-08-25 11:25:43 [pool-3-thread-1] INFO  c.m.d.t.t.k.s.l.TwitterKafkaStatusListener - Twitter status with text elit malesuada ultricies Maecenas dolor adipiscing Java sed congue magna purus massa to kafka topic twitter-topic
2021-08-25 11:25:43 [pool-3-thread-1] INFO  c.m.d.k.p.c.s.i.TwitterKafkaProducer - Sending message='{"userId": 7413080173247125660, "id": 7741684107541658953, "text": "elit malesuada ultricies Maecenas dolor adipiscing Java sed congue magna purus massa", "createdAt": 1629890743000}' to topic='twitter-topic'
2021-08-25 11:25:53 [pool-3-thread-1] INFO  c.m.d.t.t.k.s.l.TwitterKafkaStatusListener - Twitter status with text malesuada purus amet posuere amet congue dolor ipsum Microservices purus magna posuere adipiscing ultricies malesuada lectus to kafka topic twitter-topic
2021-08-25 11:25:53 [pool-3-thread-1] INFO  c.m.d.k.p.c.s.i.TwitterKafkaProducer - Sending message='{"userId": 4522770431167846096, "id": 5373112340533340108, "text": "malesuada purus amet posuere amet congue dolor ipsum Microservices purus magna posuere adipiscing ultricies malesuada lectus", "createdAt": 1629890753000}' to topic='twitter-topic'
2021-08-25 11:26:03 [pool-3-thread-1] INFO  c.m.d.t.t.k.s.l.TwitterKafkaStatusListener - Twitter status with text sed porttitor Lorem Maecenas Kafka Lorem posuere sed to kafka topic twitter-topic
2021-08-25 11:26:03 [pool-3-thread-1] INFO  c.m.d.k.p.c.s.i.TwitterKafkaProducer - Sending message='{"userId": 1373036034712094745, "id": 8531226277285624694, "text": "sed porttitor Lorem Maecenas Kafka Lorem posuere sed", "createdAt": 1629890763000}' to topic='twitter-topic'
2021-08-25 11:26:13 [pool-3-thread-1] INFO  c.m.d.t.t.k.s.l.TwitterKafkaStatusListener - Twitter status with text congue pulvinar Lorem lectus Elasticsearch posuere sed elit to kafka topic twitter-topic
2021-08-25 11:26:13 [pool-3-thread-1] INFO  c.m.d.k.p.c.s.i.TwitterKafkaProducer - Sending message='{"userId": 6558697584188250538, "id": 5848144810632190694, "text": "congue pulvinar Lorem lectus Elasticsearch posuere sed elit", "createdAt": 1629890773000}' to topic='twitter-topic'
2021-08-25 11:26:23 [pool-3-thread-1] INFO  c.m.d.t.t.k.s.l.TwitterKafkaStatusListener - Twitter status with text pulvinar purus elit massa Kafka Fusce sit to kafka topic twitter-topic
2021-08-25 11:26:23 [pool-3-thread-1] INFO  c.m.d.k.p.c.s.i.TwitterKafkaProducer - Sending message='{"userId": 2060675185276960398, "id": 3488396049672479490, "text": "pulvinar purus elit massa Kafka Fusce sit", "createdAt": 1629890783000}' to topic='twitter-topic'
2021-08-25 11:26:33 [pool-3-thread-1] INFO  c.m.d.t.t.k.s.l.TwitterKafkaStatusListener - Twitter status with text elit congue massa libero Lorem malesuada Kafka Fusce ultricies sed posuere lectus to kafka topic twitter-topic
2021-08-25 11:26:33 [pool-3-thread-1] INFO  c.m.d.k.p.c.s.i.TwitterKafkaProducer - Sending message='{"userId": 1148691174896193663, "id": 31536585437451205, "text": "elit congue massa libero Lorem malesuada Kafka Fusce ultricies sed posuere lectus", "createdAt": 1629890793000}' to topic='twitter-topic'
2021-08-25 11:26:43 [pool-3-thread-1] INFO  c.m.d.t.t.k.s.l.TwitterKafkaStatusListener - Twitter status with text adipiscing libero dolor Elasticsearch malesuada pulvinar to kafka topic twitter-topic
2021-08-25 11:26:43 [pool-3-thread-1] INFO  c.m.d.k.p.c.s.i.TwitterKafkaProducer - Sending message='{"userId": 6643650940063255564, "id": 4931772581565596945, "text": "adipiscing libero dolor Elasticsearch malesuada pulvinar", "createdAt": 1629890803000}' to topic='twitter-topic'
2021-08-25 11:26:53 [pool-3-thread-1] INFO  c.m.d.t.t.k.s.l.TwitterKafkaStatusListener - Twitter status with text Maecenas adipiscing adipiscing ultricies massa Fusce Elasticsearch ipsum sit libero ultricies to kafka topic twitter-topic
2021-08-25 11:26:53 [pool-3-thread-1] INFO  c.m.d.k.p.c.s.i.TwitterKafkaProducer - Sending message='{"userId": 5646339794829930799, "id": 8090895530681798884, "text": "Maecenas adipiscing adipiscing ultricies massa Fusce Elasticsearch ipsum sit libero ultricies", "createdAt": 1629890813000}' to topic='twitter-topic'
2021-08-25 11:27:03 [pool-3-thread-1] INFO  c.m.d.t.t.k.s.l.TwitterKafkaStatusListener - Twitter status with text pulvinar Maecenas magna malesuada posuere amet magna Elasticsearch amet posuere Fusce adipiscing pulvinar to kafka topic twitter-topic
2021-08-25 11:27:03 [pool-3-thread-1] INFO  c.m.d.k.p.c.s.i.TwitterKafkaProducer - Sending message='{"userId": 7388155312995637066, "id": 1686378706120717970, "text": "pulvinar Maecenas magna malesuada posuere amet magna Elasticsearch amet posuere Fusce adipiscing pulvinar", "createdAt": 1629890823000}' to topic='twitter-topic'
2021-08-25 11:27:13 [pool-3-thread-1] INFO  c.m.d.t.t.k.s.l.TwitterKafkaStatusListener - Twitter status with text lectus elit Lorem Elasticsearch pulvinar consectetuer to kafka topic twitter-topic
2021-08-25 11:27:13 [pool-3-thread-1] INFO  c.m.d.k.p.c.s.i.TwitterKafkaProducer - Sending message='{"userId": 1751461486318450000, "id": 3772303104909249230, "text": "lectus elit Lorem Elasticsearch pulvinar consectetuer", "createdAt": 1629890833000}' to topic='twitter-topic'
2021-08-25 11:27:23 [pool-3-thread-1] INFO  c.m.d.t.t.k.s.l.TwitterKafkaStatusListener - Twitter status with text Lorem dolor purus pulvinar consectetuer Microservices sed libero ipsum to kafka topic twitter-topic
2021-08-25 11:27:23 [pool-3-thread-1] INFO  c.m.d.k.p.c.s.i.TwitterKafkaProducer - Sending message='{"userId": 7634853737547584719, "id": 9113743540108894079, "text": "Lorem dolor purus pulvinar consectetuer Microservices sed libero ipsum", "createdAt": 1629890843000}' to topic='twitter-topic'
2021-08-25 11:27:33 [pool-3-thread-1] INFO  c.m.d.t.t.k.s.l.TwitterKafkaStatusListener - Twitter status with text posuere sed posuere malesuada massa elit congue sit Spring libero lectus adipiscing sit malesuada lectus lectus to kafka topic twitter-topic
2021-08-25 11:27:33 [pool-3-thread-1] INFO  c.m.d.k.p.c.s.i.TwitterKafkaProducer - Sending message='{"userId": 1991550212645304217, "id": 363844130509819058, "text": "posuere sed posuere malesuada massa elit congue sit Spring libero lectus adipiscing sit malesuada lectus lectus", "createdAt": 1629890853000}' to topic='twitter-topic'
2021-08-25 11:27:43 [pool-3-thread-1] INFO  c.m.d.t.t.k.s.l.TwitterKafkaStatusListener - Twitter status with text sed ipsum Fusce malesuada consectetuer Kafka ultricies adipiscing pulvinar to kafka topic twitter-topic
2021-08-25 11:27:43 [pool-3-thread-1] INFO  c.m.d.k.p.c.s.i.TwitterKafkaProducer - Sending message='{"userId": 8126721488447527913, "id": 7034091591834075986, "text": "sed ipsum Fusce malesuada consectetuer Kafka ultricies adipiscing pulvinar", "createdAt": 1629890863000}' to topic='twitter-topic'
2021-08-25 11:27:53 [pool-3-thread-1] INFO  c.m.d.t.t.k.s.l.TwitterKafkaStatusListener - Twitter status with text purus dolor ipsum ipsum sed sit purus Microservices Lorem porttitor amet malesuada congue massa to kafka topic twitter-topic
2021-08-25 11:27:53 [pool-3-thread-1] INFO  c.m.d.k.p.c.s.i.TwitterKafkaProducer - Sending message='{"userId": 8930420304475428193, "id": 7040890004979658958, "text": "purus dolor ipsum ipsum sed sit purus Microservices Lorem porttitor amet malesuada congue massa", "createdAt": 1629890873000}' to topic='twitter-topic'
2021-08-25 11:28:03 [pool-3-thread-1] INFO  c.m.d.t.t.k.s.l.TwitterKafkaStatusListener - Twitter status with text purus malesuada Maecenas ultricies libero ipsum massa Microservices consectetuer sit pulvinar libero elit to kafka topic twitter-topic
2021-08-25 11:28:03 [pool-3-thread-1] INFO  c.m.d.k.p.c.s.i.TwitterKafkaProducer - Sending message='{"userId": 8701388518853388681, "id": 9109134677570038049, "text": "purus malesuada Maecenas ultricies libero ipsum massa Microservices consectetuer sit pulvinar libero elit", "createdAt": 1629890883000}' to topic='twitter-topic'
2021-08-25 11:28:13 [pool-3-thread-1] INFO  c.m.d.t.t.k.s.l.TwitterKafkaStatusListener - Twitter status with text magna adipiscing posuere sed Elasticsearch consectetuer posuere sed to kafka topic twitter-topic
2021-08-25 11:28:13 [pool-3-thread-1] INFO  c.m.d.k.p.c.s.i.TwitterKafkaProducer - Sending message='{"userId": 4806951630915183261, "id": 5805029536189588796, "text": "magna adipiscing posuere sed Elasticsearch consectetuer posuere sed", "createdAt": 1629890893000}' to topic='twitter-topic'
2021-08-25 11:28:23 [pool-3-thread-1] INFO  c.m.d.t.t.k.s.l.TwitterKafkaStatusListener - Twitter status with text massa congue posuere lectus sed Microservices adipiscing libero posuere to kafka topic twitter-topic
2021-08-25 11:28:23 [pool-3-thread-1] INFO  c.m.d.k.p.c.s.i.TwitterKafkaProducer - Sending message='{"userId": 3305111610540443827, "id": 593137858605398580, "text": "massa congue posuere lectus sed Microservices adipiscing libero posuere", "createdAt": 1629890903000}' to topic='twitter-topic'
2021-08-25 11:28:33 [pool-3-thread-1] INFO  c.m.d.t.t.k.s.l.TwitterKafkaStatusListener - Twitter status with text magna posuere ipsum lectus dolor adipiscing porttitor amet Elasticsearch libero posuere ipsum porttitor malesuada pulvinar to kafka topic twitter-topic
2021-08-25 11:28:33 [pool-3-thread-1] INFO  c.m.d.k.p.c.s.i.TwitterKafkaProducer - Sending message='{"userId": 1484705179715263944, "id": 7208648131016904122, "text": "magna posuere ipsum lectus dolor adipiscing porttitor amet Elasticsearch libero posuere ipsum porttitor malesuada pulvinar", "createdAt": 1629890913000}' to topic='twitter-topic'
2021-08-25 11:28:43 [pool-3-thread-1] INFO  c.m.d.t.t.k.s.l.TwitterKafkaStatusListener - Twitter status with text porttitor purus ultricies porttitor Java elit Maecenas posuere to kafka topic twitter-topic
2021-08-25 11:28:43 [pool-3-thread-1] INFO  c.m.d.k.p.c.s.i.TwitterKafkaProducer - Sending message='{"userId": 1311754619307099294, "id": 1106061408924055645, "text": "porttitor purus ultricies porttitor Java elit Maecenas posuere", "createdAt": 1629890923000}' to topic='twitter-topic'
2021-08-25 11:28:53 [pool-3-thread-1] INFO  c.m.d.t.t.k.s.l.TwitterKafkaStatusListener - Twitter status with text posuere pulvinar porttitor libero Elasticsearch amet Fusce sit to kafka topic twitter-topic
2021-08-25 11:28:53 [pool-3-thread-1] INFO  c.m.d.k.p.c.s.i.TwitterKafkaProducer - Sending message='{"userId": 3530773247205534977, "id": 2025373144956434785, "text": "posuere pulvinar porttitor libero Elasticsearch amet Fusce sit", "createdAt": 1629890933000}' to topic='twitter-topic'
2021-08-25 11:29:03 [SpringApplicationShutdownHook] INFO  c.m.d.k.p.c.s.i.TwitterKafkaProducer - Closing kafka producer!
2021-08-25 11:29:03 [SpringApplicationShutdownHook] INFO  o.a.k.clients.producer.KafkaProducer - [Producer clientId=producer-1] Closing the Kafka producer with timeoutMillis = 30000 ms.
2021-08-25 11:29:03 [SpringApplicationShutdownHook] INFO  o.a.kafka.common.metrics.Metrics - Metrics scheduler closed
2021-08-25 11:29:03 [SpringApplicationShutdownHook] INFO  o.a.kafka.common.metrics.Metrics - Closing reporter org.apache.kafka.common.metrics.JmxReporter
2021-08-25 11:29:03 [SpringApplicationShutdownHook] INFO  o.a.kafka.common.metrics.Metrics - Metrics reporters closed
2021-08-25 11:29:03 [SpringApplicationShutdownHook] INFO  o.a.kafka.common.utils.AppInfoParser - App info kafka.producer for producer-1 unregistered
2021-08-25 11:29:03 [kafka-admin-client-thread | adminclient-1] INFO  o.a.kafka.common.utils.AppInfoParser - App info kafka.admin.client for adminclient-1 unregistered
2021-08-25 11:29:03 [kafka-admin-client-thread | adminclient-1] INFO  o.a.kafka.common.metrics.Metrics - Metrics scheduler closed
2021-08-25 11:29:03 [kafka-admin-client-thread | adminclient-1] INFO  o.a.kafka.common.metrics.Metrics - Closing reporter org.apache.kafka.common.metrics.JmxReporter
2021-08-25 11:29:03 [kafka-admin-client-thread | adminclient-1] INFO  o.a.kafka.common.metrics.Metrics - Metrics reporters closed
2021-08-25 11:29:03 [pool-3-thread-1] INFO  c.m.d.t.t.k.s.l.TwitterKafkaStatusListener - Twitter status with text elit libero Fusce massa malesuada Elasticsearch adipiscing sit porttitor dolor to kafka topic twitter-topic
2021-08-25 11:29:03 [pool-3-thread-1] INFO  c.m.d.k.p.c.s.i.TwitterKafkaProducer - Sending message='{"userId": 7053016627076689680, "id": 7477589686627521873, "text": "elit libero Fusce massa malesuada Elasticsearch adipiscing sit porttitor dolor", "createdAt": 1629890943000}' to topic='twitter-topic'
2021-08-25 11:29:03 [pool-3-thread-1] INFO  o.a.k.c.producer.ProducerConfig - ProducerConfig values: 
	acks = -1
	batch.size = 1683400
	bootstrap.servers = [kafka-broker-1:9092, kafka-broker-2:9092, kafka-broker-3:9092]
	buffer.memory = 33554432
	client.dns.lookup = use_all_dns_ips
	client.id = producer-2
	compression.type = snappy
	connections.max.idle.ms = 540000
	delivery.timeout.ms = 120000
	enable.idempotence = false
	interceptor.classes = []
	internal.auto.downgrade.txn.commit = true
	key.serializer = class org.apache.kafka.common.serialization.LongSerializer
	linger.ms = 5
	max.block.ms = 60000
	max.in.flight.requests.per.connection = 5
	max.request.size = 1048576
	metadata.max.age.ms = 300000
	metadata.max.idle.ms = 300000
	metric.reporters = []
	metrics.num.samples = 2
	metrics.recording.level = INFO
	metrics.sample.window.ms = 30000
	partitioner.class = class org.apache.kafka.clients.producer.internals.DefaultPartitioner
	receive.buffer.bytes = 32768
	reconnect.backoff.max.ms = 1000
	reconnect.backoff.ms = 50
	request.timeout.ms = 6000
	retries = 5
	retry.backoff.ms = 100
	sasl.client.callback.handler.class = null
	sasl.jaas.config = null
	sasl.kerberos.kinit.cmd = /usr/bin/kinit
	sasl.kerberos.min.time.before.relogin = 60000
	sasl.kerberos.service.name = null
	sasl.kerberos.ticket.renew.jitter = 0.05
	sasl.kerberos.ticket.renew.window.factor = 0.8
	sasl.login.callback.handler.class = null
	sasl.login.class = null
	sasl.login.refresh.buffer.seconds = 300
	sasl.login.refresh.min.period.seconds = 60
	sasl.login.refresh.window.factor = 0.8
	sasl.login.refresh.window.jitter = 0.05
	sasl.mechanism = GSSAPI
	security.protocol = PLAINTEXT
	security.providers = null
	send.buffer.bytes = 131072
	socket.connection.setup.timeout.max.ms = 127000
	socket.connection.setup.timeout.ms = 10000
	ssl.cipher.suites = null
	ssl.enabled.protocols = [TLSv1.2, TLSv1.3]
	ssl.endpoint.identification.algorithm = https
	ssl.engine.factory.class = null
	ssl.key.password = null
	ssl.keymanager.algorithm = SunX509
	ssl.keystore.certificate.chain = null
	ssl.keystore.key = null
	ssl.keystore.location = null
	ssl.keystore.password = null
	ssl.keystore.type = JKS
	ssl.protocol = TLSv1.3
	ssl.provider = null
	ssl.secure.random.implementation = null
	ssl.trustmanager.algorithm = PKIX
	ssl.truststore.certificates = null
	ssl.truststore.location = null
	ssl.truststore.password = null
	ssl.truststore.type = JKS
	transaction.timeout.ms = 60000
	transactional.id = null
	value.serializer = class io.confluent.kafka.serializers.KafkaAvroSerializer

2021-08-25 11:29:03 [pool-3-thread-1] INFO  i.c.k.s.KafkaAvroSerializerConfig - KafkaAvroSerializerConfig values: 
	auto.register.schemas = true
	avro.reflection.allow.null = false
	avro.remove.java.properties = false
	avro.use.logical.type.converters = false
	basic.auth.credentials.source = URL
	basic.auth.user.info = [hidden]
	bearer.auth.credentials.source = STATIC_TOKEN
	bearer.auth.token = [hidden]
	key.subject.name.strategy = class io.confluent.kafka.serializers.subject.TopicNameStrategy
	latest.compatibility.strict = true
	max.schemas.per.subject = 1000
	proxy.host = 
	proxy.port = -1
	schema.reflection = false
	schema.registry.basic.auth.user.info = [hidden]
	schema.registry.ssl.cipher.suites = null
	schema.registry.ssl.enabled.protocols = [TLSv1.2, TLSv1.3]
	schema.registry.ssl.endpoint.identification.algorithm = https
	schema.registry.ssl.engine.factory.class = null
	schema.registry.ssl.key.password = null
	schema.registry.ssl.keymanager.algorithm = SunX509
	schema.registry.ssl.keystore.certificate.chain = null
	schema.registry.ssl.keystore.key = null
	schema.registry.ssl.keystore.location = null
	schema.registry.ssl.keystore.password = null
	schema.registry.ssl.keystore.type = JKS
	schema.registry.ssl.protocol = TLSv1.3
	schema.registry.ssl.provider = null
	schema.registry.ssl.secure.random.implementation = null
	schema.registry.ssl.trustmanager.algorithm = PKIX
	schema.registry.ssl.truststore.certificates = null
	schema.registry.ssl.truststore.location = null
	schema.registry.ssl.truststore.password = null
	schema.registry.ssl.truststore.type = JKS
	schema.registry.url = [http://schema-registry:8081]
	use.latest.version = false
	value.subject.name.strategy = class io.confluent.kafka.serializers.subject.TopicNameStrategy

2021-08-25 11:29:03 [pool-3-thread-1] INFO  o.a.kafka.common.utils.AppInfoParser - Kafka version: 2.7.1
2021-08-25 11:29:03 [pool-3-thread-1] INFO  o.a.kafka.common.utils.AppInfoParser - Kafka commitId: 61dbce85d0d41457
2021-08-25 11:29:03 [pool-3-thread-1] INFO  o.a.kafka.common.utils.AppInfoParser - Kafka startTimeMs: 1629890943639
2021-08-25 11:29:03 [kafka-producer-network-thread | producer-2] INFO  org.apache.kafka.clients.Metadata - [Producer clientId=producer-2] Cluster ID: j5VmrGLVRhuN-eePKFvURg
2021-08-25 11:29:03 [pool-3-thread-1] ERROR i.c.k.s.client.rest.RestService - Failed to send HTTP request to endpoint: http://schema-registry:8081/subjects/twitter-topic-value/versions
java.net.ConnectException: Connection refused (Connection refused)
	at java.base/java.net.PlainSocketImpl.socketConnect(Native Method)
	at java.base/java.net.AbstractPlainSocketImpl.doConnect(Unknown Source)
	at java.base/java.net.AbstractPlainSocketImpl.connectToAddress(Unknown Source)
	at java.base/java.net.AbstractPlainSocketImpl.connect(Unknown Source)
	at java.base/java.net.Socket.connect(Unknown Source)
	at java.base/sun.net.NetworkClient.doConnect(Unknown Source)
	at java.base/sun.net.www.http.HttpClient.openServer(Unknown Source)
	at java.base/sun.net.www.http.HttpClient.openServer(Unknown Source)
	at java.base/sun.net.www.http.HttpClient.<init>(Unknown Source)
	at java.base/sun.net.www.http.HttpClient.New(Unknown Source)
	at java.base/sun.net.www.http.HttpClient.New(Unknown Source)
	at java.base/sun.net.www.protocol.http.HttpURLConnection.getNewHttpClient(Unknown Source)
	at java.base/sun.net.www.protocol.http.HttpURLConnection.plainConnect0(Unknown Source)
	at java.base/sun.net.www.protocol.http.HttpURLConnection.plainConnect(Unknown Source)
	at java.base/sun.net.www.protocol.http.HttpURLConnection.connect(Unknown Source)
	at java.base/sun.net.www.protocol.http.HttpURLConnection.getOutputStream0(Unknown Source)
	at java.base/sun.net.www.protocol.http.HttpURLConnection.getOutputStream(Unknown Source)
	at io.confluent.kafka.schemaregistry.client.rest.RestService.sendHttpRequest(RestService.java:266)
	at io.confluent.kafka.schemaregistry.client.rest.RestService.httpRequest(RestService.java:365)
	at io.confluent.kafka.schemaregistry.client.rest.RestService.registerSchema(RestService.java:508)
	at io.confluent.kafka.schemaregistry.client.rest.RestService.registerSchema(RestService.java:499)
	at io.confluent.kafka.schemaregistry.client.rest.RestService.registerSchema(RestService.java:472)
	at io.confluent.kafka.schemaregistry.client.CachedSchemaRegistryClient.registerAndGetId(CachedSchemaRegistryClient.java:213)
	at io.confluent.kafka.schemaregistry.client.CachedSchemaRegistryClient.register(CachedSchemaRegistryClient.java:275)
	at io.confluent.kafka.schemaregistry.client.CachedSchemaRegistryClient.register(CachedSchemaRegistryClient.java:251)
	at io.confluent.kafka.serializers.AbstractKafkaAvroSerializer.serializeImpl(AbstractKafkaAvroSerializer.java:103)
	at io.confluent.kafka.serializers.KafkaAvroSerializer.serialize(KafkaAvroSerializer.java:61)
	at org.apache.kafka.common.serialization.Serializer.serialize(Serializer.java:62)
	at org.apache.kafka.clients.producer.KafkaProducer.doSend(KafkaProducer.java:926)
	at org.apache.kafka.clients.producer.KafkaProducer.send(KafkaProducer.java:886)
	at org.springframework.kafka.core.DefaultKafkaProducerFactory$CloseSafeProducer.send(DefaultKafkaProducerFactory.java:864)
	at org.springframework.kafka.core.KafkaTemplate.doSend(KafkaTemplate.java:580)
	at org.springframework.kafka.core.KafkaTemplate.send(KafkaTemplate.java:386)
	at com.microservices.demo.kafka.producer.config.service.impl.TwitterKafkaProducer.send(TwitterKafkaProducer.java:31)
	at com.microservices.demo.kafka.producer.config.service.impl.TwitterKafkaProducer.send(TwitterKafkaProducer.java:16)
	at com.microservices.demo.twitter.to.kafka.service.listener.TwitterKafkaStatusListener.onStatus(TwitterKafkaStatusListener.java:32)
	at com.microservices.demo.twitter.to.kafka.service.runner.impl.MockKafkaStreamRunner.lambda$simulateTwitterStream$0(MockKafkaStreamRunner.java:91)
	at java.base/java.util.concurrent.Executors$RunnableAdapter.call(Unknown Source)
	at java.base/java.util.concurrent.FutureTask.run(Unknown Source)
	at java.base/java.util.concurrent.ThreadPoolExecutor.runWorker(Unknown Source)
	at java.base/java.util.concurrent.ThreadPoolExecutor$Worker.run(Unknown Source)
	at java.base/java.lang.Thread.run(Unknown Source)
